#
# A fatal error has been detected by the Java Runtime Environment:
#
#  EXCEPTION_ACCESS_VIOLATION (0xc0000005) at pc=0x00007ffa7e041323, pid=3748, tid=3640
#
# JRE version: Java(TM) SE Runtime Environment (15.0.2+7) (build 15.0.2+7-27)
# Java VM: Java HotSpot(TM) 64-Bit Server VM (15.0.2+7-27, mixed mode, sharing, tiered, compressed oops, g1 gc, windows-amd64)
# Problematic frame:
# C  [ntdll.dll+0x41323]
#
# No core dump will be written. Minidumps are not enabled by default on client versions of Windows
#
# If you would like to submit a bug report, please visit:
#   https://bugreport.java.com/bugreport/crash.jsp
#

---------------  S U M M A R Y ------------

Command Line: -Dfile.encoding=windows-1252 -Duser.country=US -Duser.language=en -Duser.variant Main

Host: Intel(R) Core(TM) i7-10875H CPU @ 2.30GHz, 16 cores, 15G,  Windows 10 , 64 bit Build 18362 (10.0.18362.1350)
Time: Tue Mar 23 10:16:44 2021 Central Europe Standard Time elapsed time: 36.206805 seconds (0d 0h 0m 36s)

---------------  T H R E A D  ---------------

Current thread (0x000001ccff50c3e0):  JavaThread "Reference Handler" daemon [_thread_in_vm, id=3640, stack(0x0000009e2b200000,0x0000009e2b300000)]

Stack: [0x0000009e2b200000,0x0000009e2b300000],  sp=0x0000009e2b2ff000,  free space=1020k
Native frames: (J=compiled Java code, j=interpreted, Vv=VM code, C=native code)
C  [ntdll.dll+0x41323]
C  [ntdll.dll+0x406e1]
C  [ucrtbase.dll+0x114cb]
V  [jvm.dll+0x76387e]
C  0x000001cc8000f177

Java frames: (J=compiled Java code, j=interpreted, Vv=VM code)
j  jdk.internal.misc.Unsafe.freeMemory0(J)V+0 java.base@15.0.2
j  jdk.internal.misc.Unsafe.freeMemory(J)V+14 java.base@15.0.2
j  java.nio.DirectByteBuffer$Deallocator.run()V+17 java.base@15.0.2
j  jdk.internal.ref.Cleaner.clean()V+12 java.base@15.0.2
j  java.lang.ref.Reference.processPendingReferences()V+54 java.base@15.0.2
j  java.lang.ref.Reference$ReferenceHandler.run()V+0 java.base@15.0.2
v  ~StubRoutines::call_stub

siginfo: EXCEPTION_ACCESS_VIOLATION (0xc0000005), reading address 0x000001cc98af176f


Register to memory mapping:

RIP=0x00007ffa7e041323 ntdll.dll
RAX=0x0 is NULL
RBX=0x000001ccea2c0000 points into unknown readable memory: 0x0000000000000000 | 00 00 00 00 00 00 00 00
RCX=0x000001ccea2c0000 points into unknown readable memory: 0x0000000000000000 | 00 00 00 00 00 00 00 00
RDX=0x000001cc98af1770 is an unknown value
RSP=0x0000009e2b2ff000 is pointing into the stack for thread: 0x000001ccff50c3e0
RBP=0x000001ccea2c0000 points into unknown readable memory: 0x0000000000000000 | 00 00 00 00 00 00 00 00
RSI=0x000001cc98af1770 is an unknown value
RDI=0x0 is NULL
R8 =0x0 is NULL
R9 =0x0 is NULL
R10=0x000001cc8000f148 is at code_begin+1000 in an Interpreter codelet
method entry point (kind = native)  [0x000001cc8000ed60, 0x000001cc8000f7e0]  2688 bytes
R11=0x0000000000000102 is an unknown value
R12=0x0 is NULL
R13=0x000001cc98af1760 is an unknown value
R14=0x0000009e2b2ff208 is pointing into the stack for thread: 0x000001ccff50c3e0
R15=0x0 is NULL


Registers:
RAX=0x0000000000000000, RBX=0x000001ccea2c0000, RCX=0x000001ccea2c0000, RDX=0x000001cc98af1770
RSP=0x0000009e2b2ff000, RBP=0x000001ccea2c0000, RSI=0x000001cc98af1770, RDI=0x0000000000000000
R8 =0x0000000000000000, R9 =0x0000000000000000, R10=0x000001cc8000f148, R11=0x0000000000000102
R12=0x0000000000000000, R13=0x000001cc98af1760, R14=0x0000009e2b2ff208, R15=0x0000000000000000
RIP=0x00007ffa7e041323, EFLAGS=0x0000000000010246

Top of Stack: (sp=0x0000009e2b2ff000)
0x0000009e2b2ff000:   000001ccff50c3e0 00007ff9fd8cd7c4
0x0000009e2b2ff010:   000000080004a908 00000008005cf676
0x0000009e2b2ff020:   0000000000000000 00007ff9fd8cd2b1
0x0000009e2b2ff030:   000001cc000000b6 000001ccff50c3e0
0x0000009e2b2ff040:   000000080004b1f8 000001ccff50c3e0
0x0000009e2b2ff050:   000000080014eec8 000001ccff50c3e0
0x0000009e2b2ff060:   00000008005ceb80 000001ccff50c3e0
0x0000009e2b2ff070:   0000009e2b2ff340 000001cc8001d2f2
0x0000009e2b2ff080:   000001ccff50c3e0 0000009e2b2ff208
0x0000009e2b2ff090:   0000000800656f98 0000000000000000
0x0000009e2b2ff0a0:   000001cc98af1770 00007ffa7e0406e1
0x0000009e2b2ff0b0:   000000080014ec88 000001ccea2c0000
0x0000009e2b2ff0c0:   0000009e2b2ff1d8 0000000000000000
0x0000009e2b2ff0d0:   0000000000000000 0000000900000001
0x0000009e2b2ff0e0:   000001cc98af1770 00007ffa7b1614cb
0x0000009e2b2ff0f0:   000001ccff50c3e0 000001ccff6796c0 

Instructions: (pc=0x00007ffa7e041323)
0x00007ffa7e041223:   d3 e2 48 2b d0 44 89 5c 24 38 e9 2a fe ff ff 45
0x00007ffa7e041233:   33 c0 48 8b d3 49 8b ce e8 a0 58 ff ff c7 84 24
0x00007ffa7e041243:   b0 00 00 00 01 00 00 00 e8 30 f5 ff ff 85 c0 0f
0x00007ffa7e041253:   85 79 57 06 00 b9 80 03 fe 7f 40 38 39 0f 84 0e
0x00007ffa7e041263:   fd ff ff e9 82 57 06 00 41 b8 02 00 00 00 e9 35
0x00007ffa7e041273:   f9 ff ff f7 41 74 00 00 00 01 75 4d f6 41 78 01
0x00007ffa7e041283:   0f 85 e1 57 06 00 40 f6 c6 0f 0f 84 87 00 00 00
0x00007ffa7e041293:   45 33 c9 48 89 7c 24 28 4c 8b c6 48 89 7c 24 20
0x00007ffa7e0412a3:   48 8b d5 41 8d 49 09 e8 e5 93 0c 00 4d 85 ed 0f
0x00007ffa7e0412b3:   84 bf 57 06 00 80 7e ff 05 0f 84 e6 57 06 00 41
0x00007ffa7e0412c3:   38 7d 0f 0f 8c 4a 59 06 00 41 8b d7 4c 8b ce 83
0x00007ffa7e0412d3:   ca 02 4d 8b c5 48 8b cd e8 d0 07 00 00 44 0f b6
0x00007ffa7e0412e3:   e8 84 c0 0f 84 b5 fc ff ff 48 8b 84 24 d0 00 00
0x00007ffa7e0412f3:   00 48 85 c0 74 03 66 89 38 4d 85 e4 74 04 49 89
0x00007ffa7e041303:   3c 24 48 8b cd e8 43 f4 ff ff 85 c0 0f 84 8c fc
0x00007ffa7e041313:   ff ff e9 5e 5e 06 00 4c 8d 6a f0 41 0f 0d 4d 00
0x00007ffa7e041323:   41 80 7d 0f 05 75 0c 41 0f b6 45 0e 48 c1 e0 04
0x00007ffa7e041333:   4c 2b e8 41 f6 45 0f 3f 0f 85 6e ff ff ff 45 33
0x00007ffa7e041343:   c9 48 89 7c 24 28 4d 8b c5 48 89 7c 24 20 48 8b
0x00007ffa7e041353:   d5 41 8d 49 08 e8 37 93 0c 00 4c 8b ef e9 4a ff
0x00007ffa7e041363:   ff ff 4c 8d 4c 24 38 45 8b c7 48 8b d6 48 8b cd
0x00007ffa7e041373:   e8 68 30 04 00 48 8b d0 41 bd 01 00 00 00 e9 66
0x00007ffa7e041383:   fa ff ff 4d 85 e4 0f 85 8e 54 06 00 45 8b eb e9
0x00007ffa7e041393:   95 fa ff ff 49 8b d6 e9 45 fa ff ff cc cc cc cc
0x00007ffa7e0413a3:   cc cc cc cc cc cc cc cc cc cc cc cc cc 44 89 4c
0x00007ffa7e0413b3:   24 20 48 89 4c 24 08 53 55 56 57 41 54 41 55 41
0x00007ffa7e0413c3:   56 41 57 48 83 ec 48 33 ed 4d 8b d8 8b c2 48 8b
0x00007ffa7e0413d3:   fa c1 e8 0c 4c 8b e9 33 42 28 44 8b fd 33 05 62
0x00007ffa7e0413e3:   21 12 00 8d 75 02 44 8b c0 89 84 24 98 00 00 00
0x00007ffa7e0413f3:   41 c1 e8 10 48 8d 15 82 fb 0d 00 44 8d 65 03 4d
0x00007ffa7e041403:   85 db 0f 84 1c 01 00 00 44 0f b7 c8 41 8d 49 0f
0x00007ffa7e041413:   48 c1 e9 04 0f b6 04 11 41 8b d3 41 2b d0 2b d7 


Stack slot to memory mapping:
stack at sp + 0 slots: 0x000001ccff50c3e0 is a thread
stack at sp + 1 slots: 0x00007ff9fd8cd7c4 jvm.dll
stack at sp + 2 slots: 0x000000080004a908 is pointing into metadata
stack at sp + 3 slots: 0x00000008005cf676 is pointing into metadata
stack at sp + 4 slots: 0x0 is NULL
stack at sp + 5 slots: 0x00007ff9fd8cd2b1 jvm.dll
stack at sp + 6 slots: 0x000001cc000000b6 is an unknown value
stack at sp + 7 slots: 0x000001ccff50c3e0 is a thread


---------------  P R O C E S S  ---------------

Threads class SMR info:
_java_thread_list=0x000001cc91bbed30, length=11, elements={
0x000001ccff50c3e0, 0x000001ccff50cfb0, 0x000001ccff52c6a0, 0x000001ccff52f580,
0x000001ccff530030, 0x000001ccff533240, 0x000001ccff540210, 0x000001ccff54b420,
0x000001cc9117a2e0, 0x000001cc911af480, 0x000001ccea470a80
}

Java Threads: ( => current thread )
=>0x000001ccff50c3e0 JavaThread "Reference Handler" daemon [_thread_in_vm, id=3640, stack(0x0000009e2b200000,0x0000009e2b300000)]
  0x000001ccff50cfb0 JavaThread "Finalizer" daemon [_thread_blocked, id=17276, stack(0x0000009e2b300000,0x0000009e2b400000)]
  0x000001ccff52c6a0 JavaThread "Signal Dispatcher" daemon [_thread_blocked, id=4996, stack(0x0000009e2b400000,0x0000009e2b500000)]
  0x000001ccff52f580 JavaThread "Attach Listener" daemon [_thread_blocked, id=12016, stack(0x0000009e2b500000,0x0000009e2b600000)]
  0x000001ccff530030 JavaThread "Service Thread" daemon [_thread_blocked, id=524, stack(0x0000009e2b600000,0x0000009e2b700000)]
  0x000001ccff533240 JavaThread "C2 CompilerThread0" daemon [_thread_blocked, id=18116, stack(0x0000009e2b700000,0x0000009e2b800000)]
  0x000001ccff540210 JavaThread "C1 CompilerThread0" daemon [_thread_blocked, id=22200, stack(0x0000009e2b800000,0x0000009e2b900000)]
  0x000001ccff54b420 JavaThread "Sweeper thread" daemon [_thread_blocked, id=14376, stack(0x0000009e2b900000,0x0000009e2ba00000)]
  0x000001cc9117a2e0 JavaThread "Notification Thread" daemon [_thread_blocked, id=12876, stack(0x0000009e2bc00000,0x0000009e2bd00000)]
  0x000001cc911af480 JavaThread "Common-Cleaner" daemon [_thread_blocked, id=2212, stack(0x0000009e2be00000,0x0000009e2bf00000)]
  0x000001ccea470a80 JavaThread "DestroyJavaVM" [_thread_blocked, id=12608, stack(0x0000009e2ab00000,0x0000009e2ac00000)]

Other Threads:
  0x000001ccff50ab60 VMThread "VM Thread" [stack: 0x0000009e2b100000,0x0000009e2b200000] [id=9108]
  0x000001cc911aefd0 WatcherThread [stack: 0x0000009e2bd00000,0x0000009e2be00000] [id=12764]
  0x000001ccea4bfe50 GCTaskThread "GC Thread#0" [stack: 0x0000009e2ac00000,0x0000009e2ad00000] [id=20532]
  0x000001cc914fb980 GCTaskThread "GC Thread#1" [stack: 0x0000009e2ba00000,0x0000009e2bb00000] [id=12536]
  0x000001cc914fa000 GCTaskThread "GC Thread#2" [stack: 0x0000009e2bb00000,0x0000009e2bc00000] [id=9268]
  0x000001cc914f8680 GCTaskThread "GC Thread#3" [stack: 0x0000009e2bf00000,0x0000009e2c000000] [id=188]
  0x000001cc914faff0 GCTaskThread "GC Thread#4" [stack: 0x0000009e2c700000,0x0000009e2c800000] [id=22048]
  0x000001cc914fa330 GCTaskThread "GC Thread#5" [stack: 0x0000009e2c800000,0x0000009e2c900000] [id=11176]
  0x000001ccea4d2f10 ConcurrentGCThread "G1 Main Marker" [stack: 0x0000009e2ad00000,0x0000009e2ae00000] [id=16928]
  0x000001ccea4d42a0 ConcurrentGCThread "G1 Conc#0" [stack: 0x0000009e2ae00000,0x0000009e2af00000] [id=16896]
  0x000001ccff4040f0 ConcurrentGCThread "G1 Refine#0" [stack: 0x0000009e2af00000,0x0000009e2b000000] [id=11016]
  0x000001ccff404cf0 ConcurrentGCThread "G1 Young RemSet Sampling" [stack: 0x0000009e2b000000,0x0000009e2b100000] [id=4128]

Threads with active compile tasks:

VM state: not at safepoint (normal execution)

VM Mutex/Monitor currently owned by a thread: None

Heap address: 0x0000000702800000, size: 4056 MB, Compressed Oops mode: Zero based, Oop shift amount: 3
CDS archive(s) mapped at: [0x0000000800000000-0x0000000800b50000-0x0000000800b50000), size 11862016, SharedBaseAddress: 0x0000000800000000, ArchiveRelocationMode: 0.
Compressed class space mapped at: 0x0000000800b50000-0x0000000840b50000, size: 1073741824
Narrow klass base: 0x0000000800000000, Narrow klass shift: 3, Narrow klass range: 0x100000000

GC Precious Log:
 CPUs: 16 total, 16 available
 Memory: 16218M
 Large Page Support: Disabled
 NUMA Support: Disabled
 Compressed Oops: Enabled (Zero based)
 Heap Region Size: 2M
 Heap Min Capacity: 8M
 Heap Initial Capacity: 254M
 Heap Max Capacity: 4056M
 Pre-touch: Disabled
 Parallel Workers: 13
 Concurrent Workers: 3
 Concurrent Refinement Workers: 13
 Periodic GC: Disabled

Heap:
 garbage-first heap   total 260096K, used 3284K [0x0000000702800000, 0x0000000800000000)
  region size 2048K, 3 young (6144K), 2 survivors (4096K)
 Metaspace       used 5573K, capacity 8474K, committed 8832K, reserved 1056768K
  class space    used 275K, capacity 571K, committed 640K, reserved 1048576K

Heap Regions: E=young(eden), S=young(survivor), O=old, HS=humongous(starts), HC=humongous(continues), CS=collection set, F=free, OA=open archive, CA=closed archive, TAMS=top-at-mark-start (previous, next)
|   0|0x0000000702800000, 0x0000000702800000, 0x0000000702a00000|  0%| F|  |TAMS 0x0000000702800000, 0x0000000702800000| Untracked 
|   1|0x0000000702a00000, 0x0000000702a00000, 0x0000000702c00000|  0%| F|  |TAMS 0x0000000702a00000, 0x0000000702a00000| Untracked 
|   2|0x0000000702c00000, 0x0000000702c00000, 0x0000000702e00000|  0%| F|  |TAMS 0x0000000702c00000, 0x0000000702c00000| Untracked 
|   3|0x0000000702e00000, 0x0000000702e00000, 0x0000000703000000|  0%| F|  |TAMS 0x0000000702e00000, 0x0000000702e00000| Untracked 
|   4|0x0000000703000000, 0x0000000703000000, 0x0000000703200000|  0%| F|  |TAMS 0x0000000703000000, 0x0000000703000000| Untracked 
|   5|0x0000000703200000, 0x0000000703200000, 0x0000000703400000|  0%| F|  |TAMS 0x0000000703200000, 0x0000000703200000| Untracked 
|   6|0x0000000703400000, 0x0000000703400000, 0x0000000703600000|  0%| F|  |TAMS 0x0000000703400000, 0x0000000703400000| Untracked 
|   7|0x0000000703600000, 0x0000000703600000, 0x0000000703800000|  0%| F|  |TAMS 0x0000000703600000, 0x0000000703600000| Untracked 
|   8|0x0000000703800000, 0x0000000703800000, 0x0000000703a00000|  0%| F|  |TAMS 0x0000000703800000, 0x0000000703800000| Untracked 
|   9|0x0000000703a00000, 0x0000000703a00000, 0x0000000703c00000|  0%| F|  |TAMS 0x0000000703a00000, 0x0000000703a00000| Untracked 
|  10|0x0000000703c00000, 0x0000000703c00000, 0x0000000703e00000|  0%| F|  |TAMS 0x0000000703c00000, 0x0000000703c00000| Untracked 
|  11|0x0000000703e00000, 0x0000000703e00000, 0x0000000704000000|  0%| F|  |TAMS 0x0000000703e00000, 0x0000000703e00000| Untracked 
|  12|0x0000000704000000, 0x0000000704000000, 0x0000000704200000|  0%| F|  |TAMS 0x0000000704000000, 0x0000000704000000| Untracked 
|  13|0x0000000704200000, 0x0000000704200000, 0x0000000704400000|  0%| F|  |TAMS 0x0000000704200000, 0x0000000704200000| Untracked 
|  14|0x0000000704400000, 0x0000000704400000, 0x0000000704600000|  0%| F|  |TAMS 0x0000000704400000, 0x0000000704400000| Untracked 
|  15|0x0000000704600000, 0x0000000704600000, 0x0000000704800000|  0%| F|  |TAMS 0x0000000704600000, 0x0000000704600000| Untracked 
|  16|0x0000000704800000, 0x0000000704800000, 0x0000000704a00000|  0%| F|  |TAMS 0x0000000704800000, 0x0000000704800000| Untracked 
|  17|0x0000000704a00000, 0x0000000704a00000, 0x0000000704c00000|  0%| F|  |TAMS 0x0000000704a00000, 0x0000000704a00000| Untracked 
|  18|0x0000000704c00000, 0x0000000704c00000, 0x0000000704e00000|  0%| F|  |TAMS 0x0000000704c00000, 0x0000000704c00000| Untracked 
|  19|0x0000000704e00000, 0x0000000704e00000, 0x0000000705000000|  0%| F|  |TAMS 0x0000000704e00000, 0x0000000704e00000| Untracked 
|  20|0x0000000705000000, 0x0000000705000000, 0x0000000705200000|  0%| F|  |TAMS 0x0000000705000000, 0x0000000705000000| Untracked 
|  21|0x0000000705200000, 0x0000000705200000, 0x0000000705400000|  0%| F|  |TAMS 0x0000000705200000, 0x0000000705200000| Untracked 
|  22|0x0000000705400000, 0x0000000705400000, 0x0000000705600000|  0%| F|  |TAMS 0x0000000705400000, 0x0000000705400000| Untracked 
|  23|0x0000000705600000, 0x0000000705600000, 0x0000000705800000|  0%| F|  |TAMS 0x0000000705600000, 0x0000000705600000| Untracked 
|  24|0x0000000705800000, 0x0000000705800000, 0x0000000705a00000|  0%| F|  |TAMS 0x0000000705800000, 0x0000000705800000| Untracked 
|  25|0x0000000705a00000, 0x0000000705a00000, 0x0000000705c00000|  0%| F|  |TAMS 0x0000000705a00000, 0x0000000705a00000| Untracked 
|  26|0x0000000705c00000, 0x0000000705c00000, 0x0000000705e00000|  0%| F|  |TAMS 0x0000000705c00000, 0x0000000705c00000| Untracked 
|  27|0x0000000705e00000, 0x0000000705e00000, 0x0000000706000000|  0%| F|  |TAMS 0x0000000705e00000, 0x0000000705e00000| Untracked 
|  28|0x0000000706000000, 0x0000000706000000, 0x0000000706200000|  0%| F|  |TAMS 0x0000000706000000, 0x0000000706000000| Untracked 
|  29|0x0000000706200000, 0x0000000706200000, 0x0000000706400000|  0%| F|  |TAMS 0x0000000706200000, 0x0000000706200000| Untracked 
|  30|0x0000000706400000, 0x0000000706400000, 0x0000000706600000|  0%| F|  |TAMS 0x0000000706400000, 0x0000000706400000| Untracked 
|  31|0x0000000706600000, 0x0000000706600000, 0x0000000706800000|  0%| F|  |TAMS 0x0000000706600000, 0x0000000706600000| Untracked 
|  32|0x0000000706800000, 0x0000000706800000, 0x0000000706a00000|  0%| F|  |TAMS 0x0000000706800000, 0x0000000706800000| Untracked 
|  33|0x0000000706a00000, 0x0000000706a00000, 0x0000000706c00000|  0%| F|  |TAMS 0x0000000706a00000, 0x0000000706a00000| Untracked 
|  34|0x0000000706c00000, 0x0000000706c00000, 0x0000000706e00000|  0%| F|  |TAMS 0x0000000706c00000, 0x0000000706c00000| Untracked 
|  35|0x0000000706e00000, 0x0000000706e00000, 0x0000000707000000|  0%| F|  |TAMS 0x0000000706e00000, 0x0000000706e00000| Untracked 
|  36|0x0000000707000000, 0x0000000707000000, 0x0000000707200000|  0%| F|  |TAMS 0x0000000707000000, 0x0000000707000000| Untracked 
|  37|0x0000000707200000, 0x0000000707200000, 0x0000000707400000|  0%| F|  |TAMS 0x0000000707200000, 0x0000000707200000| Untracked 
|  38|0x0000000707400000, 0x0000000707400000, 0x0000000707600000|  0%| F|  |TAMS 0x0000000707400000, 0x0000000707400000| Untracked 
|  39|0x0000000707600000, 0x0000000707600000, 0x0000000707800000|  0%| F|  |TAMS 0x0000000707600000, 0x0000000707600000| Untracked 
|  40|0x0000000707800000, 0x0000000707800000, 0x0000000707a00000|  0%| F|  |TAMS 0x0000000707800000, 0x0000000707800000| Untracked 
|  41|0x0000000707a00000, 0x0000000707a00000, 0x0000000707c00000|  0%| F|  |TAMS 0x0000000707a00000, 0x0000000707a00000| Untracked 
|  42|0x0000000707c00000, 0x0000000707c00000, 0x0000000707e00000|  0%| F|  |TAMS 0x0000000707c00000, 0x0000000707c00000| Untracked 
|  43|0x0000000707e00000, 0x0000000707e00000, 0x0000000708000000|  0%| F|  |TAMS 0x0000000707e00000, 0x0000000707e00000| Untracked 
|  44|0x0000000708000000, 0x0000000708000000, 0x0000000708200000|  0%| F|  |TAMS 0x0000000708000000, 0x0000000708000000| Untracked 
|  45|0x0000000708200000, 0x0000000708200000, 0x0000000708400000|  0%| F|  |TAMS 0x0000000708200000, 0x0000000708200000| Untracked 
|  46|0x0000000708400000, 0x0000000708400000, 0x0000000708600000|  0%| F|  |TAMS 0x0000000708400000, 0x0000000708400000| Untracked 
|  47|0x0000000708600000, 0x0000000708600000, 0x0000000708800000|  0%| F|  |TAMS 0x0000000708600000, 0x0000000708600000| Untracked 
|  48|0x0000000708800000, 0x0000000708800000, 0x0000000708a00000|  0%| F|  |TAMS 0x0000000708800000, 0x0000000708800000| Untracked 
|  49|0x0000000708a00000, 0x0000000708a00000, 0x0000000708c00000|  0%| F|  |TAMS 0x0000000708a00000, 0x0000000708a00000| Untracked 
|  50|0x0000000708c00000, 0x0000000708c00000, 0x0000000708e00000|  0%| F|  |TAMS 0x0000000708c00000, 0x0000000708c00000| Untracked 
|  51|0x0000000708e00000, 0x0000000708e00000, 0x0000000709000000|  0%| F|  |TAMS 0x0000000708e00000, 0x0000000708e00000| Untracked 
|  52|0x0000000709000000, 0x0000000709000000, 0x0000000709200000|  0%| F|  |TAMS 0x0000000709000000, 0x0000000709000000| Untracked 
|  53|0x0000000709200000, 0x0000000709200000, 0x0000000709400000|  0%| F|  |TAMS 0x0000000709200000, 0x0000000709200000| Untracked 
|  54|0x0000000709400000, 0x0000000709400000, 0x0000000709600000|  0%| F|  |TAMS 0x0000000709400000, 0x0000000709400000| Untracked 
|  55|0x0000000709600000, 0x0000000709600000, 0x0000000709800000|  0%| F|  |TAMS 0x0000000709600000, 0x0000000709600000| Untracked 
|  56|0x0000000709800000, 0x0000000709800000, 0x0000000709a00000|  0%| F|  |TAMS 0x0000000709800000, 0x0000000709800000| Untracked 
|  57|0x0000000709a00000, 0x0000000709a00000, 0x0000000709c00000|  0%| F|  |TAMS 0x0000000709a00000, 0x0000000709a00000| Untracked 
|  58|0x0000000709c00000, 0x0000000709c00000, 0x0000000709e00000|  0%| F|  |TAMS 0x0000000709c00000, 0x0000000709c00000| Untracked 
|  59|0x0000000709e00000, 0x0000000709e00000, 0x000000070a000000|  0%| F|  |TAMS 0x0000000709e00000, 0x0000000709e00000| Untracked 
|  60|0x000000070a000000, 0x000000070a000000, 0x000000070a200000|  0%| F|  |TAMS 0x000000070a000000, 0x000000070a000000| Untracked 
|  61|0x000000070a200000, 0x000000070a200000, 0x000000070a400000|  0%| F|  |TAMS 0x000000070a200000, 0x000000070a200000| Untracked 
|  62|0x000000070a400000, 0x000000070a400000, 0x000000070a600000|  0%| F|  |TAMS 0x000000070a400000, 0x000000070a400000| Untracked 
|  63|0x000000070a600000, 0x000000070a600000, 0x000000070a800000|  0%| F|  |TAMS 0x000000070a600000, 0x000000070a600000| Untracked 
|  64|0x000000070a800000, 0x000000070a800000, 0x000000070aa00000|  0%| F|  |TAMS 0x000000070a800000, 0x000000070a800000| Untracked 
|  65|0x000000070aa00000, 0x000000070aa00000, 0x000000070ac00000|  0%| F|  |TAMS 0x000000070aa00000, 0x000000070aa00000| Untracked 
|  66|0x000000070ac00000, 0x000000070ac00000, 0x000000070ae00000|  0%| F|  |TAMS 0x000000070ac00000, 0x000000070ac00000| Untracked 
|  67|0x000000070ae00000, 0x000000070ae00000, 0x000000070b000000|  0%| F|  |TAMS 0x000000070ae00000, 0x000000070ae00000| Untracked 
|  68|0x000000070b000000, 0x000000070b000000, 0x000000070b200000|  0%| F|  |TAMS 0x000000070b000000, 0x000000070b000000| Untracked 
|  69|0x000000070b200000, 0x000000070b200000, 0x000000070b400000|  0%| F|  |TAMS 0x000000070b200000, 0x000000070b200000| Untracked 
|  70|0x000000070b400000, 0x000000070b400000, 0x000000070b600000|  0%| F|  |TAMS 0x000000070b400000, 0x000000070b400000| Untracked 
|  71|0x000000070b600000, 0x000000070b600000, 0x000000070b800000|  0%| F|  |TAMS 0x000000070b600000, 0x000000070b600000| Untracked 
|  72|0x000000070b800000, 0x000000070b800000, 0x000000070ba00000|  0%| F|  |TAMS 0x000000070b800000, 0x000000070b800000| Untracked 
|  73|0x000000070ba00000, 0x000000070ba00000, 0x000000070bc00000|  0%| F|  |TAMS 0x000000070ba00000, 0x000000070ba00000| Untracked 
|  74|0x000000070bc00000, 0x000000070bc00000, 0x000000070be00000|  0%| F|  |TAMS 0x000000070bc00000, 0x000000070bc00000| Untracked 
|  75|0x000000070be00000, 0x000000070be00000, 0x000000070c000000|  0%| F|  |TAMS 0x000000070be00000, 0x000000070be00000| Untracked 
|  76|0x000000070c000000, 0x000000070c000000, 0x000000070c200000|  0%| F|  |TAMS 0x000000070c000000, 0x000000070c000000| Untracked 
|  77|0x000000070c200000, 0x000000070c200000, 0x000000070c400000|  0%| F|  |TAMS 0x000000070c200000, 0x000000070c200000| Untracked 
|  78|0x000000070c400000, 0x000000070c400000, 0x000000070c600000|  0%| F|  |TAMS 0x000000070c400000, 0x000000070c400000| Untracked 
|  79|0x000000070c600000, 0x000000070c600000, 0x000000070c800000|  0%| F|  |TAMS 0x000000070c600000, 0x000000070c600000| Untracked 
|  80|0x000000070c800000, 0x000000070c800000, 0x000000070ca00000|  0%| F|  |TAMS 0x000000070c800000, 0x000000070c800000| Untracked 
|  81|0x000000070ca00000, 0x000000070ca00000, 0x000000070cc00000|  0%| F|  |TAMS 0x000000070ca00000, 0x000000070ca00000| Untracked 
|  82|0x000000070cc00000, 0x000000070cc00000, 0x000000070ce00000|  0%| F|  |TAMS 0x000000070cc00000, 0x000000070cc00000| Untracked 
|  83|0x000000070ce00000, 0x000000070ce00000, 0x000000070d000000|  0%| F|  |TAMS 0x000000070ce00000, 0x000000070ce00000| Untracked 
|  84|0x000000070d000000, 0x000000070d000000, 0x000000070d200000|  0%| F|  |TAMS 0x000000070d000000, 0x000000070d000000| Untracked 
|  85|0x000000070d200000, 0x000000070d200000, 0x000000070d400000|  0%| F|  |TAMS 0x000000070d200000, 0x000000070d200000| Untracked 
|  86|0x000000070d400000, 0x000000070d400000, 0x000000070d600000|  0%| F|  |TAMS 0x000000070d400000, 0x000000070d400000| Untracked 
|  87|0x000000070d600000, 0x000000070d600000, 0x000000070d800000|  0%| F|  |TAMS 0x000000070d600000, 0x000000070d600000| Untracked 
|  88|0x000000070d800000, 0x000000070d800000, 0x000000070da00000|  0%| F|  |TAMS 0x000000070d800000, 0x000000070d800000| Untracked 
|  89|0x000000070da00000, 0x000000070da00000, 0x000000070dc00000|  0%| F|  |TAMS 0x000000070da00000, 0x000000070da00000| Untracked 
|  90|0x000000070dc00000, 0x000000070dc00000, 0x000000070de00000|  0%| F|  |TAMS 0x000000070dc00000, 0x000000070dc00000| Untracked 
|  91|0x000000070de00000, 0x000000070de00000, 0x000000070e000000|  0%| F|  |TAMS 0x000000070de00000, 0x000000070de00000| Untracked 
|  92|0x000000070e000000, 0x000000070e000000, 0x000000070e200000|  0%| F|  |TAMS 0x000000070e000000, 0x000000070e000000| Untracked 
|  93|0x000000070e200000, 0x000000070e200000, 0x000000070e400000|  0%| F|  |TAMS 0x000000070e200000, 0x000000070e200000| Untracked 
|  94|0x000000070e400000, 0x000000070e400000, 0x000000070e600000|  0%| F|  |TAMS 0x000000070e400000, 0x000000070e400000| Untracked 
|  95|0x000000070e600000, 0x000000070e600000, 0x000000070e800000|  0%| F|  |TAMS 0x000000070e600000, 0x000000070e600000| Untracked 
|  96|0x000000070e800000, 0x000000070e800000, 0x000000070ea00000|  0%| F|  |TAMS 0x000000070e800000, 0x000000070e800000| Untracked 
|  97|0x000000070ea00000, 0x000000070ea00000, 0x000000070ec00000|  0%| F|  |TAMS 0x000000070ea00000, 0x000000070ea00000| Untracked 
|  98|0x000000070ec00000, 0x000000070ec00000, 0x000000070ee00000|  0%| F|  |TAMS 0x000000070ec00000, 0x000000070ec00000| Untracked 
|  99|0x000000070ee00000, 0x000000070ee00000, 0x000000070f000000|  0%| F|  |TAMS 0x000000070ee00000, 0x000000070ee00000| Untracked 
| 100|0x000000070f000000, 0x000000070f000000, 0x000000070f200000|  0%| F|  |TAMS 0x000000070f000000, 0x000000070f000000| Untracked 
| 101|0x000000070f200000, 0x000000070f200000, 0x000000070f400000|  0%| F|  |TAMS 0x000000070f200000, 0x000000070f200000| Untracked 
| 102|0x000000070f400000, 0x000000070f400000, 0x000000070f600000|  0%| F|  |TAMS 0x000000070f400000, 0x000000070f400000| Untracked 
| 103|0x000000070f600000, 0x000000070f600000, 0x000000070f800000|  0%| F|  |TAMS 0x000000070f600000, 0x000000070f600000| Untracked 
| 104|0x000000070f800000, 0x000000070f800000, 0x000000070fa00000|  0%| F|  |TAMS 0x000000070f800000, 0x000000070f800000| Untracked 
| 105|0x000000070fa00000, 0x000000070fa00000, 0x000000070fc00000|  0%| F|  |TAMS 0x000000070fa00000, 0x000000070fa00000| Untracked 
| 106|0x000000070fc00000, 0x000000070fc00000, 0x000000070fe00000|  0%| F|  |TAMS 0x000000070fc00000, 0x000000070fc00000| Untracked 
| 107|0x000000070fe00000, 0x000000070fe00000, 0x0000000710000000|  0%| F|  |TAMS 0x000000070fe00000, 0x000000070fe00000| Untracked 
| 108|0x0000000710000000, 0x0000000710000000, 0x0000000710200000|  0%| F|  |TAMS 0x0000000710000000, 0x0000000710000000| Untracked 
| 109|0x0000000710200000, 0x0000000710200000, 0x0000000710400000|  0%| F|  |TAMS 0x0000000710200000, 0x0000000710200000| Untracked 
| 110|0x0000000710400000, 0x0000000710400000, 0x0000000710600000|  0%| F|  |TAMS 0x0000000710400000, 0x0000000710400000| Untracked 
| 111|0x0000000710600000, 0x0000000710600000, 0x0000000710800000|  0%| F|  |TAMS 0x0000000710600000, 0x0000000710600000| Untracked 
| 112|0x0000000710800000, 0x0000000710800000, 0x0000000710a00000|  0%| F|  |TAMS 0x0000000710800000, 0x0000000710800000| Untracked 
| 113|0x0000000710a00000, 0x0000000710a00000, 0x0000000710c00000|  0%| F|  |TAMS 0x0000000710a00000, 0x0000000710a00000| Untracked 
| 114|0x0000000710c00000, 0x0000000710d35048, 0x0000000710e00000| 60%| S|CS|TAMS 0x0000000710c00000, 0x0000000710c00000| Complete 
| 115|0x0000000710e00000, 0x0000000711000000, 0x0000000711000000|100%| S|CS|TAMS 0x0000000710e00000, 0x0000000710e00000| Complete 
| 116|0x0000000711000000, 0x0000000711000000, 0x0000000711200000|  0%| F|  |TAMS 0x0000000711000000, 0x0000000711000000| Untracked 
| 117|0x0000000711200000, 0x0000000711200000, 0x0000000711400000|  0%| F|  |TAMS 0x0000000711200000, 0x0000000711200000| Untracked 
| 118|0x0000000711400000, 0x0000000711400000, 0x0000000711600000|  0%| F|  |TAMS 0x0000000711400000, 0x0000000711400000| Untracked 
| 119|0x0000000711600000, 0x0000000711600000, 0x0000000711800000|  0%| F|  |TAMS 0x0000000711600000, 0x0000000711600000| Untracked 
| 120|0x0000000711800000, 0x0000000711800000, 0x0000000711a00000|  0%| F|  |TAMS 0x0000000711800000, 0x0000000711800000| Untracked 
| 121|0x0000000711a00000, 0x0000000711a00000, 0x0000000711c00000|  0%| F|  |TAMS 0x0000000711a00000, 0x0000000711a00000| Untracked 
| 122|0x0000000711c00000, 0x0000000711c00000, 0x0000000711e00000|  0%| F|  |TAMS 0x0000000711c00000, 0x0000000711c00000| Untracked 
| 123|0x0000000711e00000, 0x0000000711e00000, 0x0000000712000000|  0%| F|  |TAMS 0x0000000711e00000, 0x0000000711e00000| Untracked 
| 124|0x0000000712000000, 0x0000000712000000, 0x0000000712200000|  0%| F|  |TAMS 0x0000000712000000, 0x0000000712000000| Untracked 
| 125|0x0000000712200000, 0x0000000712200000, 0x0000000712400000|  0%| F|  |TAMS 0x0000000712200000, 0x0000000712200000| Untracked 
| 126|0x0000000712400000, 0x0000000712400800, 0x0000000712600000|  0%| E|  |TAMS 0x0000000712400000, 0x0000000712400000| Complete 

Card table byte_map: [0x000001ccf5630000,0x000001ccf5e20000] _byte_map_base: 0x000001ccf1e1c000

Marking Bits (Prev, Next): (CMBitMap*) 0x000001ccea4c16d0, (CMBitMap*) 0x000001ccea4c1710
 Prev Bits: [0x000001ccf6610000, 0x000001ccfa570000)
 Next Bits: [0x000001ccfa570000, 0x000001ccfe4d0000)

Polling page: 0x000001ccea290000

Metaspace:

Usage:
  Non-class:      7.72 MB capacity,     5.17 MB ( 67%) used,     2.54 MB ( 33%) free+waste,     6.06 KB ( <1%) overhead. 
      Class:    571.00 KB capacity,   275.08 KB ( 48%) used,   294.11 KB ( 52%) free+waste,     1.81 KB ( <1%) overhead. 
       Both:      8.28 MB capacity,     5.44 MB ( 66%) used,     2.83 MB ( 34%) free+waste,     7.88 KB ( <1%) overhead. 

Virtual space:
  Non-class space:        8.00 MB reserved,       8.00 MB (100%) committed 
      Class space:        1.00 GB reserved,     640.00 KB ( <1%) committed 
             Both:        1.01 GB reserved,       8.63 MB ( <1%) committed 

Chunk freelists:
   Non-Class:  97.00 KB
       Class:  5.00 KB
        Both:  102.00 KB

MaxMetaspaceSize: 17179869184.00 GB
CompressedClassSpaceSize: 1.00 GB

CodeHeap 'non-profiled nmethods': size=119168Kb used=310Kb max_used=310Kb free=118857Kb
 bounds [0x000001cc87ba0000, 0x000001cc87e10000, 0x000001cc8f000000]
CodeHeap 'profiled nmethods': size=119104Kb used=1538Kb max_used=1538Kb free=117565Kb
 bounds [0x000001cc80750000, 0x000001cc809c0000, 0x000001cc87ba0000]
CodeHeap 'non-nmethods': size=7488Kb used=1584Kb max_used=3303Kb free=5903Kb
 bounds [0x000001cc80000000, 0x000001cc80340000, 0x000001cc80750000]
 total_blobs=1920 nmethods=951 adapters=882
 compilation: enabled
              stopped_count=0, restarted_count=0
 full_count=0

Compilation events (20 events):
Event: 0.750 Thread 0x000001cc914c2830 nmethod 935 0x000001cc808c8d10 code [0x000001cc808c8fe0, 0x000001cc808c9f58]
Event: 0.750 Thread 0x000001cc91167960 nmethod 937 0x000001cc808ca410 code [0x000001cc808ca800, 0x000001cc808cc218]
Event: 0.828 Thread 0x000001ccff533240  938       4       Square::render (21 bytes)
Event: 0.828 Thread 0x000001ccff533240 nmethod 938 0x000001cc87beb690 code [0x000001cc87beb820, 0x000001cc87beb8d8]
Event: 0.881 Thread 0x000001cc91167960  939 %     3       Main::main @ 150 (204 bytes)
Event: 0.881 Thread 0x000001cc91167960 nmethod 939% 0x000001cc808ccc10 code [0x000001cc808ccf00, 0x000001cc808cdb28]
Event: 0.889 Thread 0x000001cc91167960  940       3       Main::main (204 bytes)
Event: 0.889 Thread 0x000001cc91167960 nmethod 940 0x000001cc808ce190 code [0x000001cc808ce460, 0x000001cc808cee48]
Event: 0.955 Thread 0x000001ccff533240  941 %     4       Main::main @ 150 (204 bytes)
Event: 0.958 Thread 0x000001ccff533240 nmethod 941% 0x000001cc87beba10 code [0x000001cc87bebc20, 0x000001cc87bec050]
Event: 5.126 Thread 0x000001ccff540210  947       3       org.lwjgl.glfw.GLFW::glfwSwapBuffers (21 bytes)
Event: 5.126 Thread 0x000001ccff540210 nmethod 947 0x000001cc808cf390 code [0x000001cc808cf560, 0x000001cc808cf7f8]
Event: 5.138 Thread 0x000001ccff540210  948       3       org.lwjgl.glfw.GLFW::glfwPollEvents (12 bytes)
Event: 5.138 Thread 0x000001cc91165440  950       3       org.lwjgl.glfw.GLFW::glfwWindowShouldClose (29 bytes)
Event: 5.138 Thread 0x000001cc91167960  951       3       org.lwjgl.opengl.GL11::glClearColor (8 bytes)
Event: 5.138 Thread 0x000001ccff540210 nmethod 948 0x000001cc808cf990 code [0x000001cc808cfb40, 0x000001cc808cfca8]
Event: 5.138 Thread 0x000001ccff540210  949       3       org.lwjgl.glfw.EventLoop$OnScreen::check (1 bytes)
Event: 5.138 Thread 0x000001ccff540210 nmethod 949 0x000001cc808cfd90 code [0x000001cc808cff20, 0x000001cc808cfff8]
Event: 5.138 Thread 0x000001cc91167960 nmethod 951 0x000001cc808d0090 code [0x000001cc808d0220, 0x000001cc808d0328]
Event: 5.138 Thread 0x000001cc91165440 nmethod 950 0x000001cc808d0410 code [0x000001cc808d05e0, 0x000001cc808d08d8]

GC Heap History (2 events):
Event: 36.196 GC heap before
{Heap before GC invocations=0 (full 0):
 garbage-first heap   total 260096K, used 22528K [0x0000000702800000, 0x0000000800000000)
  region size 2048K, 11 young (22528K), 0 survivors (0K)
 Metaspace       used 5572K, capacity 8474K, committed 8832K, reserved 1056768K
  class space    used 275K, capacity 571K, committed 640K, reserved 1048576K
}
Event: 36.200 GC heap after
{Heap after GC invocations=1 (full 0):
 garbage-first heap   total 260096K, used 3284K [0x0000000702800000, 0x0000000800000000)
  region size 2048K, 2 young (4096K), 2 survivors (4096K)
 Metaspace       used 5572K, capacity 8474K, committed 8832K, reserved 1056768K
  class space    used 275K, capacity 571K, committed 640K, reserved 1048576K
}

Deoptimization events (20 events):
Event: 0.553 Thread 0x000001ccea470a80 Uncommon trap: trap_request=0xffffff54 fr.pc=0x000001cc87bc31e0 relative=0x0000000000000060
Event: 0.553 Thread 0x000001ccea470a80 Uncommon trap: reason=speculate_null_assert action=make_not_entrant pc=0x000001cc87bc31e0 method=sun.misc.Unsafe.putLong(Ljava/lang/Object;JJ)V @ 7 c2
Event: 0.553 Thread 0x000001ccea470a80 DEOPT PACKING pc=0x000001cc87bc31e0 sp=0x0000009e2abfeda0
Event: 0.553 Thread 0x000001ccea470a80 DEOPT UNPACKING pc=0x000001cc8004e42f sp=0x0000009e2abfed18 mode 2
Event: 0.612 Thread 0x000001ccea470a80 Uncommon trap: trap_request=0xffffff54 fr.pc=0x000001cc87bdb0d8 relative=0x0000000000000058
Event: 0.612 Thread 0x000001ccea470a80 Uncommon trap: reason=speculate_null_assert action=make_not_entrant pc=0x000001cc87bdb0d8 method=sun.misc.Unsafe.getLong(Ljava/lang/Object;J)J @ 5 c2
Event: 0.612 Thread 0x000001ccea470a80 DEOPT PACKING pc=0x000001cc87bdb0d8 sp=0x0000009e2abff120
Event: 0.612 Thread 0x000001ccea470a80 DEOPT UNPACKING pc=0x000001cc8004e42f sp=0x0000009e2abff0a8 mode 2
Event: 0.895 Thread 0x000001ccea470a80 DEOPT PACKING pc=0x000001cc808cd93f sp=0x0000009e2abff200
Event: 0.895 Thread 0x000001ccea470a80 DEOPT UNPACKING pc=0x000001cc8004e23f sp=0x0000009e2abfe718 mode 0
Event: 0.910 Thread 0x000001ccea470a80 DEOPT PACKING pc=0x000001cc808cd93f sp=0x0000009e2abff200
Event: 0.910 Thread 0x000001ccea470a80 DEOPT UNPACKING pc=0x000001cc8004e23f sp=0x0000009e2abfe718 mode 0
Event: 0.925 Thread 0x000001ccea470a80 DEOPT PACKING pc=0x000001cc808cd93f sp=0x0000009e2abff200
Event: 0.925 Thread 0x000001ccea470a80 DEOPT UNPACKING pc=0x000001cc8004e23f sp=0x0000009e2abfe718 mode 0
Event: 0.940 Thread 0x000001ccea470a80 DEOPT PACKING pc=0x000001cc808cd93f sp=0x0000009e2abff200
Event: 0.940 Thread 0x000001ccea470a80 DEOPT UNPACKING pc=0x000001cc8004e23f sp=0x0000009e2abfe718 mode 0
Event: 0.955 Thread 0x000001ccea470a80 DEOPT PACKING pc=0x000001cc808cd93f sp=0x0000009e2abff200
Event: 0.955 Thread 0x000001ccea470a80 DEOPT UNPACKING pc=0x000001cc8004e23f sp=0x0000009e2abfe718 mode 0
Event: 0.962 Thread 0x000001ccea470a80 DEOPT PACKING pc=0x000001cc808cd93f sp=0x0000009e2abff200
Event: 0.962 Thread 0x000001ccea470a80 DEOPT UNPACKING pc=0x000001cc8004e23f sp=0x0000009e2abfe718 mode 0

Classes unloaded (0 events):
No events

Classes redefined (0 events):
No events

Internal exceptions (16 events):
Event: 0.085 Thread 0x000001ccea470a80 Exception <a 'java/lang/NoSuchMethodError'{0x00000007123bc178}: 'void java.lang.invoke.DirectMethodHandle$Holder.invokeStatic(java.lang.Object, java.lang.Object)'> (0x00000007123bc178) 
thrown [./open/src/hotspot/share/interpreter/linkResolver.cpp, line 782]
Event: 0.086 Thread 0x000001ccea470a80 Exception <a 'java/lang/NoSuchMethodError'{0x00000007123c1c70}: 'void java.lang.invoke.DirectMethodHandle$Holder.invokeSpecial(java.lang.Object, java.lang.Object, java.lang.Object)'> (0x00000007123c1c70) 
thrown [./open/src/hotspot/share/interpreter/linkResolver.cpp, line 782]
Event: 0.088 Thread 0x000001ccea470a80 Exception <a 'java/lang/NoSuchMethodError'{0x00000007123d68e0}: 'java.lang.Object java.lang.invoke.DirectMethodHandle$Holder.invokeStatic(java.lang.Object, java.lang.Object, int)'> (0x00000007123d68e0) 
thrown [./open/src/hotspot/share/interpreter/linkResolver.cpp, line 782]
Event: 0.089 Thread 0x000001ccea470a80 Exception <a 'java/lang/NoSuchMethodError'{0x00000007123e2c70}: 'void java.lang.invoke.DelegatingMethodHandle$Holder.delegate(java.lang.Object, java.lang.Object, int, java.lang.Object)'> (0x00000007123e2c70) 
thrown [./open/src/hotspot/share/interpreter/linkResolver.cpp, line 782]
Event: 0.089 Thread 0x000001ccea470a80 Exception <a 'java/lang/NoSuchMethodError'{0x00000007123e6fb8}: 'int java.lang.invoke.DirectMethodHandle$Holder.invokeSpecial(java.lang.Object, java.lang.Object, java.lang.Object)'> (0x00000007123e6fb8) 
thrown [./open/src/hotspot/share/interpreter/linkResolver.cpp, line 782]
Event: 0.114 Thread 0x000001ccea470a80 Exception <a 'sun/nio/fs/WindowsException'{0x000000071209c9a8}> (0x000000071209c9a8) 
thrown [./open/src/hotspot/share/prims/jni.cpp, line 578]
Event: 0.114 Thread 0x000001ccea470a80 Exception <a 'sun/nio/fs/WindowsException'{0x000000071209cf00}> (0x000000071209cf00) 
thrown [./open/src/hotspot/share/prims/jni.cpp, line 578]
Event: 0.119 Thread 0x000001ccea470a80 Exception <a 'sun/nio/fs/WindowsException'{0x00000007120b9e40}> (0x00000007120b9e40) 
thrown [./open/src/hotspot/share/prims/jni.cpp, line 578]
Event: 0.119 Thread 0x000001ccea470a80 Exception <a 'sun/nio/fs/WindowsException'{0x00000007120ba1b0}> (0x00000007120ba1b0) 
thrown [./open/src/hotspot/share/prims/jni.cpp, line 578]
Event: 0.123 Thread 0x000001ccea470a80 Exception <a 'java/lang/NoSuchMethodError'{0x00000007120f7948}: 'java.lang.Object java.lang.invoke.DirectMethodHandle$Holder.invokeStatic(java.lang.Object)'> (0x00000007120f7948) 
thrown [./open/src/hotspot/share/interpreter/linkResolver.cpp, line 782]
Event: 0.123 Thread 0x000001ccea470a80 Exception <a 'java/lang/NoSuchMethodError'{0x00000007120fafb8}: 'java.lang.Object java.lang.invoke.DirectMethodHandle$Holder.invokeStaticInit(java.lang.Object)'> (0x00000007120fafb8) 
thrown [./open/src/hotspot/share/interpreter/linkResolver.cpp, line 782]
Event: 0.437 Thread 0x000001ccea470a80 Exception <a 'sun/nio/fs/WindowsException'{0x00000007121cc6c8}> (0x00000007121cc6c8) 
thrown [./open/src/hotspot/share/prims/jni.cpp, line 578]
Event: 0.437 Thread 0x000001ccea470a80 Exception <a 'sun/nio/fs/WindowsException'{0x00000007121cca78}> (0x00000007121cca78) 
thrown [./open/src/hotspot/share/prims/jni.cpp, line 578]
Event: 0.439 Thread 0x000001ccea470a80 Exception <a 'sun/nio/fs/WindowsException'{0x00000007121dbd40}> (0x00000007121dbd40) 
thrown [./open/src/hotspot/share/prims/jni.cpp, line 578]
Event: 0.439 Thread 0x000001ccea470a80 Exception <a 'sun/nio/fs/WindowsException'{0x00000007121dc028}> (0x00000007121dc028) 
thrown [./open/src/hotspot/share/prims/jni.cpp, line 578]
Event: 0.559 Thread 0x000001ccea470a80 Exception <a 'java/lang/NoSuchMethodError'{0x00000007119dae88}: 'void java.lang.invoke.DirectMethodHandle$Holder.invokeStatic(java.lang.Object, long, int, int)'> (0x00000007119dae88) 
thrown [./open/src/hotspot/share/interpreter/linkResolver.cpp, line 782]

Events (20 events):
Event: 0.638 loading class jdk/internal/access/foreign/MemorySegmentProxy done
Event: 0.664 Thread 0x000001cc97bb9cd0 Thread added: 0x000001cc97bb9cd0
Event: 0.664 Thread 0x000001cc97bc1500 Thread added: 0x000001cc97bc1500
Event: 0.738 Loaded shared library C:\Users\mikul\AppData\Local\Temp\lwjglmikul\3.2.3-build-13\lwjgl_opengl.dll
Event: 0.828 Thread 0x000001cc97bc1500 Thread exited: 0x000001cc97bc1500
Event: 0.828 Thread 0x000001cc97bb9cd0 Thread exited: 0x000001cc97bb9cd0
Event: 1.444 Executing VM operation: HandshakeAllThreads
Event: 1.444 Executing VM operation: HandshakeAllThreads done
Event: 5.041 Loaded shared library C:\Users\mikul\AppData\Local\Temp\lwjglmikul\3.2.3-build-13\lwjgl.dll
Event: 5.055 Loaded shared library C:\Users\mikul\AppData\Local\Temp\lwjglmikul\3.2.3-build-13\lwjgl.dll
Event: 5.057 Loaded shared library C:\Users\mikul\AppData\Local\Temp\lwjglmikul\3.2.3-build-13\lwjgl_opengl.dll
Event: 5.060 Loaded shared library C:\Users\mikul\AppData\Local\Temp\lwjglmikul\3.2.3-build-13\lwjgl_opengl.dll
Event: 5.072 Loaded shared library C:\Users\mikul\AppData\Local\Temp\lwjglmikul\3.2.3-build-13\lwjgl.dll
Event: 5.126 Thread 0x000001cc914c2830 Thread exited: 0x000001cc914c2830
Event: 10.138 Thread 0x000001cc91167960 Thread exited: 0x000001cc91167960
Event: 10.138 Thread 0x000001cc91165440 Thread exited: 0x000001cc91165440
Event: 36.196 Thread 0x000001ccea470a80 Thread exited: 0x000001ccea470a80
Event: 36.196 Thread 0x000001ccea470a80 Thread added: 0x000001ccea470a80
Event: 36.196 Executing VM operation: G1CollectForAllocation
Event: 36.200 Executing VM operation: G1CollectForAllocation done


Dynamic libraries:
0x00007ff7d2e40000 - 0x00007ff7d2e4f000 	C:\Program Files\Java\jdk-15.0.2\bin\java.exe
0x00007ffa7e000000 - 0x00007ffa7e1f0000 	C:\Windows\SYSTEM32\ntdll.dll
0x00007ffa3a6e0000 - 0x00007ffa3a6f2000 	C:\Program Files\Avast Software\Avast\aswhook.dll
0x00007ffa7cf00000 - 0x00007ffa7cfb2000 	C:\Windows\System32\KERNEL32.DLL
0x00007ffa7bad0000 - 0x00007ffa7bd75000 	C:\Windows\System32\KERNELBASE.dll
0x00007ffa7b150000 - 0x00007ffa7b24a000 	C:\Windows\System32\ucrtbase.dll
0x00007ffa66f20000 - 0x00007ffa66f39000 	C:\Program Files\Java\jdk-15.0.2\bin\VCRUNTIME140.dll
0x00007ffa69220000 - 0x00007ffa69238000 	C:\Program Files\Java\jdk-15.0.2\bin\jli.dll
0x00007ffa7d2f0000 - 0x00007ffa7d393000 	C:\Windows\System32\ADVAPI32.dll
0x00007ffa7c460000 - 0x00007ffa7c4fe000 	C:\Windows\System32\msvcrt.dll
0x00007ffa7c310000 - 0x00007ffa7c3a7000 	C:\Windows\System32\sechost.dll
0x00007ffa7c1f0000 - 0x00007ffa7c30f000 	C:\Windows\System32\RPCRT4.dll
0x00007ffa7cd60000 - 0x00007ffa7cef4000 	C:\Windows\System32\USER32.dll
0x00007ffa7bd80000 - 0x00007ffa7bda1000 	C:\Windows\System32\win32u.dll
0x00007ffa7da50000 - 0x00007ffa7da76000 	C:\Windows\System32\GDI32.dll
0x00007ffa61610000 - 0x00007ffa61894000 	C:\Windows\WinSxS\amd64_microsoft.windows.common-controls_6595b64144ccf1df_6.0.18362.1440_none_9e7dbfb9e45e8e67\COMCTL32.dll
0x00007ffa7bf10000 - 0x00007ffa7c0a8000 	C:\Windows\System32\gdi32full.dll
0x00007ffa7d3a0000 - 0x00007ffa7d6d6000 	C:\Windows\System32\combase.dll
0x00007ffa7b9d0000 - 0x00007ffa7ba6e000 	C:\Windows\System32\msvcp_win.dll
0x00007ffa7b070000 - 0x00007ffa7b0f1000 	C:\Windows\System32\bcryptPrimitives.dll
0x00007ffa75520000 - 0x00007ffa7552a000 	C:\Windows\SYSTEM32\VERSION.dll
0x00007ffa7c500000 - 0x00007ffa7c52e000 	C:\Windows\System32\IMM32.DLL
0x00007ffa789a0000 - 0x00007ffa789ac000 	C:\Program Files\Java\jdk-15.0.2\bin\vcruntime140_1.dll
0x00007ffa3b970000 - 0x00007ffa3ba01000 	C:\Program Files\Java\jdk-15.0.2\bin\msvcp140.dll
0x00007ff9fd580000 - 0x00007ff9fe0de000 	C:\Program Files\Java\jdk-15.0.2\bin\server\jvm.dll
0x00007ffa7da30000 - 0x00007ffa7da38000 	C:\Windows\System32\PSAPI.DLL
0x00007ffa68f50000 - 0x00007ffa68f59000 	C:\Windows\SYSTEM32\WSOCK32.dll
0x00007ffa78bc0000 - 0x00007ffa78be4000 	C:\Windows\SYSTEM32\WINMM.dll
0x00007ffa7d200000 - 0x00007ffa7d26f000 	C:\Windows\System32\WS2_32.dll
0x00007ffa78b90000 - 0x00007ffa78bbd000 	C:\Windows\SYSTEM32\winmmbase.dll
0x00007ffa7af70000 - 0x00007ffa7afba000 	C:\Windows\System32\cfgmgr32.dll
0x00007ffa7aec0000 - 0x00007ffa7aed1000 	C:\Windows\System32\kernel.appcore.dll
0x00007ffa788f0000 - 0x00007ffa788fa000 	C:\Program Files\Java\jdk-15.0.2\bin\jimage.dll
0x00007ffa79850000 - 0x00007ffa79a44000 	C:\Windows\SYSTEM32\DBGHELP.DLL
0x00007ffa72190000 - 0x00007ffa721ba000 	C:\Windows\SYSTEM32\dbgcore.DLL
0x00007ffa55350000 - 0x00007ffa55375000 	C:\Program Files\Java\jdk-15.0.2\bin\java.dll
0x00007ffa7c530000 - 0x00007ffa7cc18000 	C:\Windows\System32\SHELL32.dll
0x00007ffa7c3b0000 - 0x00007ffa7c457000 	C:\Windows\System32\shcore.dll
0x00007ffa7b250000 - 0x00007ffa7b9cb000 	C:\Windows\System32\windows.storage.dll
0x00007ffa7af00000 - 0x00007ffa7af1e000 	C:\Windows\System32\profapi.dll
0x00007ffa7af20000 - 0x00007ffa7af6a000 	C:\Windows\System32\powrprof.dll
0x00007ffa7aeb0000 - 0x00007ffa7aec0000 	C:\Windows\System32\UMPDC.dll
0x00007ffa7d190000 - 0x00007ffa7d1e2000 	C:\Windows\System32\shlwapi.dll
0x00007ffa7b100000 - 0x00007ffa7b117000 	C:\Windows\System32\cryptsp.dll
0x00007ffa65460000 - 0x00007ffa65479000 	C:\Program Files\Java\jdk-15.0.2\bin\net.dll
0x00007ffa6c630000 - 0x00007ffa6c72a000 	C:\Windows\SYSTEM32\WINHTTP.dll
0x00007ffa7a6f0000 - 0x00007ffa7a757000 	C:\Windows\system32\mswsock.dll
0x00007ffa54500000 - 0x00007ffa54512000 	C:\Program Files\Java\jdk-15.0.2\bin\nio.dll
0x00007ffa53fa0000 - 0x00007ffa53fb8000 	C:\Program Files\Java\jdk-15.0.2\bin\zip.dll
0x00007ffa33dc0000 - 0x00007ffa33e24000 	C:\Users\mikul\AppData\Local\Temp\lwjglmikul\3.2.3-build-13\lwjgl.dll
0x00007ffa031f0000 - 0x00007ffa03252000 	C:\Users\mikul\AppData\Local\Temp\lwjglmikul\3.2.3-build-13\glfw.dll
0x00007ffa78e10000 - 0x00007ffa78ea9000 	C:\Windows\system32\uxtheme.dll
0x00007ffa7ac90000 - 0x00007ffa7acba000 	C:\Windows\SYSTEM32\DEVOBJ.dll
0x00007ffa79320000 - 0x00007ffa7934d000 	C:\Windows\SYSTEM32\dwmapi.dll
0x00007ffa5d440000 - 0x00007ffa5d55c000 	C:\Windows\SYSTEM32\inputhost.dll
0x00007ffa782c0000 - 0x00007ffa78394000 	C:\Windows\SYSTEM32\CoreMessaging.dll
0x00007ffa759f0000 - 0x00007ffa75d1a000 	C:\Windows\SYSTEM32\CoreUIComponents.dll
0x00007ffa771f0000 - 0x00007ffa772e0000 	C:\Windows\SYSTEM32\PROPSYS.dll
0x00007ffa768a0000 - 0x00007ffa769f2000 	C:\Windows\SYSTEM32\wintypes.dll
0x00007ffa7d6e0000 - 0x00007ffa7d7a5000 	C:\Windows\System32\OLEAUT32.dll
0x00007ffa79ef0000 - 0x00007ffa79f21000 	C:\Windows\SYSTEM32\ntmarta.dll
0x00007ffa7c0b0000 - 0x00007ffa7c1e5000 	C:\Windows\System32\MSCTF.dll
0x00007ffa7da80000 - 0x00007ffa7def0000 	C:\Windows\System32\SETUPAPI.DLL
0x00007ffa7b120000 - 0x00007ffa7b146000 	C:\Windows\System32\bcrypt.dll
0x00007ffa7ba70000 - 0x00007ffa7bacc000 	C:\Windows\System32\WINTRUST.dll
0x00007ffa7aee0000 - 0x00007ffa7aef2000 	C:\Windows\System32\MSASN1.dll
0x00007ffa7bdb0000 - 0x00007ffa7bf01000 	C:\Windows\System32\CRYPT32.dll
0x00007ffa56710000 - 0x00007ffa56866000 	C:\Windows\SYSTEM32\opengl32.dll
0x00007ffa59ae0000 - 0x00007ffa59b0c000 	C:\Windows\SYSTEM32\GLU32.dll
0x00007ffa79b60000 - 0x00007ffa79b80000 	C:\Windows\SYSTEM32\dxcore.dll
0x00007ff9f8ba0000 - 0x00007ff9fb7ab000 	C:\Windows\System32\DriverStore\FileRepository\nvlt.inf_amd64_5015fe8a67ed5962\nvoglv64.dll
0x00007ffa7d820000 - 0x00007ffa7d977000 	C:\Windows\System32\ole32.dll
0x00007ffa77340000 - 0x00007ffa77353000 	C:\Windows\SYSTEM32\WTSAPI32.dll
0x00007ffa73ed0000 - 0x00007ffa73eff000 	C:\Windows\SYSTEM32\cryptnet.dll
0x00007ffa7a8c0000 - 0x00007ffa7a8cc000 	C:\Windows\SYSTEM32\cryptbase.dll
0x00007ffa2e360000 - 0x00007ffa2e617000 	C:\Windows\system32\nvspcap64.dll
0x00007ffa79f60000 - 0x00007ffa79fb6000 	C:\Windows\SYSTEM32\WINSTA.dll
0x00007ffa65910000 - 0x00007ffa659ad000 	C:\Windows\System32\TextInputFramework.dll
0x00007ffa6bdc0000 - 0x00007ffa6c067000 	C:\Windows\System32\iertutil.dll
0x00007ffa3bd70000 - 0x00007ffa3bdc9000 	C:\Users\mikul\AppData\Local\Temp\lwjglmikul\3.2.3-build-13\lwjgl_opengl.dll

dbghelp: loaded successfully - version: 4.0.5 - missing functions: none
symbol engine: initialized successfully - sym options: 0x614 - pdb path: .;C:\Program Files\Java\jdk-15.0.2\bin;C:\Windows\SYSTEM32;C:\Program Files\Avast Software\Avast;C:\Windows\WinSxS\amd64_microsoft.windows.common-controls_6595b64144ccf1df_6.0.18362.1440_none_9e7dbfb9e45e8e67;C:\Program Files\Java\jdk-15.0.2\bin\server;C:\Users\mikul\AppData\Local\Temp\lwjglmikul\3.2.3-build-13;C:\Windows\System32\DriverStore\FileRepository\nvlt.inf_amd64_5015fe8a67ed5962

VM Arguments:
jvm_args: -Dfile.encoding=windows-1252 -Duser.country=US -Duser.language=en -Duser.variant 
java_command: Main
java_class_path (initial): C:\Users\mikul\IdeaProjects\OpenGLMaze\build\classes\java\main;C:\Users\mikul\IdeaProjects\OpenGLMaze\build\resources\main;C:\Users\mikul\.gradle\caches\modules-2\files-2.1\org.lwjgl\lwjgl-assimp\3.2.3\f62aa07a20afbdd3097efc296c4841e0d29700eb\lwjgl-assimp-3.2.3.jar;C:\Users\mikul\.gradle\caches\modules-2\files-2.1\org.lwjgl\lwjgl-assimp\3.2.3\4e60aeb75f0343c4a9ede4ef8b6b32ca702a00a3\lwjgl-assimp-3.2.3-natives-windows.jar;C:\Users\mikul\.gradle\caches\modules-2\files-2.1\org.lwjgl\lwjgl-bgfx\3.2.3\433883c4040fa8df47244dffa1d42c96ce2143de\lwjgl-bgfx-3.2.3.jar;C:\Users\mikul\.gradle\caches\modules-2\files-2.1\org.lwjgl\lwjgl-bgfx\3.2.3\f589da97dd3cfa96f42c8c812a0a028cf28223b8\lwjgl-bgfx-3.2.3-natives-windows.jar;C:\Users\mikul\.gradle\caches\modules-2\files-2.1\org.lwjgl\lwjgl-glfw\3.2.3\5e520d5c290c8b012545a8d34fa5db5ab051ea53\lwjgl-glfw-3.2.3.jar;C:\Users\mikul\.gradle\caches\modules-2\files-2.1\org.lwjgl\lwjgl-glfw\3.2.3\b4d8a3477cdc2edcf7a5f1e822926be846223f54\lwjgl-glfw-3.2.3-natives-windows.jar;C:\Users\mikul\.gradle\caches\modules-2\files-2.1\org.lwjgl\lwjgl-nanovg\3.2.3\718be4a13691d1cd276fa852326e9e837d65204e\lwjgl-nanovg-3.2.3.jar;C:\Users\mikul\.gradle\caches\modules-2\files-2.1\org.lwjgl\lwjgl-nanovg\3.2.3\2fbe5c2849bcf182ba3c6c09828f032a64cd47ec\lwjgl-nanovg-3.2.3-natives-windows.jar;C:\Users\mikul\.gradle\caches\modules-2\files-2.1\org.lwjgl\lwjgl-nuklear\3.2.3\45bfab23e975201bf3cb81287be6034adec64a86\lwjgl-nuklear-3.2.3.jar;C:\Users\mikul\.gradle\caches\modules-2\files-2.1\org.lwjgl\lwjgl-nuklear\3.2.3\ccb63f09670e43e58969b567ef42e02275be555a\lwjgl-nuklear-3.2.3-natives-windows.jar;C:\Users\mikul\.gradle\caches\modules-2\files-2.1\org.lwjgl\lwjgl-openal\3.2.3\106742e805803ab9eab8e343f0fb31a3d263903c\lwjgl-openal-3.2.3.jar;C:\Users\mikul\.gradle\caches\modules-2\files-2.1\org.lwjgl\lwjgl-openal\3.2.3\ec898e8ce11b5886f4f532a1536283ef2817758d\lwjgl-openal-3.2.3-natives-windows.jar;C:\Users\mikul\.gradle\caches\modules-2\files-2.
Launcher Type: SUN_STANDARD

[Global flags]
     intx CICompilerCount                          = 12                                        {product} {ergonomic}
     uint ConcGCThreads                            = 3                                         {product} {ergonomic}
     uint G1ConcRefinementThreads                  = 13                                        {product} {ergonomic}
   size_t G1HeapRegionSize                         = 2097152                                   {product} {ergonomic}
    uintx GCDrainStackTargetSize                   = 64                                        {product} {ergonomic}
   size_t InitialHeapSize                          = 266338304                                 {product} {ergonomic}
   size_t MarkStackSize                            = 4194304                                   {product} {ergonomic}
   size_t MaxHeapSize                              = 4253024256                                {product} {ergonomic}
   size_t MaxNewSize                               = 2550136832                                {product} {ergonomic}
   size_t MinHeapDeltaBytes                        = 2097152                                   {product} {ergonomic}
   size_t MinHeapSize                              = 8388608                                   {product} {ergonomic}
    uintx NonNMethodCodeHeapSize                   = 7602480                                {pd product} {ergonomic}
    uintx NonProfiledCodeHeapSize                  = 122027880                              {pd product} {ergonomic}
    uintx ProfiledCodeHeapSize                     = 122027880                              {pd product} {ergonomic}
    uintx ReservedCodeCacheSize                    = 251658240                              {pd product} {ergonomic}
     bool SegmentedCodeCache                       = true                                      {product} {ergonomic}
   size_t SoftMaxHeapSize                          = 4253024256                             {manageable} {ergonomic}
     bool UseCompressedClassPointers               = true                                 {lp64_product} {ergonomic}
     bool UseCompressedOops                        = true                                 {lp64_product} {ergonomic}
     bool UseG1GC                                  = true                                      {product} {ergonomic}
     bool UseLargePagesIndividualAllocation        = false                                  {pd product} {ergonomic}

Logging:
Log output configuration:
 #0: stdout all=warning uptime,level,tags
 #1: stderr all=off uptime,level,tags

Environment Variables:
PATH=C:\Program Files\Common Files\Oracle\Java\javapath;C:\Python39\Scripts\;C:\Python39\;C:\Windows\system32;C:\Windows;C:\Windows\System32\Wbem;C:\Windows\System32\WindowsPowerShell\v1.0\;C:\Windows\System32\OpenSSH\;C:\Program Files (x86)\NVIDIA Corporation\PhysX\Common;C:\Program Files\NVIDIA Corporation\NVIDIA NvDLISR;C:\Program Files\nodejs\;C:\ProgramData\chocolatey\bin;C:\Program Files\Git\cmd;C:\Users\mikul\AppData\Local\Microsoft\WindowsApps;C:\Users\mikul\AppData\Roaming\npm;C:\Users\mikul\AppData\Local\GitHubDesktop\bin;C:\Program Files\JetBrains\IntelliJ IDEA 2020.3.2\bin;
USERNAME=mikul
OS=Windows_NT
PROCESSOR_IDENTIFIER=Intel64 Family 6 Model 165 Stepping 2, GenuineIntel



---------------  S Y S T E M  ---------------

OS:
 Windows 10 , 64 bit Build 18362 (10.0.18362.1350)
OS uptime: 0 days 1:45 hours

CPU: total 16 (initial active 16) (8 cores per cpu, 2 threads per core) family 6 model 165 stepping 2 microcode 0xc8, cmov, cx8, fxsr, mmx, sse, sse2, sse3, ssse3, sse4.1, sse4.2, popcnt, vzeroupper, avx, avx2, aes, clmul, erms, 3dnowpref, lzcnt, ht, tsc, tscinvbit, bmi1, bmi2, adx, fma, clflush, clflushopt

Memory: 4k page, system-wide physical 16218M (6409M free)
TotalPageFile size 21082M (AvailPageFile size 5839M)
current process WorkingSet (physical memory assigned to process): 104M, peak: 151M
current process commit charge ("private bytes"): 422M, peak: 471M

vm_info: Java HotSpot(TM) 64-Bit Server VM (15.0.2+7-27) for windows-amd64 JRE (15.0.2+7-27), built on Dec  7 2020 20:07:01 by "mach5one" with unknown MS VC++:1925

END.
