#
# A fatal error has been detected by the Java Runtime Environment:
#
#  EXCEPTION_ACCESS_VIOLATION (0xc0000005) at pc=0x00007ff9dceefa40, pid=19012, tid=8548
#
# JRE version: Java(TM) SE Runtime Environment (15.0.2+7) (build 15.0.2+7-27)
# Java VM: Java HotSpot(TM) 64-Bit Server VM (15.0.2+7-27, mixed mode, sharing, tiered, compressed oops, g1 gc, windows-amd64)
# Problematic frame:
# C  [nvoglv64.dll+0x113fa40]
#
# No core dump will be written. Minidumps are not enabled by default on client versions of Windows
#
# If you would like to submit a bug report, please visit:
#   https://bugreport.java.com/bugreport/crash.jsp
# The crash happened outside the Java Virtual Machine in native code.
# See problematic frame for where to report the bug.
#

---------------  S U M M A R Y ------------

Command Line: -Dfile.encoding=windows-1252 -Duser.country=US -Duser.language=en -Duser.variant Main

Host: Intel(R) Core(TM) i7-10875H CPU @ 2.30GHz, 16 cores, 15G,  Windows 10 , 64 bit Build 18362 (10.0.18362.1350)
Time: Mon Mar 22 23:32:40 2021 Central Europe Standard Time elapsed time: 0.573142 seconds (0d 0h 0m 0s)

---------------  T H R E A D  ---------------

Current thread (0x000002214866fba0):  JavaThread "main" [_thread_in_native, id=8548, stack(0x00000082e3e00000,0x00000082e3f00000)]

Stack: [0x00000082e3e00000,0x00000082e3f00000],  sp=0x00000082e3eff488,  free space=1021k
Native frames: (J=compiled Java code, j=interpreted, Vv=VM code, C=native code)
C  [nvoglv64.dll+0x113fa40]

Java frames: (J=compiled Java code, j=interpreted, Vv=VM code)
j  org.lwjgl.opengl.GL11C.nglDrawElements(IIIJ)V+0
j  org.lwjgl.opengl.GL11C.glDrawElements(IIIJ)V+4
j  org.lwjgl.opengl.GL11.glDrawElements(IIIJ)V+4
j  Square.render(J)V+17
j  Main.main([Ljava/lang/String;)V+97
v  ~StubRoutines::call_stub

siginfo: EXCEPTION_ACCESS_VIOLATION (0xc0000005), reading address 0x0000000000000000


Register to memory mapping:

RIP=0x00007ff9dceefa40 nvoglv64.dll
RAX=0x0000000000022006 is an unknown value
RBX=0x000002216dc3e224 points into unknown readable memory: 06 20 02 00
RCX=0x000002216dc3e240 points into unknown readable memory: 0x0000000000000000 | 00 00 00 00 00 00 00 00
RDX=0x0 is NULL
RSP=0x00000082e3eff488 is pointing into the stack for thread: 0x000002214866fba0
RBP=0x0000000000000044 is an unknown value
RSI=0x0000000000000006 is an unknown value
RDI=0x000002216eb8b080 points into unknown readable memory: 0x0000000000000000 | 00 00 00 00 00 00 00 00
R8 =0x0000000000000018 is an unknown value
R9 =0x000002216dc3e224 points into unknown readable memory: 06 20 02 00
R10=0x0 is NULL
R11=0x000002216dc3e240 points into unknown readable memory: 0x0000000000000000 | 00 00 00 00 00 00 00 00
R12=0x0000000000000004 is an unknown value
R13=0x0000000000001405 is an unknown value
R14=0x0 is NULL
R15=0x000002214866fb00 points into unknown readable memory: 0x000002216d10e580 | 80 e5 10 6d 21 02 00 00


Registers:
RAX=0x0000000000022006, RBX=0x000002216dc3e224, RCX=0x000002216dc3e240, RDX=0x0000000000000000
RSP=0x00000082e3eff488, RBP=0x0000000000000044, RSI=0x0000000000000006, RDI=0x000002216eb8b080
R8 =0x0000000000000018, R9 =0x000002216dc3e224, R10=0x0000000000000000, R11=0x000002216dc3e240
R12=0x0000000000000004, R13=0x0000000000001405, R14=0x0000000000000000, R15=0x000002214866fb00
RIP=0x00007ff9dceefa40, EFLAGS=0x0000000000010283

Top of Stack: (sp=0x00000082e3eff488)
0x00000082e3eff488:   00007ff9dc587a6c 0000000000000148
0x00000082e3eff498:   000002216cfbe260 00000082e3eff5b0
0x00000082e3eff4a8:   00007ff9e632c687 000000000017555d
0x00000082e3eff4b8:   00000221508bdfc1 000002214866fba0
0x00000082e3eff4c8:   0000000000000148 000002216cfbe260
0x00000082e3eff4d8:   000002214866fba0 000002215089a1aa
0x00000082e3eff4e8:   000002215089efc0 00000082e3eff5f0
0x00000082e3eff4f8:   000002216cfbe260 0000000000000000
0x00000082e3eff508:   000002215089a1aa 0000000000000148
0x00000082e3eff518:   000002215089f177 00000082e3eff5b0
0x00000082e3eff528:   0000008200000018 000002214866fba0
0x00000082e3eff538:   000002216cfbe260 0000022100001405
0x00000082e3eff548:   0000000000000000 3ff0000000000000
0x00000082e3eff558:   000002214866fba0 000002215089ee16
0x00000082e3eff568:   00000082e3eff568 000002216cfbe260
0x00000082e3eff578:   00000082e3eff5f0 000002216cfc8f08 

Instructions: (pc=0x00007ff9dceefa40)
0x00007ff9dceef940:   33 c0 c3 1b c0 83 d8 ff c3 90 49 c1 e9 02 74 37
0x00007ff9dceef950:   48 8b 01 48 3b 04 11 75 5b 48 8b 41 08 48 3b 44
0x00007ff9dceef960:   11 08 75 4c 48 8b 41 10 48 3b 44 11 10 75 3d 48
0x00007ff9dceef970:   8b 41 18 48 3b 44 11 18 75 2e 48 83 c1 20 49 ff
0x00007ff9dceef980:   c9 75 cd 49 83 e0 1f 4d 8b c8 49 c1 e9 03 74 9b
0x00007ff9dceef990:   48 8b 01 48 3b 04 11 75 1b 48 83 c1 08 49 ff c9
0x00007ff9dceef9a0:   75 ee 49 83 e0 07 eb 83 48 83 c1 08 48 83 c1 08
0x00007ff9dceef9b0:   48 83 c1 08 48 8b 0c 0a 48 0f c8 48 0f c9 48 3b
0x00007ff9dceef9c0:   c1 1b c0 83 d8 ff c3 cc cc cc cc cc cc cc cc cc
0x00007ff9dceef9d0:   cc cc cc cc cc cc 66 66 0f 1f 84 00 00 00 00 00
0x00007ff9dceef9e0:   57 56 49 8b c3 48 8b f9 49 8b c8 49 8b f2 f3 a4
0x00007ff9dceef9f0:   5e 5f c3 cc cc cc cc cc cc 0f 1f 80 00 00 00 00
0x00007ff9dceefa00:   4c 8b d9 4c 8b d2 49 83 f8 10 76 54 49 83 f8 20
0x00007ff9dceefa10:   76 2e 48 2b d1 73 0d 4b 8d 04 10 48 3b c8 0f 82
0x00007ff9dceefa20:   dc 02 00 00 49 81 f8 80 00 00 00 0f 86 0f 02 00
0x00007ff9dceefa30:   00 f6 05 20 a1 92 01 02 0f 84 52 01 00 00 eb a0
0x00007ff9dceefa40:   0f 10 02 42 0f 10 4c 02 f0 0f 11 01 42 0f 11 4c
0x00007ff9dceefa50:   01 f0 48 8b c1 c3 66 66 0f 1f 84 00 00 00 00 00
0x00007ff9dceefa60:   48 8b c1 4c 8d 0d 96 05 ec fe 43 8b 8c 81 10 4a
0x00007ff9dceefa70:   bb 02 49 03 c9 ff e1 66 0f 1f 84 00 00 00 00 00
0x00007ff9dceefa80:   c3 0f b7 0a 66 89 08 c3 48 8b 0a 48 89 08 c3 0f
0x00007ff9dceefa90:   b7 0a 44 0f b6 42 02 66 89 08 44 88 40 02 c3 0f
0x00007ff9dceefaa0:   b6 0a 88 08 c3 f3 0f 6f 02 f3 0f 7f 00 c3 66 90
0x00007ff9dceefab0:   4c 8b 02 0f b7 4a 08 44 0f b6 4a 0a 4c 89 00 66
0x00007ff9dceefac0:   89 48 08 44 88 48 0a c3 8b 0a 89 08 c3 0f 1f 00
0x00007ff9dceefad0:   8b 0a 44 0f b6 42 04 89 08 44 88 40 04 c3 66 90
0x00007ff9dceefae0:   8b 0a 44 0f b7 42 04 89 08 66 44 89 40 04 c3 90
0x00007ff9dceefaf0:   8b 0a 44 0f b7 42 04 44 0f b6 4a 06 89 08 66 44
0x00007ff9dceefb00:   89 40 04 44 88 48 06 c3 4c 8b 02 8b 4a 08 44 0f
0x00007ff9dceefb10:   b6 4a 0c 4c 89 00 89 48 08 44 88 48 0c c3 66 90
0x00007ff9dceefb20:   4c 8b 02 0f b6 4a 08 4c 89 00 88 48 08 c3 66 90
0x00007ff9dceefb30:   4c 8b 02 0f b7 4a 08 4c 89 00 66 89 48 08 c3 90 


Stack slot to memory mapping:
stack at sp + 0 slots: 0x00007ff9dc587a6c nvoglv64.dll
stack at sp + 1 slots: 0x0000000000000148 is an unknown value
stack at sp + 2 slots: {method} {0x000002216cfbe268} 'nglDrawElements' '(IIIJ)V' in 'org/lwjgl/opengl/GL11C'
stack at sp + 3 slots: 0x00000082e3eff5b0 is pointing into the stack for thread: 0x000002214866fba0
stack at sp + 4 slots: 0x00007ff9e632c687 jvm.dll
stack at sp + 5 slots: 0x000000000017555d is an unknown value
stack at sp + 6 slots: 0x00000221508bdfc1 is at code_begin+3649 in 
[CodeBlob (0x00000221508bd110)]
Framesize: 0
BufferBlob (0x00000221508bd110) used for native signature handlers
stack at sp + 7 slots: 0x000002214866fba0 is a thread


---------------  P R O C E S S  ---------------

Threads class SMR info:
_java_thread_list=0x00000221738f6790, length=14, elements={
0x000002214866fba0, 0x000002216c7f15e0, 0x000002216c7f21b0, 0x000002216c80bf50,
0x000002216c80ea10, 0x000002216c80f4c0, 0x000002216c8121d0, 0x000002216c816180,
0x000002216c816b80, 0x000002216d1c2070, 0x000002216d1c4590, 0x000002216d1f2ef0,
0x000002216d1f43d0, 0x0000022173833e60
}

Java Threads: ( => current thread )
=>0x000002214866fba0 JavaThread "main" [_thread_in_native, id=8548, stack(0x00000082e3e00000,0x00000082e3f00000)]
  0x000002216c7f15e0 JavaThread "Reference Handler" daemon [_thread_blocked, id=11692, stack(0x00000082e4500000,0x00000082e4600000)]
  0x000002216c7f21b0 JavaThread "Finalizer" daemon [_thread_blocked, id=1600, stack(0x00000082e4600000,0x00000082e4700000)]
  0x000002216c80bf50 JavaThread "Signal Dispatcher" daemon [_thread_blocked, id=7436, stack(0x00000082e4700000,0x00000082e4800000)]
  0x000002216c80ea10 JavaThread "Attach Listener" daemon [_thread_blocked, id=21824, stack(0x00000082e4800000,0x00000082e4900000)]
  0x000002216c80f4c0 JavaThread "Service Thread" daemon [_thread_blocked, id=23932, stack(0x00000082e4900000,0x00000082e4a00000)]
  0x000002216c8121d0 JavaThread "C2 CompilerThread0" daemon [_thread_blocked, id=20000, stack(0x00000082e4a00000,0x00000082e4b00000)]
  0x000002216c816180 JavaThread "C1 CompilerThread0" daemon [_thread_blocked, id=13748, stack(0x00000082e4b00000,0x00000082e4c00000)]
  0x000002216c816b80 JavaThread "Sweeper thread" daemon [_thread_blocked, id=19264, stack(0x00000082e4c00000,0x00000082e4d00000)]
  0x000002216d1c2070 JavaThread "C1 CompilerThread1" daemon [_thread_blocked, id=15704, stack(0x00000082e4d00000,0x00000082e4e00000)]
  0x000002216d1c4590 JavaThread "C1 CompilerThread2" daemon [_thread_blocked, id=23592, stack(0x00000082e4e00000,0x00000082e4f00000)]
  0x000002216d1f2ef0 JavaThread "Notification Thread" daemon [_thread_blocked, id=21532, stack(0x00000082e4f00000,0x00000082e5000000)]
  0x000002216d1f43d0 JavaThread "Common-Cleaner" daemon [_thread_blocked, id=23224, stack(0x00000082e5100000,0x00000082e5200000)]
  0x0000022173833e60 JavaThread "C1 CompilerThread3" daemon [_thread_blocked, id=25460, stack(0x00000082e5900000,0x00000082e5a00000)]

Other Threads:
  0x000002216c7efd60 VMThread "VM Thread" [stack: 0x00000082e4400000,0x00000082e4500000] [id=3688]
  0x000002216d1fdd60 WatcherThread [stack: 0x00000082e5000000,0x00000082e5100000] [id=18916]
  0x00000221486c38e0 GCTaskThread "GC Thread#0" [stack: 0x00000082e3f00000,0x00000082e4000000] [id=22672]
  0x00000221486d5a10 ConcurrentGCThread "G1 Main Marker" [stack: 0x00000082e4000000,0x00000082e4100000] [id=5484]
  0x00000221486d6e20 ConcurrentGCThread "G1 Conc#0" [stack: 0x00000082e4100000,0x00000082e4200000] [id=26364]
  0x000002214872dee0 ConcurrentGCThread "G1 Refine#0" [stack: 0x00000082e4200000,0x00000082e4300000] [id=26196]
  0x000002214872eb60 ConcurrentGCThread "G1 Young RemSet Sampling" [stack: 0x00000082e4300000,0x00000082e4400000] [id=23000]

Threads with active compile tasks:

VM state: not at safepoint (normal execution)

VM Mutex/Monitor currently owned by a thread: None

Heap address: 0x0000000702800000, size: 4056 MB, Compressed Oops mode: Zero based, Oop shift amount: 3
CDS archive(s) mapped at: [0x0000000800000000-0x0000000800b50000-0x0000000800b50000), size 11862016, SharedBaseAddress: 0x0000000800000000, ArchiveRelocationMode: 0.
Compressed class space mapped at: 0x0000000800b50000-0x0000000840b50000, size: 1073741824
Narrow klass base: 0x0000000800000000, Narrow klass shift: 3, Narrow klass range: 0x100000000

GC Precious Log:
 CPUs: 16 total, 16 available
 Memory: 16218M
 Large Page Support: Disabled
 NUMA Support: Disabled
 Compressed Oops: Enabled (Zero based)
 Heap Region Size: 2M
 Heap Min Capacity: 8M
 Heap Initial Capacity: 254M
 Heap Max Capacity: 4056M
 Pre-touch: Disabled
 Parallel Workers: 13
 Concurrent Workers: 3
 Concurrent Refinement Workers: 13
 Periodic GC: Disabled

Heap:
 garbage-first heap   total 260096K, used 14336K [0x0000000702800000, 0x0000000800000000)
  region size 2048K, 8 young (16384K), 0 survivors (0K)
 Metaspace       used 5495K, capacity 8410K, committed 8576K, reserved 1056768K
  class space    used 274K, capacity 571K, committed 640K, reserved 1048576K

Heap Regions: E=young(eden), S=young(survivor), O=old, HS=humongous(starts), HC=humongous(continues), CS=collection set, F=free, OA=open archive, CA=closed archive, TAMS=top-at-mark-start (previous, next)
|   0|0x0000000702800000, 0x0000000702800000, 0x0000000702a00000|  0%| F|  |TAMS 0x0000000702800000, 0x0000000702800000| Untracked 
|   1|0x0000000702a00000, 0x0000000702a00000, 0x0000000702c00000|  0%| F|  |TAMS 0x0000000702a00000, 0x0000000702a00000| Untracked 
|   2|0x0000000702c00000, 0x0000000702c00000, 0x0000000702e00000|  0%| F|  |TAMS 0x0000000702c00000, 0x0000000702c00000| Untracked 
|   3|0x0000000702e00000, 0x0000000702e00000, 0x0000000703000000|  0%| F|  |TAMS 0x0000000702e00000, 0x0000000702e00000| Untracked 
|   4|0x0000000703000000, 0x0000000703000000, 0x0000000703200000|  0%| F|  |TAMS 0x0000000703000000, 0x0000000703000000| Untracked 
|   5|0x0000000703200000, 0x0000000703200000, 0x0000000703400000|  0%| F|  |TAMS 0x0000000703200000, 0x0000000703200000| Untracked 
|   6|0x0000000703400000, 0x0000000703400000, 0x0000000703600000|  0%| F|  |TAMS 0x0000000703400000, 0x0000000703400000| Untracked 
|   7|0x0000000703600000, 0x0000000703600000, 0x0000000703800000|  0%| F|  |TAMS 0x0000000703600000, 0x0000000703600000| Untracked 
|   8|0x0000000703800000, 0x0000000703800000, 0x0000000703a00000|  0%| F|  |TAMS 0x0000000703800000, 0x0000000703800000| Untracked 
|   9|0x0000000703a00000, 0x0000000703a00000, 0x0000000703c00000|  0%| F|  |TAMS 0x0000000703a00000, 0x0000000703a00000| Untracked 
|  10|0x0000000703c00000, 0x0000000703c00000, 0x0000000703e00000|  0%| F|  |TAMS 0x0000000703c00000, 0x0000000703c00000| Untracked 
|  11|0x0000000703e00000, 0x0000000703e00000, 0x0000000704000000|  0%| F|  |TAMS 0x0000000703e00000, 0x0000000703e00000| Untracked 
|  12|0x0000000704000000, 0x0000000704000000, 0x0000000704200000|  0%| F|  |TAMS 0x0000000704000000, 0x0000000704000000| Untracked 
|  13|0x0000000704200000, 0x0000000704200000, 0x0000000704400000|  0%| F|  |TAMS 0x0000000704200000, 0x0000000704200000| Untracked 
|  14|0x0000000704400000, 0x0000000704400000, 0x0000000704600000|  0%| F|  |TAMS 0x0000000704400000, 0x0000000704400000| Untracked 
|  15|0x0000000704600000, 0x0000000704600000, 0x0000000704800000|  0%| F|  |TAMS 0x0000000704600000, 0x0000000704600000| Untracked 
|  16|0x0000000704800000, 0x0000000704800000, 0x0000000704a00000|  0%| F|  |TAMS 0x0000000704800000, 0x0000000704800000| Untracked 
|  17|0x0000000704a00000, 0x0000000704a00000, 0x0000000704c00000|  0%| F|  |TAMS 0x0000000704a00000, 0x0000000704a00000| Untracked 
|  18|0x0000000704c00000, 0x0000000704c00000, 0x0000000704e00000|  0%| F|  |TAMS 0x0000000704c00000, 0x0000000704c00000| Untracked 
|  19|0x0000000704e00000, 0x0000000704e00000, 0x0000000705000000|  0%| F|  |TAMS 0x0000000704e00000, 0x0000000704e00000| Untracked 
|  20|0x0000000705000000, 0x0000000705000000, 0x0000000705200000|  0%| F|  |TAMS 0x0000000705000000, 0x0000000705000000| Untracked 
|  21|0x0000000705200000, 0x0000000705200000, 0x0000000705400000|  0%| F|  |TAMS 0x0000000705200000, 0x0000000705200000| Untracked 
|  22|0x0000000705400000, 0x0000000705400000, 0x0000000705600000|  0%| F|  |TAMS 0x0000000705400000, 0x0000000705400000| Untracked 
|  23|0x0000000705600000, 0x0000000705600000, 0x0000000705800000|  0%| F|  |TAMS 0x0000000705600000, 0x0000000705600000| Untracked 
|  24|0x0000000705800000, 0x0000000705800000, 0x0000000705a00000|  0%| F|  |TAMS 0x0000000705800000, 0x0000000705800000| Untracked 
|  25|0x0000000705a00000, 0x0000000705a00000, 0x0000000705c00000|  0%| F|  |TAMS 0x0000000705a00000, 0x0000000705a00000| Untracked 
|  26|0x0000000705c00000, 0x0000000705c00000, 0x0000000705e00000|  0%| F|  |TAMS 0x0000000705c00000, 0x0000000705c00000| Untracked 
|  27|0x0000000705e00000, 0x0000000705e00000, 0x0000000706000000|  0%| F|  |TAMS 0x0000000705e00000, 0x0000000705e00000| Untracked 
|  28|0x0000000706000000, 0x0000000706000000, 0x0000000706200000|  0%| F|  |TAMS 0x0000000706000000, 0x0000000706000000| Untracked 
|  29|0x0000000706200000, 0x0000000706200000, 0x0000000706400000|  0%| F|  |TAMS 0x0000000706200000, 0x0000000706200000| Untracked 
|  30|0x0000000706400000, 0x0000000706400000, 0x0000000706600000|  0%| F|  |TAMS 0x0000000706400000, 0x0000000706400000| Untracked 
|  31|0x0000000706600000, 0x0000000706600000, 0x0000000706800000|  0%| F|  |TAMS 0x0000000706600000, 0x0000000706600000| Untracked 
|  32|0x0000000706800000, 0x0000000706800000, 0x0000000706a00000|  0%| F|  |TAMS 0x0000000706800000, 0x0000000706800000| Untracked 
|  33|0x0000000706a00000, 0x0000000706a00000, 0x0000000706c00000|  0%| F|  |TAMS 0x0000000706a00000, 0x0000000706a00000| Untracked 
|  34|0x0000000706c00000, 0x0000000706c00000, 0x0000000706e00000|  0%| F|  |TAMS 0x0000000706c00000, 0x0000000706c00000| Untracked 
|  35|0x0000000706e00000, 0x0000000706e00000, 0x0000000707000000|  0%| F|  |TAMS 0x0000000706e00000, 0x0000000706e00000| Untracked 
|  36|0x0000000707000000, 0x0000000707000000, 0x0000000707200000|  0%| F|  |TAMS 0x0000000707000000, 0x0000000707000000| Untracked 
|  37|0x0000000707200000, 0x0000000707200000, 0x0000000707400000|  0%| F|  |TAMS 0x0000000707200000, 0x0000000707200000| Untracked 
|  38|0x0000000707400000, 0x0000000707400000, 0x0000000707600000|  0%| F|  |TAMS 0x0000000707400000, 0x0000000707400000| Untracked 
|  39|0x0000000707600000, 0x0000000707600000, 0x0000000707800000|  0%| F|  |TAMS 0x0000000707600000, 0x0000000707600000| Untracked 
|  40|0x0000000707800000, 0x0000000707800000, 0x0000000707a00000|  0%| F|  |TAMS 0x0000000707800000, 0x0000000707800000| Untracked 
|  41|0x0000000707a00000, 0x0000000707a00000, 0x0000000707c00000|  0%| F|  |TAMS 0x0000000707a00000, 0x0000000707a00000| Untracked 
|  42|0x0000000707c00000, 0x0000000707c00000, 0x0000000707e00000|  0%| F|  |TAMS 0x0000000707c00000, 0x0000000707c00000| Untracked 
|  43|0x0000000707e00000, 0x0000000707e00000, 0x0000000708000000|  0%| F|  |TAMS 0x0000000707e00000, 0x0000000707e00000| Untracked 
|  44|0x0000000708000000, 0x0000000708000000, 0x0000000708200000|  0%| F|  |TAMS 0x0000000708000000, 0x0000000708000000| Untracked 
|  45|0x0000000708200000, 0x0000000708200000, 0x0000000708400000|  0%| F|  |TAMS 0x0000000708200000, 0x0000000708200000| Untracked 
|  46|0x0000000708400000, 0x0000000708400000, 0x0000000708600000|  0%| F|  |TAMS 0x0000000708400000, 0x0000000708400000| Untracked 
|  47|0x0000000708600000, 0x0000000708600000, 0x0000000708800000|  0%| F|  |TAMS 0x0000000708600000, 0x0000000708600000| Untracked 
|  48|0x0000000708800000, 0x0000000708800000, 0x0000000708a00000|  0%| F|  |TAMS 0x0000000708800000, 0x0000000708800000| Untracked 
|  49|0x0000000708a00000, 0x0000000708a00000, 0x0000000708c00000|  0%| F|  |TAMS 0x0000000708a00000, 0x0000000708a00000| Untracked 
|  50|0x0000000708c00000, 0x0000000708c00000, 0x0000000708e00000|  0%| F|  |TAMS 0x0000000708c00000, 0x0000000708c00000| Untracked 
|  51|0x0000000708e00000, 0x0000000708e00000, 0x0000000709000000|  0%| F|  |TAMS 0x0000000708e00000, 0x0000000708e00000| Untracked 
|  52|0x0000000709000000, 0x0000000709000000, 0x0000000709200000|  0%| F|  |TAMS 0x0000000709000000, 0x0000000709000000| Untracked 
|  53|0x0000000709200000, 0x0000000709200000, 0x0000000709400000|  0%| F|  |TAMS 0x0000000709200000, 0x0000000709200000| Untracked 
|  54|0x0000000709400000, 0x0000000709400000, 0x0000000709600000|  0%| F|  |TAMS 0x0000000709400000, 0x0000000709400000| Untracked 
|  55|0x0000000709600000, 0x0000000709600000, 0x0000000709800000|  0%| F|  |TAMS 0x0000000709600000, 0x0000000709600000| Untracked 
|  56|0x0000000709800000, 0x0000000709800000, 0x0000000709a00000|  0%| F|  |TAMS 0x0000000709800000, 0x0000000709800000| Untracked 
|  57|0x0000000709a00000, 0x0000000709a00000, 0x0000000709c00000|  0%| F|  |TAMS 0x0000000709a00000, 0x0000000709a00000| Untracked 
|  58|0x0000000709c00000, 0x0000000709c00000, 0x0000000709e00000|  0%| F|  |TAMS 0x0000000709c00000, 0x0000000709c00000| Untracked 
|  59|0x0000000709e00000, 0x0000000709e00000, 0x000000070a000000|  0%| F|  |TAMS 0x0000000709e00000, 0x0000000709e00000| Untracked 
|  60|0x000000070a000000, 0x000000070a000000, 0x000000070a200000|  0%| F|  |TAMS 0x000000070a000000, 0x000000070a000000| Untracked 
|  61|0x000000070a200000, 0x000000070a200000, 0x000000070a400000|  0%| F|  |TAMS 0x000000070a200000, 0x000000070a200000| Untracked 
|  62|0x000000070a400000, 0x000000070a400000, 0x000000070a600000|  0%| F|  |TAMS 0x000000070a400000, 0x000000070a400000| Untracked 
|  63|0x000000070a600000, 0x000000070a600000, 0x000000070a800000|  0%| F|  |TAMS 0x000000070a600000, 0x000000070a600000| Untracked 
|  64|0x000000070a800000, 0x000000070a800000, 0x000000070aa00000|  0%| F|  |TAMS 0x000000070a800000, 0x000000070a800000| Untracked 
|  65|0x000000070aa00000, 0x000000070aa00000, 0x000000070ac00000|  0%| F|  |TAMS 0x000000070aa00000, 0x000000070aa00000| Untracked 
|  66|0x000000070ac00000, 0x000000070ac00000, 0x000000070ae00000|  0%| F|  |TAMS 0x000000070ac00000, 0x000000070ac00000| Untracked 
|  67|0x000000070ae00000, 0x000000070ae00000, 0x000000070b000000|  0%| F|  |TAMS 0x000000070ae00000, 0x000000070ae00000| Untracked 
|  68|0x000000070b000000, 0x000000070b000000, 0x000000070b200000|  0%| F|  |TAMS 0x000000070b000000, 0x000000070b000000| Untracked 
|  69|0x000000070b200000, 0x000000070b200000, 0x000000070b400000|  0%| F|  |TAMS 0x000000070b200000, 0x000000070b200000| Untracked 
|  70|0x000000070b400000, 0x000000070b400000, 0x000000070b600000|  0%| F|  |TAMS 0x000000070b400000, 0x000000070b400000| Untracked 
|  71|0x000000070b600000, 0x000000070b600000, 0x000000070b800000|  0%| F|  |TAMS 0x000000070b600000, 0x000000070b600000| Untracked 
|  72|0x000000070b800000, 0x000000070b800000, 0x000000070ba00000|  0%| F|  |TAMS 0x000000070b800000, 0x000000070b800000| Untracked 
|  73|0x000000070ba00000, 0x000000070ba00000, 0x000000070bc00000|  0%| F|  |TAMS 0x000000070ba00000, 0x000000070ba00000| Untracked 
|  74|0x000000070bc00000, 0x000000070bc00000, 0x000000070be00000|  0%| F|  |TAMS 0x000000070bc00000, 0x000000070bc00000| Untracked 
|  75|0x000000070be00000, 0x000000070be00000, 0x000000070c000000|  0%| F|  |TAMS 0x000000070be00000, 0x000000070be00000| Untracked 
|  76|0x000000070c000000, 0x000000070c000000, 0x000000070c200000|  0%| F|  |TAMS 0x000000070c000000, 0x000000070c000000| Untracked 
|  77|0x000000070c200000, 0x000000070c200000, 0x000000070c400000|  0%| F|  |TAMS 0x000000070c200000, 0x000000070c200000| Untracked 
|  78|0x000000070c400000, 0x000000070c400000, 0x000000070c600000|  0%| F|  |TAMS 0x000000070c400000, 0x000000070c400000| Untracked 
|  79|0x000000070c600000, 0x000000070c600000, 0x000000070c800000|  0%| F|  |TAMS 0x000000070c600000, 0x000000070c600000| Untracked 
|  80|0x000000070c800000, 0x000000070c800000, 0x000000070ca00000|  0%| F|  |TAMS 0x000000070c800000, 0x000000070c800000| Untracked 
|  81|0x000000070ca00000, 0x000000070ca00000, 0x000000070cc00000|  0%| F|  |TAMS 0x000000070ca00000, 0x000000070ca00000| Untracked 
|  82|0x000000070cc00000, 0x000000070cc00000, 0x000000070ce00000|  0%| F|  |TAMS 0x000000070cc00000, 0x000000070cc00000| Untracked 
|  83|0x000000070ce00000, 0x000000070ce00000, 0x000000070d000000|  0%| F|  |TAMS 0x000000070ce00000, 0x000000070ce00000| Untracked 
|  84|0x000000070d000000, 0x000000070d000000, 0x000000070d200000|  0%| F|  |TAMS 0x000000070d000000, 0x000000070d000000| Untracked 
|  85|0x000000070d200000, 0x000000070d200000, 0x000000070d400000|  0%| F|  |TAMS 0x000000070d200000, 0x000000070d200000| Untracked 
|  86|0x000000070d400000, 0x000000070d400000, 0x000000070d600000|  0%| F|  |TAMS 0x000000070d400000, 0x000000070d400000| Untracked 
|  87|0x000000070d600000, 0x000000070d600000, 0x000000070d800000|  0%| F|  |TAMS 0x000000070d600000, 0x000000070d600000| Untracked 
|  88|0x000000070d800000, 0x000000070d800000, 0x000000070da00000|  0%| F|  |TAMS 0x000000070d800000, 0x000000070d800000| Untracked 
|  89|0x000000070da00000, 0x000000070da00000, 0x000000070dc00000|  0%| F|  |TAMS 0x000000070da00000, 0x000000070da00000| Untracked 
|  90|0x000000070dc00000, 0x000000070dc00000, 0x000000070de00000|  0%| F|  |TAMS 0x000000070dc00000, 0x000000070dc00000| Untracked 
|  91|0x000000070de00000, 0x000000070de00000, 0x000000070e000000|  0%| F|  |TAMS 0x000000070de00000, 0x000000070de00000| Untracked 
|  92|0x000000070e000000, 0x000000070e000000, 0x000000070e200000|  0%| F|  |TAMS 0x000000070e000000, 0x000000070e000000| Untracked 
|  93|0x000000070e200000, 0x000000070e200000, 0x000000070e400000|  0%| F|  |TAMS 0x000000070e200000, 0x000000070e200000| Untracked 
|  94|0x000000070e400000, 0x000000070e400000, 0x000000070e600000|  0%| F|  |TAMS 0x000000070e400000, 0x000000070e400000| Untracked 
|  95|0x000000070e600000, 0x000000070e600000, 0x000000070e800000|  0%| F|  |TAMS 0x000000070e600000, 0x000000070e600000| Untracked 
|  96|0x000000070e800000, 0x000000070e800000, 0x000000070ea00000|  0%| F|  |TAMS 0x000000070e800000, 0x000000070e800000| Untracked 
|  97|0x000000070ea00000, 0x000000070ea00000, 0x000000070ec00000|  0%| F|  |TAMS 0x000000070ea00000, 0x000000070ea00000| Untracked 
|  98|0x000000070ec00000, 0x000000070ec00000, 0x000000070ee00000|  0%| F|  |TAMS 0x000000070ec00000, 0x000000070ec00000| Untracked 
|  99|0x000000070ee00000, 0x000000070ee00000, 0x000000070f000000|  0%| F|  |TAMS 0x000000070ee00000, 0x000000070ee00000| Untracked 
| 100|0x000000070f000000, 0x000000070f000000, 0x000000070f200000|  0%| F|  |TAMS 0x000000070f000000, 0x000000070f000000| Untracked 
| 101|0x000000070f200000, 0x000000070f200000, 0x000000070f400000|  0%| F|  |TAMS 0x000000070f200000, 0x000000070f200000| Untracked 
| 102|0x000000070f400000, 0x000000070f400000, 0x000000070f600000|  0%| F|  |TAMS 0x000000070f400000, 0x000000070f400000| Untracked 
| 103|0x000000070f600000, 0x000000070f600000, 0x000000070f800000|  0%| F|  |TAMS 0x000000070f600000, 0x000000070f600000| Untracked 
| 104|0x000000070f800000, 0x000000070f800000, 0x000000070fa00000|  0%| F|  |TAMS 0x000000070f800000, 0x000000070f800000| Untracked 
| 105|0x000000070fa00000, 0x000000070fa00000, 0x000000070fc00000|  0%| F|  |TAMS 0x000000070fa00000, 0x000000070fa00000| Untracked 
| 106|0x000000070fc00000, 0x000000070fc00000, 0x000000070fe00000|  0%| F|  |TAMS 0x000000070fc00000, 0x000000070fc00000| Untracked 
| 107|0x000000070fe00000, 0x000000070fe00000, 0x0000000710000000|  0%| F|  |TAMS 0x000000070fe00000, 0x000000070fe00000| Untracked 
| 108|0x0000000710000000, 0x0000000710000000, 0x0000000710200000|  0%| F|  |TAMS 0x0000000710000000, 0x0000000710000000| Untracked 
| 109|0x0000000710200000, 0x0000000710200000, 0x0000000710400000|  0%| F|  |TAMS 0x0000000710200000, 0x0000000710200000| Untracked 
| 110|0x0000000710400000, 0x0000000710400000, 0x0000000710600000|  0%| F|  |TAMS 0x0000000710400000, 0x0000000710400000| Untracked 
| 111|0x0000000710600000, 0x0000000710600000, 0x0000000710800000|  0%| F|  |TAMS 0x0000000710600000, 0x0000000710600000| Untracked 
| 112|0x0000000710800000, 0x0000000710800000, 0x0000000710a00000|  0%| F|  |TAMS 0x0000000710800000, 0x0000000710800000| Untracked 
| 113|0x0000000710a00000, 0x0000000710a00000, 0x0000000710c00000|  0%| F|  |TAMS 0x0000000710a00000, 0x0000000710a00000| Untracked 
| 114|0x0000000710c00000, 0x0000000710c00000, 0x0000000710e00000|  0%| F|  |TAMS 0x0000000710c00000, 0x0000000710c00000| Untracked 
| 115|0x0000000710e00000, 0x0000000710e00000, 0x0000000711000000|  0%| F|  |TAMS 0x0000000710e00000, 0x0000000710e00000| Untracked 
| 116|0x0000000711000000, 0x0000000711000000, 0x0000000711200000|  0%| F|  |TAMS 0x0000000711000000, 0x0000000711000000| Untracked 
| 117|0x0000000711200000, 0x0000000711200000, 0x0000000711400000|  0%| F|  |TAMS 0x0000000711200000, 0x0000000711200000| Untracked 
| 118|0x0000000711400000, 0x0000000711400000, 0x0000000711600000|  0%| F|  |TAMS 0x0000000711400000, 0x0000000711400000| Untracked 
| 119|0x0000000711600000, 0x000000071175a5e0, 0x0000000711800000| 67%| E|  |TAMS 0x0000000711600000, 0x0000000711600000| Complete 
| 120|0x0000000711800000, 0x0000000711a00000, 0x0000000711a00000|100%| E|CS|TAMS 0x0000000711800000, 0x0000000711800000| Complete 
| 121|0x0000000711a00000, 0x0000000711c00000, 0x0000000711c00000|100%| E|CS|TAMS 0x0000000711a00000, 0x0000000711a00000| Complete 
| 122|0x0000000711c00000, 0x0000000711e00000, 0x0000000711e00000|100%| E|CS|TAMS 0x0000000711c00000, 0x0000000711c00000| Complete 
| 123|0x0000000711e00000, 0x0000000712000000, 0x0000000712000000|100%| E|CS|TAMS 0x0000000711e00000, 0x0000000711e00000| Complete 
| 124|0x0000000712000000, 0x0000000712200000, 0x0000000712200000|100%| E|CS|TAMS 0x0000000712000000, 0x0000000712000000| Complete 
| 125|0x0000000712200000, 0x0000000712400000, 0x0000000712400000|100%| E|CS|TAMS 0x0000000712200000, 0x0000000712200000| Complete 
| 126|0x0000000712400000, 0x0000000712600000, 0x0000000712600000|100%| E|CS|TAMS 0x0000000712400000, 0x0000000712400000| Complete 

Card table byte_map: [0x0000022160900000,0x00000221610f0000] _byte_map_base: 0x000002215d0ec000

Marking Bits (Prev, Next): (CMBitMap*) 0x00000221486c5160, (CMBitMap*) 0x00000221486c51a0
 Prev Bits: [0x00000221618e0000, 0x0000022165840000)
 Next Bits: [0x0000022165840000, 0x00000221697a0000)

Polling page: 0x0000022146600000

Metaspace:

Usage:
  Non-class:      7.66 MB capacity,     5.10 MB ( 67%) used,     2.55 MB ( 33%) free+waste,     6.00 KB ( <1%) overhead. 
      Class:    571.00 KB capacity,   274.06 KB ( 48%) used,   295.13 KB ( 52%) free+waste,     1.81 KB ( <1%) overhead. 
       Both:      8.21 MB capacity,     5.37 MB ( 65%) used,     2.84 MB ( 35%) free+waste,     7.81 KB ( <1%) overhead. 

Virtual space:
  Non-class space:        8.00 MB reserved,       7.75 MB ( 97%) committed 
      Class space:        1.00 GB reserved,     640.00 KB ( <1%) committed 
             Both:        1.01 GB reserved,       8.38 MB ( <1%) committed 

Chunk freelists:
   Non-Class:  97.00 KB
       Class:  5.00 KB
        Both:  102.00 KB

MaxMetaspaceSize: 17179869184.00 GB
CompressedClassSpaceSize: 1.00 GB

CodeHeap 'non-profiled nmethods': size=119168Kb used=203Kb max_used=203Kb free=118964Kb
 bounds [0x0000022158430000, 0x00000221586a0000, 0x000002215f890000]
CodeHeap 'profiled nmethods': size=119104Kb used=1392Kb max_used=1392Kb free=117711Kb
 bounds [0x0000022150fe0000, 0x0000022151250000, 0x0000022158430000]
CodeHeap 'non-nmethods': size=7488Kb used=3274Kb max_used=3287Kb free=4213Kb
 bounds [0x0000022150890000, 0x0000022150bd0000, 0x0000022150fe0000]
 total_blobs=1761 nmethods=790 adapters=881
 compilation: enabled
              stopped_count=0, restarted_count=0
 full_count=0

Compilation events (20 events):
Event: 0.564 Thread 0x000002216d1c4590  781       1       org.lwjgl.system.MemoryStack::getPointer (5 bytes)
Event: 0.564 Thread 0x000002216d1c4590 nmethod 781 0x0000022158462a90 code [0x0000022158462c20, 0x0000022158462cd8]
Event: 0.565 Thread 0x000002216d1c4590  782       3       org.lwjgl.system.MemoryUtil::memAddress (13 bytes)
Event: 0.565 Thread 0x000002216c816180  783       3       org.lwjgl.system.MemoryUtil::address (11 bytes)
Event: 0.565 Thread 0x000002216c816180 nmethod 783 0x0000022151138c90 code [0x0000022151138e20, 0x0000022151138f18]
Event: 0.565 Thread 0x000002216c816180  784       3       org.lwjgl.system.MemoryStack::setPointer (17 bytes)
Event: 0.565 Thread 0x000002216d1c2070  785       3       org.lwjgl.system.MemoryStack::checkPointer (23 bytes)
Event: 0.565 Thread 0x000002216d1c4590 nmethod 782 0x0000022151138f90 code [0x0000022151139140, 0x0000022151139348]
Event: 0.565 Thread 0x000002216d1c4590  786       3       org.lwjgl.system.MemoryStack::callocInt (30 bytes)
Event: 0.565 Thread 0x0000022173833e60  787       3       org.lwjgl.system.MemoryUtil::memSet (238 bytes)
Event: 0.565 Thread 0x000002216d1c2070 nmethod 785 0x0000022151139490 code [0x0000022151139640, 0x00000221511398a8]
Event: 0.565 Thread 0x000002216c816180 nmethod 784 0x0000022151139990 code [0x0000022151139b40, 0x0000022151139e08]
Event: 0.565 Thread 0x000002216d1c2070  788       3       org.lwjgl.system.MemoryUtil$2::left (6 bytes)
Event: 0.565 Thread 0x000002216c816180  789       3       org.lwjgl.system.MemoryUtil$2::right (6 bytes)
Event: 0.565 Thread 0x000002216d1c4590 nmethod 786 0x0000022151139f10 code [0x000002215113a0e0, 0x000002215113a428]
Event: 0.565 Thread 0x000002216d1c4590  790       3       org.lwjgl.system.MemoryUtil::merge (9 bytes)
Event: 0.565 Thread 0x000002216d1c2070 nmethod 788 0x000002215113a590 code [0x000002215113a720, 0x000002215113a838]
Event: 0.565 Thread 0x000002216c816180 nmethod 789 0x000002215113a910 code [0x000002215113aaa0, 0x000002215113abb8]
Event: 0.565 Thread 0x000002216d1c4590 nmethod 790 0x000002215113ac90 code [0x000002215113ae20, 0x000002215113af18]
Event: 0.566 Thread 0x0000022173833e60 nmethod 787 0x000002215113af90 code [0x000002215113b1e0, 0x000002215113bd08]

GC Heap History (0 events):
No events

Deoptimization events (10 events):
Event: 0.042 Thread 0x000002214866fba0 Uncommon trap: trap_request=0xffffff45 fr.pc=0x000002215843453c relative=0x000000000000021c
Event: 0.042 Thread 0x000002214866fba0 Uncommon trap: reason=unstable_if action=reinterpret pc=0x000002215843453c method=java.lang.String.hashCode()I @ 13 c2
Event: 0.042 Thread 0x000002214866fba0 DEOPT PACKING pc=0x000002215843453c sp=0x00000082e3efe580
Event: 0.042 Thread 0x000002214866fba0 DEOPT UNPACKING pc=0x00000221508de42f sp=0x00000082e3efe510 mode 2
Event: 0.105 Thread 0x000002214866fba0 Uncommon trap: trap_request=0xffffff45 fr.pc=0x0000022158439fe0 relative=0x0000000000000060
Event: 0.105 Thread 0x000002214866fba0 Uncommon trap: reason=unstable_if action=reinterpret pc=0x0000022158439fe0 method=java.io.WinNTFileSystem.isSlash(C)Z @ 9 c2
Event: 0.105 Thread 0x000002214866fba0 DEOPT PACKING pc=0x0000022158439fe0 sp=0x00000082e3efcd30
Event: 0.105 Thread 0x000002214866fba0 DEOPT UNPACKING pc=0x00000221508de42f sp=0x00000082e3efccb8 mode 2
Event: 0.508 Thread 0x000002214866fba0 DEOPT PACKING pc=0x000002215101dadf sp=0x00000082e3efddd0
Event: 0.508 Thread 0x000002214866fba0 DEOPT UNPACKING pc=0x00000221508de23f sp=0x00000082e3efd220 mode 0

Classes unloaded (0 events):
No events

Classes redefined (0 events):
No events

Internal exceptions (16 events):
Event: 0.087 Thread 0x000002214866fba0 Exception <a 'java/lang/NoSuchMethodError'{0x00000007123bb2d0}: 'void java.lang.invoke.DirectMethodHandle$Holder.invokeStatic(java.lang.Object, java.lang.Object)'> (0x00000007123bb2d0) 
thrown [./open/src/hotspot/share/interpreter/linkResolver.cpp, line 782]
Event: 0.088 Thread 0x000002214866fba0 Exception <a 'java/lang/NoSuchMethodError'{0x00000007123c0dc8}: 'void java.lang.invoke.DirectMethodHandle$Holder.invokeSpecial(java.lang.Object, java.lang.Object, java.lang.Object)'> (0x00000007123c0dc8) 
thrown [./open/src/hotspot/share/interpreter/linkResolver.cpp, line 782]
Event: 0.090 Thread 0x000002214866fba0 Exception <a 'java/lang/NoSuchMethodError'{0x00000007123d5a38}: 'java.lang.Object java.lang.invoke.DirectMethodHandle$Holder.invokeStatic(java.lang.Object, java.lang.Object, int)'> (0x00000007123d5a38) 
thrown [./open/src/hotspot/share/interpreter/linkResolver.cpp, line 782]
Event: 0.091 Thread 0x000002214866fba0 Exception <a 'java/lang/NoSuchMethodError'{0x00000007123e1dd0}: 'void java.lang.invoke.DelegatingMethodHandle$Holder.delegate(java.lang.Object, java.lang.Object, int, java.lang.Object)'> (0x00000007123e1dd0) 
thrown [./open/src/hotspot/share/interpreter/linkResolver.cpp, line 782]
Event: 0.091 Thread 0x000002214866fba0 Exception <a 'java/lang/NoSuchMethodError'{0x00000007123e6118}: 'int java.lang.invoke.DirectMethodHandle$Holder.invokeSpecial(java.lang.Object, java.lang.Object, java.lang.Object)'> (0x00000007123e6118) 
thrown [./open/src/hotspot/share/interpreter/linkResolver.cpp, line 782]
Event: 0.119 Thread 0x000002214866fba0 Exception <a 'sun/nio/fs/WindowsException'{0x000000071210c298}> (0x000000071210c298) 
thrown [./open/src/hotspot/share/prims/jni.cpp, line 578]
Event: 0.119 Thread 0x000002214866fba0 Exception <a 'sun/nio/fs/WindowsException'{0x000000071210c7f0}> (0x000000071210c7f0) 
thrown [./open/src/hotspot/share/prims/jni.cpp, line 578]
Event: 0.124 Thread 0x000002214866fba0 Exception <a 'sun/nio/fs/WindowsException'{0x0000000712129730}> (0x0000000712129730) 
thrown [./open/src/hotspot/share/prims/jni.cpp, line 578]
Event: 0.124 Thread 0x000002214866fba0 Exception <a 'sun/nio/fs/WindowsException'{0x0000000712129aa0}> (0x0000000712129aa0) 
thrown [./open/src/hotspot/share/prims/jni.cpp, line 578]
Event: 0.127 Thread 0x000002214866fba0 Exception <a 'java/lang/NoSuchMethodError'{0x000000071215a978}: 'java.lang.Object java.lang.invoke.DirectMethodHandle$Holder.invokeStatic(java.lang.Object)'> (0x000000071215a978) 
thrown [./open/src/hotspot/share/interpreter/linkResolver.cpp, line 782]
Event: 0.128 Thread 0x000002214866fba0 Exception <a 'java/lang/NoSuchMethodError'{0x0000000712169a70}: 'java.lang.Object java.lang.invoke.DirectMethodHandle$Holder.invokeStaticInit(java.lang.Object)'> (0x0000000712169a70) 
thrown [./open/src/hotspot/share/interpreter/linkResolver.cpp, line 782]
Event: 0.415 Thread 0x000002214866fba0 Exception <a 'sun/nio/fs/WindowsException'{0x0000000711e3c5d0}> (0x0000000711e3c5d0) 
thrown [./open/src/hotspot/share/prims/jni.cpp, line 578]
Event: 0.415 Thread 0x000002214866fba0 Exception <a 'sun/nio/fs/WindowsException'{0x0000000711e3c980}> (0x0000000711e3c980) 
thrown [./open/src/hotspot/share/prims/jni.cpp, line 578]
Event: 0.419 Thread 0x000002214866fba0 Exception <a 'sun/nio/fs/WindowsException'{0x0000000711e4b9e8}> (0x0000000711e4b9e8) 
thrown [./open/src/hotspot/share/prims/jni.cpp, line 578]
Event: 0.419 Thread 0x000002214866fba0 Exception <a 'sun/nio/fs/WindowsException'{0x0000000711e4bcd0}> (0x0000000711e4bcd0) 
thrown [./open/src/hotspot/share/prims/jni.cpp, line 578]
Event: 0.556 Thread 0x000002214866fba0 Exception <a 'java/lang/NoSuchMethodError'{0x00000007116478f0}: 'void java.lang.invoke.DirectMethodHandle$Holder.invokeStatic(java.lang.Object, long, int, int)'> (0x00000007116478f0) 
thrown [./open/src/hotspot/share/interpreter/linkResolver.cpp, line 782]

Events (20 events):
Event: 0.133 loading class java/nio/BufferOverflowException
Event: 0.133 loading class java/nio/BufferOverflowException done
Event: 0.133 loading class java/nio/InvalidMarkException
Event: 0.133 loading class java/nio/InvalidMarkException done
Event: 0.133 loading class java/nio/BufferUnderflowException
Event: 0.133 loading class java/nio/BufferUnderflowException done
Event: 0.134 loading class java/lang/IndexOutOfBoundsException
Event: 0.134 loading class java/lang/IndexOutOfBoundsException done
Event: 0.417 Loaded shared library C:\Users\mikul\AppData\Local\Temp\lwjglmikul\3.2.3-build-13\lwjgl_opengl.dll
Event: 0.423 Executing VM operation: HandshakeAllThreads
Event: 0.423 Executing VM operation: HandshakeAllThreads done
Event: 0.446 Loaded shared library C:\Users\mikul\AppData\Local\Temp\lwjglmikul\3.2.3-build-13\lwjgl.dll
Event: 0.452 Loaded shared library C:\Users\mikul\AppData\Local\Temp\lwjglmikul\3.2.3-build-13\lwjgl.dll
Event: 0.467 Loaded shared library C:\Users\mikul\AppData\Local\Temp\lwjglmikul\3.2.3-build-13\lwjgl.dll
Event: 0.546 Loaded shared library C:\Program Files\Java\jdk-15.0.2\bin\zip.dll
Event: 0.549 loading class jdk/internal/reflect/UnsafeQualifiedLongFieldAccessorImpl
Event: 0.550 loading class jdk/internal/reflect/UnsafeQualifiedFieldAccessorImpl
Event: 0.550 loading class jdk/internal/reflect/UnsafeQualifiedFieldAccessorImpl done
Event: 0.550 loading class jdk/internal/reflect/UnsafeQualifiedLongFieldAccessorImpl done
Event: 0.552 Thread 0x0000022173833e60 Thread added: 0x0000022173833e60


Dynamic libraries:
0x00007ff672230000 - 0x00007ff67223f000 	C:\Program Files\Java\jdk-15.0.2\bin\java.exe
0x00007ffa6a6e0000 - 0x00007ffa6a8d0000 	C:\Windows\SYSTEM32\ntdll.dll
0x00007ffa45420000 - 0x00007ffa45432000 	C:\Program Files\Avast Software\Avast\aswhook.dll
0x00007ffa68f40000 - 0x00007ffa68ff2000 	C:\Windows\System32\KERNEL32.DLL
0x00007ffa67a40000 - 0x00007ffa67ce5000 	C:\Windows\System32\KERNELBASE.dll
0x00007ffa67860000 - 0x00007ffa6795a000 	C:\Windows\System32\ucrtbase.dll
0x00007ffa63790000 - 0x00007ffa637a9000 	C:\Program Files\Java\jdk-15.0.2\bin\VCRUNTIME140.dll
0x00007ffa63cd0000 - 0x00007ffa63ce8000 	C:\Program Files\Java\jdk-15.0.2\bin\jli.dll
0x00007ffa69630000 - 0x00007ffa696d3000 	C:\Windows\System32\ADVAPI32.dll
0x00007ffa68800000 - 0x00007ffa6889e000 	C:\Windows\System32\msvcrt.dll
0x00007ffa6a250000 - 0x00007ffa6a2e7000 	C:\Windows\System32\sechost.dll
0x00007ffa696e0000 - 0x00007ffa697ff000 	C:\Windows\System32\RPCRT4.dll
0x00007ffa68900000 - 0x00007ffa68a94000 	C:\Windows\System32\USER32.dll
0x00007ffa676d0000 - 0x00007ffa676f1000 	C:\Windows\System32\win32u.dll
0x00007ffa502a0000 - 0x00007ffa50524000 	C:\Windows\WinSxS\amd64_microsoft.windows.common-controls_6595b64144ccf1df_6.0.18362.1440_none_9e7dbfb9e45e8e67\COMCTL32.dll
0x00007ffa68f10000 - 0x00007ffa68f36000 	C:\Windows\System32\GDI32.dll
0x00007ffa69000000 - 0x00007ffa69336000 	C:\Windows\System32\combase.dll
0x00007ffa68560000 - 0x00007ffa686f8000 	C:\Windows\System32\gdi32full.dll
0x00007ffa68470000 - 0x00007ffa6850e000 	C:\Windows\System32\msvcp_win.dll
0x00007ffa68700000 - 0x00007ffa68781000 	C:\Windows\System32\bcryptPrimitives.dll
0x00007ffa62dd0000 - 0x00007ffa62dda000 	C:\Windows\SYSTEM32\VERSION.dll
0x00007ffa69600000 - 0x00007ffa6962e000 	C:\Windows\System32\IMM32.DLL
0x00007ffa63780000 - 0x00007ffa6378c000 	C:\Program Files\Java\jdk-15.0.2\bin\vcruntime140_1.dll
0x00007ffa46b40000 - 0x00007ffa46bd1000 	C:\Program Files\Java\jdk-15.0.2\bin\msvcp140.dll
0x00007ff9e5fe0000 - 0x00007ff9e6b3e000 	C:\Program Files\Java\jdk-15.0.2\bin\server\jvm.dll
0x00007ffa69480000 - 0x00007ffa69488000 	C:\Windows\System32\PSAPI.DLL
0x00007ffa5c510000 - 0x00007ffa5c519000 	C:\Windows\SYSTEM32\WSOCK32.dll
0x00007ffa5cde0000 - 0x00007ffa5ce04000 	C:\Windows\SYSTEM32\WINMM.dll
0x00007ffa69880000 - 0x00007ffa698ef000 	C:\Windows\System32\WS2_32.dll
0x00007ffa5cdb0000 - 0x00007ffa5cddd000 	C:\Windows\SYSTEM32\WINMMBASE.dll
0x00007ffa68510000 - 0x00007ffa6855a000 	C:\Windows\System32\cfgmgr32.dll
0x00007ffa675a0000 - 0x00007ffa675b1000 	C:\Windows\System32\kernel.appcore.dll
0x00007ffa63770000 - 0x00007ffa6377a000 	C:\Program Files\Java\jdk-15.0.2\bin\jimage.dll
0x00007ffa65f20000 - 0x00007ffa66114000 	C:\Windows\SYSTEM32\DBGHELP.DLL
0x00007ffa60b50000 - 0x00007ffa60b7a000 	C:\Windows\SYSTEM32\dbgcore.DLL
0x00007ffa52e70000 - 0x00007ffa52e95000 	C:\Program Files\Java\jdk-15.0.2\bin\java.dll
0x00007ffa69b00000 - 0x00007ffa6a1e8000 	C:\Windows\System32\SHELL32.dll
0x00007ffa6a370000 - 0x00007ffa6a417000 	C:\Windows\System32\shcore.dll
0x00007ffa67cf0000 - 0x00007ffa6846b000 	C:\Windows\System32\windows.storage.dll
0x00007ffa675e0000 - 0x00007ffa675fe000 	C:\Windows\System32\profapi.dll
0x00007ffa67600000 - 0x00007ffa6764a000 	C:\Windows\System32\powrprof.dll
0x00007ffa67590000 - 0x00007ffa675a0000 	C:\Windows\System32\UMPDC.dll
0x00007ffa688a0000 - 0x00007ffa688f2000 	C:\Windows\System32\shlwapi.dll
0x00007ffa67650000 - 0x00007ffa67667000 	C:\Windows\System32\cryptsp.dll
0x00007ffa636f0000 - 0x00007ffa63709000 	C:\Program Files\Java\jdk-15.0.2\bin\net.dll
0x00007ffa62de0000 - 0x00007ffa62eda000 	C:\Windows\SYSTEM32\WINHTTP.dll
0x00007ffa66dd0000 - 0x00007ffa66e37000 	C:\Windows\system32\mswsock.dll
0x00007ffa5dd60000 - 0x00007ffa5dd72000 	C:\Program Files\Java\jdk-15.0.2\bin\nio.dll
0x00007ffa52e50000 - 0x00007ffa52e68000 	C:\Program Files\Java\jdk-15.0.2\bin\zip.dll
0x00007ffa3c940000 - 0x00007ffa3c9a4000 	C:\Users\mikul\AppData\Local\Temp\lwjglmikul\3.2.3-build-13\lwjgl.dll
0x00007ffa2d550000 - 0x00007ffa2d5b2000 	C:\Users\mikul\AppData\Local\Temp\lwjglmikul\3.2.3-build-13\glfw.dll
0x00007ffa655e0000 - 0x00007ffa65679000 	C:\Windows\system32\uxtheme.dll
0x00007ffa2d500000 - 0x00007ffa2d543000 	C:\Windows\SYSTEM32\dinput8.dll
0x00007ffa517b0000 - 0x00007ffa517c1000 	C:\Windows\SYSTEM32\xinput1_4.dll
0x00007ffa67370000 - 0x00007ffa6739a000 	C:\Windows\SYSTEM32\DEVOBJ.dll
0x00007ffa65a00000 - 0x00007ffa65a2d000 	C:\Windows\SYSTEM32\dwmapi.dll
0x00007ffa4e490000 - 0x00007ffa4e5ac000 	C:\Windows\SYSTEM32\inputhost.dll
0x00007ffa652d0000 - 0x00007ffa653a4000 	C:\Windows\SYSTEM32\CoreMessaging.dll
0x00007ffa5c5e0000 - 0x00007ffa5c90a000 	C:\Windows\SYSTEM32\CoreUIComponents.dll
0x00007ffa638f0000 - 0x00007ffa63a42000 	C:\Windows\SYSTEM32\wintypes.dll
0x00007ffa63ab0000 - 0x00007ffa63ba0000 	C:\Windows\SYSTEM32\PROPSYS.dll
0x00007ffa69a30000 - 0x00007ffa69af5000 	C:\Windows\System32\OLEAUT32.dll
0x00007ffa66730000 - 0x00007ffa66761000 	C:\Windows\SYSTEM32\ntmarta.dll
0x00007ffa69340000 - 0x00007ffa69475000 	C:\Windows\System32\MSCTF.dll
0x00007ffa66170000 - 0x00007ffa6617e000 	C:\Windows\SYSTEM32\HID.DLL
0x00007ffa68aa0000 - 0x00007ffa68f10000 	C:\Windows\System32\SETUPAPI.DLL
0x00007ffa67a10000 - 0x00007ffa67a36000 	C:\Windows\System32\bcrypt.dll
0x00007ffa67670000 - 0x00007ffa676cc000 	C:\Windows\System32\WINTRUST.dll
0x00007ffa675c0000 - 0x00007ffa675d2000 	C:\Windows\System32\MSASN1.dll
0x00007ffa67700000 - 0x00007ffa67851000 	C:\Windows\System32\CRYPT32.dll
0x00007ffa458b0000 - 0x00007ffa45a06000 	C:\Windows\SYSTEM32\opengl32.dll
0x00007ffa5e690000 - 0x00007ffa5e6bc000 	C:\Windows\SYSTEM32\GLU32.dll
0x00007ffa661d0000 - 0x00007ffa661f0000 	C:\Windows\SYSTEM32\dxcore.dll
0x00007ff9dbdb0000 - 0x00007ff9de9bb000 	C:\Windows\System32\DriverStore\FileRepository\nvlt.inf_amd64_5015fe8a67ed5962\nvoglv64.dll
0x00007ffa694a0000 - 0x00007ffa695f7000 	C:\Windows\System32\ole32.dll
0x00007ffa63070000 - 0x00007ffa63083000 	C:\Windows\SYSTEM32\WTSAPI32.dll
0x00007ffa62040000 - 0x00007ffa6206f000 	C:\Windows\SYSTEM32\cryptnet.dll
0x00007ffa66fa0000 - 0x00007ffa66fac000 	C:\Windows\SYSTEM32\cryptbase.dll
0x00007ffa0c100000 - 0x00007ffa0c3b7000 	C:\Windows\system32\nvspcap64.dll
0x00007ffa66600000 - 0x00007ffa66656000 	C:\Windows\SYSTEM32\WINSTA.dll
0x00007ffa4e5b0000 - 0x00007ffa4e64d000 	C:\Windows\System32\TextInputFramework.dll
0x00007ffa4dda0000 - 0x00007ffa4e047000 	C:\Windows\System32\iertutil.dll
0x00007ffa2d4a0000 - 0x00007ffa2d4f9000 	C:\Users\mikul\AppData\Local\Temp\lwjglmikul\3.2.3-build-13\lwjgl_opengl.dll

dbghelp: loaded successfully - version: 4.0.5 - missing functions: none
symbol engine: initialized successfully - sym options: 0x614 - pdb path: .;C:\Program Files\Java\jdk-15.0.2\bin;C:\Windows\SYSTEM32;C:\Program Files\Avast Software\Avast;C:\Windows\WinSxS\amd64_microsoft.windows.common-controls_6595b64144ccf1df_6.0.18362.1440_none_9e7dbfb9e45e8e67;C:\Program Files\Java\jdk-15.0.2\bin\server;C:\Users\mikul\AppData\Local\Temp\lwjglmikul\3.2.3-build-13;C:\Windows\System32\DriverStore\FileRepository\nvlt.inf_amd64_5015fe8a67ed5962

VM Arguments:
jvm_args: -Dfile.encoding=windows-1252 -Duser.country=US -Duser.language=en -Duser.variant 
java_command: Main
java_class_path (initial): C:\Users\mikul\IdeaProjects\OpenGLMaze\build\classes\java\main;C:\Users\mikul\IdeaProjects\OpenGLMaze\build\resources\main;C:\Users\mikul\.gradle\caches\modules-2\files-2.1\org.lwjgl\lwjgl-assimp\3.2.3\f62aa07a20afbdd3097efc296c4841e0d29700eb\lwjgl-assimp-3.2.3.jar;C:\Users\mikul\.gradle\caches\modules-2\files-2.1\org.lwjgl\lwjgl-assimp\3.2.3\4e60aeb75f0343c4a9ede4ef8b6b32ca702a00a3\lwjgl-assimp-3.2.3-natives-windows.jar;C:\Users\mikul\.gradle\caches\modules-2\files-2.1\org.lwjgl\lwjgl-bgfx\3.2.3\433883c4040fa8df47244dffa1d42c96ce2143de\lwjgl-bgfx-3.2.3.jar;C:\Users\mikul\.gradle\caches\modules-2\files-2.1\org.lwjgl\lwjgl-bgfx\3.2.3\f589da97dd3cfa96f42c8c812a0a028cf28223b8\lwjgl-bgfx-3.2.3-natives-windows.jar;C:\Users\mikul\.gradle\caches\modules-2\files-2.1\org.lwjgl\lwjgl-glfw\3.2.3\5e520d5c290c8b012545a8d34fa5db5ab051ea53\lwjgl-glfw-3.2.3.jar;C:\Users\mikul\.gradle\caches\modules-2\files-2.1\org.lwjgl\lwjgl-glfw\3.2.3\b4d8a3477cdc2edcf7a5f1e822926be846223f54\lwjgl-glfw-3.2.3-natives-windows.jar;C:\Users\mikul\.gradle\caches\modules-2\files-2.1\org.lwjgl\lwjgl-nanovg\3.2.3\718be4a13691d1cd276fa852326e9e837d65204e\lwjgl-nanovg-3.2.3.jar;C:\Users\mikul\.gradle\caches\modules-2\files-2.1\org.lwjgl\lwjgl-nanovg\3.2.3\2fbe5c2849bcf182ba3c6c09828f032a64cd47ec\lwjgl-nanovg-3.2.3-natives-windows.jar;C:\Users\mikul\.gradle\caches\modules-2\files-2.1\org.lwjgl\lwjgl-nuklear\3.2.3\45bfab23e975201bf3cb81287be6034adec64a86\lwjgl-nuklear-3.2.3.jar;C:\Users\mikul\.gradle\caches\modules-2\files-2.1\org.lwjgl\lwjgl-nuklear\3.2.3\ccb63f09670e43e58969b567ef42e02275be555a\lwjgl-nuklear-3.2.3-natives-windows.jar;C:\Users\mikul\.gradle\caches\modules-2\files-2.1\org.lwjgl\lwjgl-openal\3.2.3\106742e805803ab9eab8e343f0fb31a3d263903c\lwjgl-openal-3.2.3.jar;C:\Users\mikul\.gradle\caches\modules-2\files-2.1\org.lwjgl\lwjgl-openal\3.2.3\ec898e8ce11b5886f4f532a1536283ef2817758d\lwjgl-openal-3.2.3-natives-windows.jar;C:\Users\mikul\.gradle\caches\modules-2\files-2.
Launcher Type: SUN_STANDARD

[Global flags]
     intx CICompilerCount                          = 12                                        {product} {ergonomic}
     uint ConcGCThreads                            = 3                                         {product} {ergonomic}
     uint G1ConcRefinementThreads                  = 13                                        {product} {ergonomic}
   size_t G1HeapRegionSize                         = 2097152                                   {product} {ergonomic}
    uintx GCDrainStackTargetSize                   = 64                                        {product} {ergonomic}
   size_t InitialHeapSize                          = 266338304                                 {product} {ergonomic}
   size_t MarkStackSize                            = 4194304                                   {product} {ergonomic}
   size_t MaxHeapSize                              = 4253024256                                {product} {ergonomic}
   size_t MaxNewSize                               = 2550136832                                {product} {ergonomic}
   size_t MinHeapDeltaBytes                        = 2097152                                   {product} {ergonomic}
   size_t MinHeapSize                              = 8388608                                   {product} {ergonomic}
    uintx NonNMethodCodeHeapSize                   = 7602480                                {pd product} {ergonomic}
    uintx NonProfiledCodeHeapSize                  = 122027880                              {pd product} {ergonomic}
    uintx ProfiledCodeHeapSize                     = 122027880                              {pd product} {ergonomic}
    uintx ReservedCodeCacheSize                    = 251658240                              {pd product} {ergonomic}
     bool SegmentedCodeCache                       = true                                      {product} {ergonomic}
   size_t SoftMaxHeapSize                          = 4253024256                             {manageable} {ergonomic}
     bool UseCompressedClassPointers               = true                                 {lp64_product} {ergonomic}
     bool UseCompressedOops                        = true                                 {lp64_product} {ergonomic}
     bool UseG1GC                                  = true                                      {product} {ergonomic}
     bool UseLargePagesIndividualAllocation        = false                                  {pd product} {ergonomic}

Logging:
Log output configuration:
 #0: stdout all=warning uptime,level,tags
 #1: stderr all=off uptime,level,tags

Environment Variables:
PATH=C:\Program Files\Common Files\Oracle\Java\javapath;C:\Python39\Scripts\;C:\Python39\;C:\Windows\system32;C:\Windows;C:\Windows\System32\Wbem;C:\Windows\System32\WindowsPowerShell\v1.0\;C:\Windows\System32\OpenSSH\;C:\Program Files (x86)\NVIDIA Corporation\PhysX\Common;C:\Program Files\NVIDIA Corporation\NVIDIA NvDLISR;C:\Program Files\nodejs\;C:\ProgramData\chocolatey\bin;C:\Program Files\Git\cmd;C:\Users\mikul\AppData\Local\Microsoft\WindowsApps;C:\Users\mikul\AppData\Roaming\npm;C:\Users\mikul\AppData\Local\GitHubDesktop\bin;C:\Program Files\JetBrains\IntelliJ IDEA 2020.3.2\bin;
USERNAME=mikul
OS=Windows_NT
PROCESSOR_IDENTIFIER=Intel64 Family 6 Model 165 Stepping 2, GenuineIntel



---------------  S Y S T E M  ---------------

OS:
 Windows 10 , 64 bit Build 18362 (10.0.18362.1350)
OS uptime: 1 days 10:55 hours

CPU: total 16 (initial active 16) (8 cores per cpu, 2 threads per core) family 6 model 165 stepping 2 microcode 0xc8, cmov, cx8, fxsr, mmx, sse, sse2, sse3, ssse3, sse4.1, sse4.2, popcnt, vzeroupper, avx, avx2, aes, clmul, erms, 3dnowpref, lzcnt, ht, tsc, tscinvbit, bmi1, bmi2, adx, fma, clflush, clflushopt

Memory: 4k page, system-wide physical 16218M (4329M free)
TotalPageFile size 22855M (AvailPageFile size 2615M)
current process WorkingSet (physical memory assigned to process): 90M, peak: 90M
current process commit charge ("private bytes"): 404M, peak: 404M

vm_info: Java HotSpot(TM) 64-Bit Server VM (15.0.2+7-27) for windows-amd64 JRE (15.0.2+7-27), built on Dec  7 2020 20:07:01 by "mach5one" with unknown MS VC++:1925

END.
