#
# A fatal error has been detected by the Java Runtime Environment:
#
#  EXCEPTION_ACCESS_VIOLATION (0xc0000005) at pc=0x00007ffa7e041323, pid=15408, tid=3828
#
# JRE version: Java(TM) SE Runtime Environment (15.0.2+7) (build 15.0.2+7-27)
# Java VM: Java HotSpot(TM) 64-Bit Server VM (15.0.2+7-27, mixed mode, sharing, tiered, compressed oops, g1 gc, windows-amd64)
# Problematic frame:
# C  [ntdll.dll+0x41323]
#
# No core dump will be written. Minidumps are not enabled by default on client versions of Windows
#
# If you would like to submit a bug report, please visit:
#   https://bugreport.java.com/bugreport/crash.jsp
#

---------------  S U M M A R Y ------------

Command Line: -Dfile.encoding=windows-1252 -Duser.country=US -Duser.language=en -Duser.variant Main

Host: Intel(R) Core(TM) i7-10875H CPU @ 2.30GHz, 16 cores, 15G,  Windows 10 , 64 bit Build 18362 (10.0.18362.1350)
Time: Tue Mar 23 10:19:42 2021 Central Europe Standard Time elapsed time: 5.132639 seconds (0d 0h 0m 5s)

---------------  T H R E A D  ---------------

Current thread (0x000001f85db37c60):  JavaThread "Reference Handler" daemon [_thread_in_vm, id=3828, stack(0x0000001e05400000,0x0000001e05500000)]

Stack: [0x0000001e05400000,0x0000001e05500000],  sp=0x0000001e054fee00,  free space=1019k
Native frames: (J=compiled Java code, j=interpreted, Vv=VM code, C=native code)
C  [ntdll.dll+0x41323]
C  [ntdll.dll+0x406e1]
C  [ucrtbase.dll+0x114cb]
V  [jvm.dll+0x76387e]
C  0x000001f841ccf177

Java frames: (J=compiled Java code, j=interpreted, Vv=VM code)
j  jdk.internal.misc.Unsafe.freeMemory0(J)V+0 java.base@15.0.2
j  jdk.internal.misc.Unsafe.freeMemory(J)V+14 java.base@15.0.2
j  java.nio.DirectByteBuffer$Deallocator.run()V+17 java.base@15.0.2
j  jdk.internal.ref.Cleaner.clean()V+12 java.base@15.0.2
j  java.lang.ref.Reference.processPendingReferences()V+54 java.base@15.0.2
j  java.lang.ref.Reference$ReferenceHandler.run()V+0 java.base@15.0.2
v  ~StubRoutines::call_stub

siginfo: EXCEPTION_ACCESS_VIOLATION (0xc0000005), reading address 0x000001f86599f27f


Register to memory mapping:

RIP=0x00007ffa7e041323 ntdll.dll
RAX=0x0 is NULL
RBX=0x000001f837830000 points into unknown readable memory: 0x0000000000000000 | 00 00 00 00 00 00 00 00
RCX=0x000001f837830000 points into unknown readable memory: 0x0000000000000000 | 00 00 00 00 00 00 00 00
RDX=0x000001f86599f280 is an unknown value
RSP=0x0000001e054fee00 is pointing into the stack for thread: 0x000001f85db37c60
RBP=0x000001f837830000 points into unknown readable memory: 0x0000000000000000 | 00 00 00 00 00 00 00 00
RSI=0x000001f86599f280 is an unknown value
RDI=0x0 is NULL
R8 =0x0 is NULL
R9 =0x0 is NULL
R10=0x000001f841ccf148 is at code_begin+1000 in an Interpreter codelet
method entry point (kind = native)  [0x000001f841cced60, 0x000001f841ccf7e0]  2688 bytes
R11=0x0000000000000102 is an unknown value
R12=0x0 is NULL
R13=0x000001f86599f270 is an unknown value
R14=0x0000001e054ff008 is pointing into the stack for thread: 0x000001f85db37c60
R15=0x0 is NULL


Registers:
RAX=0x0000000000000000, RBX=0x000001f837830000, RCX=0x000001f837830000, RDX=0x000001f86599f280
RSP=0x0000001e054fee00, RBP=0x000001f837830000, RSI=0x000001f86599f280, RDI=0x0000000000000000
R8 =0x0000000000000000, R9 =0x0000000000000000, R10=0x000001f841ccf148, R11=0x0000000000000102
R12=0x0000000000000000, R13=0x000001f86599f270, R14=0x0000001e054ff008, R15=0x0000000000000000
RIP=0x00007ffa7e041323, EFLAGS=0x0000000000010246

Top of Stack: (sp=0x0000001e054fee00)
0x0000001e054fee00:   000001f85db37c60 00007ff9fd8cd7c4
0x0000001e054fee10:   000000080004a928 00000008005cf682
0x0000001e054fee20:   0000000000000000 00007ff9fd8cd2b1
0x0000001e054fee30:   000001f8000000b6 000001f85db37c60
0x0000001e054fee40:   000000080004b1f8 000001f85db37c60
0x0000001e054fee50:   00000008003f1f68 000001f85db37c60
0x0000001e054fee60:   00000008005ceb80 000001f85db37c60
0x0000001e054fee70:   0000001e054ff140 000001f841cdd2f2
0x0000001e054fee80:   000001f85db37c60 0000001e054ff008
0x0000001e054fee90:   0000000800656f98 0000000000000000
0x0000001e054feea0:   000001f86599f280 00007ffa7e0406e1
0x0000001e054feeb0:   0000000800010400 000001f837830000
0x0000001e054feec0:   0000001e054fefd8 0000000000000000
0x0000001e054feed0:   0000000000000000 fffffffe00000000
0x0000001e054feee0:   000001f86599f280 00007ffa7b1614cb
0x0000001e054feef0:   000001f85db37c60 000001f85dd796c0 

Instructions: (pc=0x00007ffa7e041323)
0x00007ffa7e041223:   d3 e2 48 2b d0 44 89 5c 24 38 e9 2a fe ff ff 45
0x00007ffa7e041233:   33 c0 48 8b d3 49 8b ce e8 a0 58 ff ff c7 84 24
0x00007ffa7e041243:   b0 00 00 00 01 00 00 00 e8 30 f5 ff ff 85 c0 0f
0x00007ffa7e041253:   85 79 57 06 00 b9 80 03 fe 7f 40 38 39 0f 84 0e
0x00007ffa7e041263:   fd ff ff e9 82 57 06 00 41 b8 02 00 00 00 e9 35
0x00007ffa7e041273:   f9 ff ff f7 41 74 00 00 00 01 75 4d f6 41 78 01
0x00007ffa7e041283:   0f 85 e1 57 06 00 40 f6 c6 0f 0f 84 87 00 00 00
0x00007ffa7e041293:   45 33 c9 48 89 7c 24 28 4c 8b c6 48 89 7c 24 20
0x00007ffa7e0412a3:   48 8b d5 41 8d 49 09 e8 e5 93 0c 00 4d 85 ed 0f
0x00007ffa7e0412b3:   84 bf 57 06 00 80 7e ff 05 0f 84 e6 57 06 00 41
0x00007ffa7e0412c3:   38 7d 0f 0f 8c 4a 59 06 00 41 8b d7 4c 8b ce 83
0x00007ffa7e0412d3:   ca 02 4d 8b c5 48 8b cd e8 d0 07 00 00 44 0f b6
0x00007ffa7e0412e3:   e8 84 c0 0f 84 b5 fc ff ff 48 8b 84 24 d0 00 00
0x00007ffa7e0412f3:   00 48 85 c0 74 03 66 89 38 4d 85 e4 74 04 49 89
0x00007ffa7e041303:   3c 24 48 8b cd e8 43 f4 ff ff 85 c0 0f 84 8c fc
0x00007ffa7e041313:   ff ff e9 5e 5e 06 00 4c 8d 6a f0 41 0f 0d 4d 00
0x00007ffa7e041323:   41 80 7d 0f 05 75 0c 41 0f b6 45 0e 48 c1 e0 04
0x00007ffa7e041333:   4c 2b e8 41 f6 45 0f 3f 0f 85 6e ff ff ff 45 33
0x00007ffa7e041343:   c9 48 89 7c 24 28 4d 8b c5 48 89 7c 24 20 48 8b
0x00007ffa7e041353:   d5 41 8d 49 08 e8 37 93 0c 00 4c 8b ef e9 4a ff
0x00007ffa7e041363:   ff ff 4c 8d 4c 24 38 45 8b c7 48 8b d6 48 8b cd
0x00007ffa7e041373:   e8 68 30 04 00 48 8b d0 41 bd 01 00 00 00 e9 66
0x00007ffa7e041383:   fa ff ff 4d 85 e4 0f 85 8e 54 06 00 45 8b eb e9
0x00007ffa7e041393:   95 fa ff ff 49 8b d6 e9 45 fa ff ff cc cc cc cc
0x00007ffa7e0413a3:   cc cc cc cc cc cc cc cc cc cc cc cc cc 44 89 4c
0x00007ffa7e0413b3:   24 20 48 89 4c 24 08 53 55 56 57 41 54 41 55 41
0x00007ffa7e0413c3:   56 41 57 48 83 ec 48 33 ed 4d 8b d8 8b c2 48 8b
0x00007ffa7e0413d3:   fa c1 e8 0c 4c 8b e9 33 42 28 44 8b fd 33 05 62
0x00007ffa7e0413e3:   21 12 00 8d 75 02 44 8b c0 89 84 24 98 00 00 00
0x00007ffa7e0413f3:   41 c1 e8 10 48 8d 15 82 fb 0d 00 44 8d 65 03 4d
0x00007ffa7e041403:   85 db 0f 84 1c 01 00 00 44 0f b7 c8 41 8d 49 0f
0x00007ffa7e041413:   48 c1 e9 04 0f b6 04 11 41 8b d3 41 2b d0 2b d7 


Stack slot to memory mapping:
stack at sp + 0 slots: 0x000001f85db37c60 is a thread
stack at sp + 1 slots: 0x00007ff9fd8cd7c4 jvm.dll
stack at sp + 2 slots: 0x000000080004a928 is pointing into metadata
stack at sp + 3 slots: 0x00000008005cf682 is pointing into metadata
stack at sp + 4 slots: 0x0 is NULL
stack at sp + 5 slots: 0x00007ff9fd8cd2b1 jvm.dll
stack at sp + 6 slots: 0x000001f8000000b6 is an unknown value
stack at sp + 7 slots: 0x000001f85db37c60 is a thread


---------------  P R O C E S S  ---------------

Threads class SMR info:
_java_thread_list=0x000001f85f133210, length=14, elements={
0x000001f85db37c60, 0x000001f85db38730, 0x000001f85db559b0, 0x000001f85db58980,
0x000001f85db59330, 0x000001f85db5d000, 0x000001f85db5e6f0, 0x000001f85e4fcb50,
0x000001f85e600250, 0x000001f85e6198b0, 0x000001f85e64df60, 0x000001f85e654770,
0x000001f85f16dcc0, 0x000001f839a9d960
}

Java Threads: ( => current thread )
=>0x000001f85db37c60 JavaThread "Reference Handler" daemon [_thread_in_vm, id=3828, stack(0x0000001e05400000,0x0000001e05500000)]
  0x000001f85db38730 JavaThread "Finalizer" daemon [_thread_blocked, id=14084, stack(0x0000001e05500000,0x0000001e05600000)]
  0x000001f85db559b0 JavaThread "Signal Dispatcher" daemon [_thread_blocked, id=17444, stack(0x0000001e05600000,0x0000001e05700000)]
  0x000001f85db58980 JavaThread "Attach Listener" daemon [_thread_blocked, id=4744, stack(0x0000001e05700000,0x0000001e05800000)]
  0x000001f85db59330 JavaThread "Service Thread" daemon [_thread_blocked, id=6516, stack(0x0000001e05800000,0x0000001e05900000)]
  0x000001f85db5d000 JavaThread "C2 CompilerThread0" daemon [_thread_blocked, id=16928, stack(0x0000001e05900000,0x0000001e05a00000)]
  0x000001f85db5e6f0 JavaThread "C1 CompilerThread0" daemon [_thread_blocked, id=2428, stack(0x0000001e05a00000,0x0000001e05b00000)]
  0x000001f85e4fcb50 JavaThread "Sweeper thread" daemon [_thread_blocked, id=11008, stack(0x0000001e05b00000,0x0000001e05c00000)]
  0x000001f85e600250 JavaThread "C1 CompilerThread1" daemon [_thread_blocked, id=21216, stack(0x0000001e05c00000,0x0000001e05d00000)]
  0x000001f85e6198b0 JavaThread "C1 CompilerThread2" daemon [_thread_blocked, id=3216, stack(0x0000001e05d00000,0x0000001e05e00000)]
  0x000001f85e64df60 JavaThread "Notification Thread" daemon [_thread_blocked, id=14576, stack(0x0000001e05e00000,0x0000001e05f00000)]
  0x000001f85e654770 JavaThread "Common-Cleaner" daemon [_thread_blocked, id=16084, stack(0x0000001e06000000,0x0000001e06100000)]
  0x000001f85f16dcc0 JavaThread "C1 CompilerThread3" daemon [_thread_blocked, id=7584, stack(0x0000001e06100000,0x0000001e06200000)]
  0x000001f839a9d960 JavaThread "DestroyJavaVM" [_thread_blocked, id=1232, stack(0x0000001e04d00000,0x0000001e04e00000)]

Other Threads:
  0x000001f85db364e0 VMThread "VM Thread" [stack: 0x0000001e05300000,0x0000001e05400000] [id=11912]
  0x000001f85e652440 WatcherThread [stack: 0x0000001e05f00000,0x0000001e06000000] [id=18456]
  0x000001f839af1d80 GCTaskThread "GC Thread#0" [stack: 0x0000001e04e00000,0x0000001e04f00000] [id=17184]
  0x000001f85e643f40 GCTaskThread "GC Thread#1" [stack: 0x0000001e06900000,0x0000001e06a00000] [id=19136]
  0x000001f85e642c20 GCTaskThread "GC Thread#2" [stack: 0x0000001e06a00000,0x0000001e06b00000] [id=21232]
  0x000001f85e644270 GCTaskThread "GC Thread#3" [stack: 0x0000001e06b00000,0x0000001e06c00000] [id=11348]
  0x000001f85e6448d0 GCTaskThread "GC Thread#4" [stack: 0x0000001e06c00000,0x0000001e06d00000] [id=16848]
  0x000001f85e644c00 GCTaskThread "GC Thread#5" [stack: 0x0000001e06d00000,0x0000001e06e00000] [id=7884]
  0x000001f839b03db0 ConcurrentGCThread "G1 Main Marker" [stack: 0x0000001e04f00000,0x0000001e05000000] [id=17520]
  0x000001f839b050c0 ConcurrentGCThread "G1 Conc#0" [stack: 0x0000001e05000000,0x0000001e05100000] [id=12088]
  0x000001f839b5d810 ConcurrentGCThread "G1 Refine#0" [stack: 0x0000001e05100000,0x0000001e05200000] [id=11388]
  0x000001f839b5e390 ConcurrentGCThread "G1 Young RemSet Sampling" [stack: 0x0000001e05200000,0x0000001e05300000] [id=1072]

Threads with active compile tasks:

VM state: not at safepoint (normal execution)

VM Mutex/Monitor currently owned by a thread: None

Heap address: 0x0000000702800000, size: 4056 MB, Compressed Oops mode: Zero based, Oop shift amount: 3
CDS archive(s) mapped at: [0x0000000800000000-0x0000000800b50000-0x0000000800b50000), size 11862016, SharedBaseAddress: 0x0000000800000000, ArchiveRelocationMode: 0.
Compressed class space mapped at: 0x0000000800b50000-0x0000000840b50000, size: 1073741824
Narrow klass base: 0x0000000800000000, Narrow klass shift: 3, Narrow klass range: 0x100000000

GC Precious Log:
 CPUs: 16 total, 16 available
 Memory: 16218M
 Large Page Support: Disabled
 NUMA Support: Disabled
 Compressed Oops: Enabled (Zero based)
 Heap Region Size: 2M
 Heap Min Capacity: 8M
 Heap Initial Capacity: 254M
 Heap Max Capacity: 4056M
 Pre-touch: Disabled
 Parallel Workers: 13
 Concurrent Workers: 3
 Concurrent Refinement Workers: 13
 Periodic GC: Disabled

Heap:
 garbage-first heap   total 260096K, used 3289K [0x0000000702800000, 0x0000000800000000)
  region size 2048K, 3 young (6144K), 2 survivors (4096K)
 Metaspace       used 5564K, capacity 8474K, committed 8832K, reserved 1056768K
  class space    used 275K, capacity 571K, committed 640K, reserved 1048576K

Heap Regions: E=young(eden), S=young(survivor), O=old, HS=humongous(starts), HC=humongous(continues), CS=collection set, F=free, OA=open archive, CA=closed archive, TAMS=top-at-mark-start (previous, next)
|   0|0x0000000702800000, 0x0000000702800000, 0x0000000702a00000|  0%| F|  |TAMS 0x0000000702800000, 0x0000000702800000| Untracked 
|   1|0x0000000702a00000, 0x0000000702a00000, 0x0000000702c00000|  0%| F|  |TAMS 0x0000000702a00000, 0x0000000702a00000| Untracked 
|   2|0x0000000702c00000, 0x0000000702c00000, 0x0000000702e00000|  0%| F|  |TAMS 0x0000000702c00000, 0x0000000702c00000| Untracked 
|   3|0x0000000702e00000, 0x0000000702e00000, 0x0000000703000000|  0%| F|  |TAMS 0x0000000702e00000, 0x0000000702e00000| Untracked 
|   4|0x0000000703000000, 0x0000000703000000, 0x0000000703200000|  0%| F|  |TAMS 0x0000000703000000, 0x0000000703000000| Untracked 
|   5|0x0000000703200000, 0x0000000703200000, 0x0000000703400000|  0%| F|  |TAMS 0x0000000703200000, 0x0000000703200000| Untracked 
|   6|0x0000000703400000, 0x0000000703400000, 0x0000000703600000|  0%| F|  |TAMS 0x0000000703400000, 0x0000000703400000| Untracked 
|   7|0x0000000703600000, 0x0000000703600000, 0x0000000703800000|  0%| F|  |TAMS 0x0000000703600000, 0x0000000703600000| Untracked 
|   8|0x0000000703800000, 0x0000000703800000, 0x0000000703a00000|  0%| F|  |TAMS 0x0000000703800000, 0x0000000703800000| Untracked 
|   9|0x0000000703a00000, 0x0000000703a00000, 0x0000000703c00000|  0%| F|  |TAMS 0x0000000703a00000, 0x0000000703a00000| Untracked 
|  10|0x0000000703c00000, 0x0000000703c00000, 0x0000000703e00000|  0%| F|  |TAMS 0x0000000703c00000, 0x0000000703c00000| Untracked 
|  11|0x0000000703e00000, 0x0000000703e00000, 0x0000000704000000|  0%| F|  |TAMS 0x0000000703e00000, 0x0000000703e00000| Untracked 
|  12|0x0000000704000000, 0x0000000704000000, 0x0000000704200000|  0%| F|  |TAMS 0x0000000704000000, 0x0000000704000000| Untracked 
|  13|0x0000000704200000, 0x0000000704200000, 0x0000000704400000|  0%| F|  |TAMS 0x0000000704200000, 0x0000000704200000| Untracked 
|  14|0x0000000704400000, 0x0000000704400000, 0x0000000704600000|  0%| F|  |TAMS 0x0000000704400000, 0x0000000704400000| Untracked 
|  15|0x0000000704600000, 0x0000000704600000, 0x0000000704800000|  0%| F|  |TAMS 0x0000000704600000, 0x0000000704600000| Untracked 
|  16|0x0000000704800000, 0x0000000704800000, 0x0000000704a00000|  0%| F|  |TAMS 0x0000000704800000, 0x0000000704800000| Untracked 
|  17|0x0000000704a00000, 0x0000000704a00000, 0x0000000704c00000|  0%| F|  |TAMS 0x0000000704a00000, 0x0000000704a00000| Untracked 
|  18|0x0000000704c00000, 0x0000000704c00000, 0x0000000704e00000|  0%| F|  |TAMS 0x0000000704c00000, 0x0000000704c00000| Untracked 
|  19|0x0000000704e00000, 0x0000000704e00000, 0x0000000705000000|  0%| F|  |TAMS 0x0000000704e00000, 0x0000000704e00000| Untracked 
|  20|0x0000000705000000, 0x0000000705000000, 0x0000000705200000|  0%| F|  |TAMS 0x0000000705000000, 0x0000000705000000| Untracked 
|  21|0x0000000705200000, 0x0000000705200000, 0x0000000705400000|  0%| F|  |TAMS 0x0000000705200000, 0x0000000705200000| Untracked 
|  22|0x0000000705400000, 0x0000000705400000, 0x0000000705600000|  0%| F|  |TAMS 0x0000000705400000, 0x0000000705400000| Untracked 
|  23|0x0000000705600000, 0x0000000705600000, 0x0000000705800000|  0%| F|  |TAMS 0x0000000705600000, 0x0000000705600000| Untracked 
|  24|0x0000000705800000, 0x0000000705800000, 0x0000000705a00000|  0%| F|  |TAMS 0x0000000705800000, 0x0000000705800000| Untracked 
|  25|0x0000000705a00000, 0x0000000705a00000, 0x0000000705c00000|  0%| F|  |TAMS 0x0000000705a00000, 0x0000000705a00000| Untracked 
|  26|0x0000000705c00000, 0x0000000705c00000, 0x0000000705e00000|  0%| F|  |TAMS 0x0000000705c00000, 0x0000000705c00000| Untracked 
|  27|0x0000000705e00000, 0x0000000705e00000, 0x0000000706000000|  0%| F|  |TAMS 0x0000000705e00000, 0x0000000705e00000| Untracked 
|  28|0x0000000706000000, 0x0000000706000000, 0x0000000706200000|  0%| F|  |TAMS 0x0000000706000000, 0x0000000706000000| Untracked 
|  29|0x0000000706200000, 0x0000000706200000, 0x0000000706400000|  0%| F|  |TAMS 0x0000000706200000, 0x0000000706200000| Untracked 
|  30|0x0000000706400000, 0x0000000706400000, 0x0000000706600000|  0%| F|  |TAMS 0x0000000706400000, 0x0000000706400000| Untracked 
|  31|0x0000000706600000, 0x0000000706600000, 0x0000000706800000|  0%| F|  |TAMS 0x0000000706600000, 0x0000000706600000| Untracked 
|  32|0x0000000706800000, 0x0000000706800000, 0x0000000706a00000|  0%| F|  |TAMS 0x0000000706800000, 0x0000000706800000| Untracked 
|  33|0x0000000706a00000, 0x0000000706a00000, 0x0000000706c00000|  0%| F|  |TAMS 0x0000000706a00000, 0x0000000706a00000| Untracked 
|  34|0x0000000706c00000, 0x0000000706c00000, 0x0000000706e00000|  0%| F|  |TAMS 0x0000000706c00000, 0x0000000706c00000| Untracked 
|  35|0x0000000706e00000, 0x0000000706e00000, 0x0000000707000000|  0%| F|  |TAMS 0x0000000706e00000, 0x0000000706e00000| Untracked 
|  36|0x0000000707000000, 0x0000000707000000, 0x0000000707200000|  0%| F|  |TAMS 0x0000000707000000, 0x0000000707000000| Untracked 
|  37|0x0000000707200000, 0x0000000707200000, 0x0000000707400000|  0%| F|  |TAMS 0x0000000707200000, 0x0000000707200000| Untracked 
|  38|0x0000000707400000, 0x0000000707400000, 0x0000000707600000|  0%| F|  |TAMS 0x0000000707400000, 0x0000000707400000| Untracked 
|  39|0x0000000707600000, 0x0000000707600000, 0x0000000707800000|  0%| F|  |TAMS 0x0000000707600000, 0x0000000707600000| Untracked 
|  40|0x0000000707800000, 0x0000000707800000, 0x0000000707a00000|  0%| F|  |TAMS 0x0000000707800000, 0x0000000707800000| Untracked 
|  41|0x0000000707a00000, 0x0000000707a00000, 0x0000000707c00000|  0%| F|  |TAMS 0x0000000707a00000, 0x0000000707a00000| Untracked 
|  42|0x0000000707c00000, 0x0000000707c00000, 0x0000000707e00000|  0%| F|  |TAMS 0x0000000707c00000, 0x0000000707c00000| Untracked 
|  43|0x0000000707e00000, 0x0000000707e00000, 0x0000000708000000|  0%| F|  |TAMS 0x0000000707e00000, 0x0000000707e00000| Untracked 
|  44|0x0000000708000000, 0x0000000708000000, 0x0000000708200000|  0%| F|  |TAMS 0x0000000708000000, 0x0000000708000000| Untracked 
|  45|0x0000000708200000, 0x0000000708200000, 0x0000000708400000|  0%| F|  |TAMS 0x0000000708200000, 0x0000000708200000| Untracked 
|  46|0x0000000708400000, 0x0000000708400000, 0x0000000708600000|  0%| F|  |TAMS 0x0000000708400000, 0x0000000708400000| Untracked 
|  47|0x0000000708600000, 0x0000000708600000, 0x0000000708800000|  0%| F|  |TAMS 0x0000000708600000, 0x0000000708600000| Untracked 
|  48|0x0000000708800000, 0x0000000708800000, 0x0000000708a00000|  0%| F|  |TAMS 0x0000000708800000, 0x0000000708800000| Untracked 
|  49|0x0000000708a00000, 0x0000000708a00000, 0x0000000708c00000|  0%| F|  |TAMS 0x0000000708a00000, 0x0000000708a00000| Untracked 
|  50|0x0000000708c00000, 0x0000000708c00000, 0x0000000708e00000|  0%| F|  |TAMS 0x0000000708c00000, 0x0000000708c00000| Untracked 
|  51|0x0000000708e00000, 0x0000000708e00000, 0x0000000709000000|  0%| F|  |TAMS 0x0000000708e00000, 0x0000000708e00000| Untracked 
|  52|0x0000000709000000, 0x0000000709000000, 0x0000000709200000|  0%| F|  |TAMS 0x0000000709000000, 0x0000000709000000| Untracked 
|  53|0x0000000709200000, 0x0000000709200000, 0x0000000709400000|  0%| F|  |TAMS 0x0000000709200000, 0x0000000709200000| Untracked 
|  54|0x0000000709400000, 0x0000000709400000, 0x0000000709600000|  0%| F|  |TAMS 0x0000000709400000, 0x0000000709400000| Untracked 
|  55|0x0000000709600000, 0x0000000709600000, 0x0000000709800000|  0%| F|  |TAMS 0x0000000709600000, 0x0000000709600000| Untracked 
|  56|0x0000000709800000, 0x0000000709800000, 0x0000000709a00000|  0%| F|  |TAMS 0x0000000709800000, 0x0000000709800000| Untracked 
|  57|0x0000000709a00000, 0x0000000709a00000, 0x0000000709c00000|  0%| F|  |TAMS 0x0000000709a00000, 0x0000000709a00000| Untracked 
|  58|0x0000000709c00000, 0x0000000709c00000, 0x0000000709e00000|  0%| F|  |TAMS 0x0000000709c00000, 0x0000000709c00000| Untracked 
|  59|0x0000000709e00000, 0x0000000709e00000, 0x000000070a000000|  0%| F|  |TAMS 0x0000000709e00000, 0x0000000709e00000| Untracked 
|  60|0x000000070a000000, 0x000000070a000000, 0x000000070a200000|  0%| F|  |TAMS 0x000000070a000000, 0x000000070a000000| Untracked 
|  61|0x000000070a200000, 0x000000070a200000, 0x000000070a400000|  0%| F|  |TAMS 0x000000070a200000, 0x000000070a200000| Untracked 
|  62|0x000000070a400000, 0x000000070a400000, 0x000000070a600000|  0%| F|  |TAMS 0x000000070a400000, 0x000000070a400000| Untracked 
|  63|0x000000070a600000, 0x000000070a600000, 0x000000070a800000|  0%| F|  |TAMS 0x000000070a600000, 0x000000070a600000| Untracked 
|  64|0x000000070a800000, 0x000000070a800000, 0x000000070aa00000|  0%| F|  |TAMS 0x000000070a800000, 0x000000070a800000| Untracked 
|  65|0x000000070aa00000, 0x000000070aa00000, 0x000000070ac00000|  0%| F|  |TAMS 0x000000070aa00000, 0x000000070aa00000| Untracked 
|  66|0x000000070ac00000, 0x000000070ac00000, 0x000000070ae00000|  0%| F|  |TAMS 0x000000070ac00000, 0x000000070ac00000| Untracked 
|  67|0x000000070ae00000, 0x000000070ae00000, 0x000000070b000000|  0%| F|  |TAMS 0x000000070ae00000, 0x000000070ae00000| Untracked 
|  68|0x000000070b000000, 0x000000070b000000, 0x000000070b200000|  0%| F|  |TAMS 0x000000070b000000, 0x000000070b000000| Untracked 
|  69|0x000000070b200000, 0x000000070b200000, 0x000000070b400000|  0%| F|  |TAMS 0x000000070b200000, 0x000000070b200000| Untracked 
|  70|0x000000070b400000, 0x000000070b400000, 0x000000070b600000|  0%| F|  |TAMS 0x000000070b400000, 0x000000070b400000| Untracked 
|  71|0x000000070b600000, 0x000000070b600000, 0x000000070b800000|  0%| F|  |TAMS 0x000000070b600000, 0x000000070b600000| Untracked 
|  72|0x000000070b800000, 0x000000070b800000, 0x000000070ba00000|  0%| F|  |TAMS 0x000000070b800000, 0x000000070b800000| Untracked 
|  73|0x000000070ba00000, 0x000000070ba00000, 0x000000070bc00000|  0%| F|  |TAMS 0x000000070ba00000, 0x000000070ba00000| Untracked 
|  74|0x000000070bc00000, 0x000000070bc00000, 0x000000070be00000|  0%| F|  |TAMS 0x000000070bc00000, 0x000000070bc00000| Untracked 
|  75|0x000000070be00000, 0x000000070be00000, 0x000000070c000000|  0%| F|  |TAMS 0x000000070be00000, 0x000000070be00000| Untracked 
|  76|0x000000070c000000, 0x000000070c000000, 0x000000070c200000|  0%| F|  |TAMS 0x000000070c000000, 0x000000070c000000| Untracked 
|  77|0x000000070c200000, 0x000000070c200000, 0x000000070c400000|  0%| F|  |TAMS 0x000000070c200000, 0x000000070c200000| Untracked 
|  78|0x000000070c400000, 0x000000070c400000, 0x000000070c600000|  0%| F|  |TAMS 0x000000070c400000, 0x000000070c400000| Untracked 
|  79|0x000000070c600000, 0x000000070c600000, 0x000000070c800000|  0%| F|  |TAMS 0x000000070c600000, 0x000000070c600000| Untracked 
|  80|0x000000070c800000, 0x000000070c800000, 0x000000070ca00000|  0%| F|  |TAMS 0x000000070c800000, 0x000000070c800000| Untracked 
|  81|0x000000070ca00000, 0x000000070ca00000, 0x000000070cc00000|  0%| F|  |TAMS 0x000000070ca00000, 0x000000070ca00000| Untracked 
|  82|0x000000070cc00000, 0x000000070cc00000, 0x000000070ce00000|  0%| F|  |TAMS 0x000000070cc00000, 0x000000070cc00000| Untracked 
|  83|0x000000070ce00000, 0x000000070ce00000, 0x000000070d000000|  0%| F|  |TAMS 0x000000070ce00000, 0x000000070ce00000| Untracked 
|  84|0x000000070d000000, 0x000000070d000000, 0x000000070d200000|  0%| F|  |TAMS 0x000000070d000000, 0x000000070d000000| Untracked 
|  85|0x000000070d200000, 0x000000070d200000, 0x000000070d400000|  0%| F|  |TAMS 0x000000070d200000, 0x000000070d200000| Untracked 
|  86|0x000000070d400000, 0x000000070d400000, 0x000000070d600000|  0%| F|  |TAMS 0x000000070d400000, 0x000000070d400000| Untracked 
|  87|0x000000070d600000, 0x000000070d600000, 0x000000070d800000|  0%| F|  |TAMS 0x000000070d600000, 0x000000070d600000| Untracked 
|  88|0x000000070d800000, 0x000000070d800000, 0x000000070da00000|  0%| F|  |TAMS 0x000000070d800000, 0x000000070d800000| Untracked 
|  89|0x000000070da00000, 0x000000070da00000, 0x000000070dc00000|  0%| F|  |TAMS 0x000000070da00000, 0x000000070da00000| Untracked 
|  90|0x000000070dc00000, 0x000000070dc00000, 0x000000070de00000|  0%| F|  |TAMS 0x000000070dc00000, 0x000000070dc00000| Untracked 
|  91|0x000000070de00000, 0x000000070de00000, 0x000000070e000000|  0%| F|  |TAMS 0x000000070de00000, 0x000000070de00000| Untracked 
|  92|0x000000070e000000, 0x000000070e000000, 0x000000070e200000|  0%| F|  |TAMS 0x000000070e000000, 0x000000070e000000| Untracked 
|  93|0x000000070e200000, 0x000000070e200000, 0x000000070e400000|  0%| F|  |TAMS 0x000000070e200000, 0x000000070e200000| Untracked 
|  94|0x000000070e400000, 0x000000070e400000, 0x000000070e600000|  0%| F|  |TAMS 0x000000070e400000, 0x000000070e400000| Untracked 
|  95|0x000000070e600000, 0x000000070e600000, 0x000000070e800000|  0%| F|  |TAMS 0x000000070e600000, 0x000000070e600000| Untracked 
|  96|0x000000070e800000, 0x000000070e800000, 0x000000070ea00000|  0%| F|  |TAMS 0x000000070e800000, 0x000000070e800000| Untracked 
|  97|0x000000070ea00000, 0x000000070ea00000, 0x000000070ec00000|  0%| F|  |TAMS 0x000000070ea00000, 0x000000070ea00000| Untracked 
|  98|0x000000070ec00000, 0x000000070ec00000, 0x000000070ee00000|  0%| F|  |TAMS 0x000000070ec00000, 0x000000070ec00000| Untracked 
|  99|0x000000070ee00000, 0x000000070ee00000, 0x000000070f000000|  0%| F|  |TAMS 0x000000070ee00000, 0x000000070ee00000| Untracked 
| 100|0x000000070f000000, 0x000000070f000000, 0x000000070f200000|  0%| F|  |TAMS 0x000000070f000000, 0x000000070f000000| Untracked 
| 101|0x000000070f200000, 0x000000070f200000, 0x000000070f400000|  0%| F|  |TAMS 0x000000070f200000, 0x000000070f200000| Untracked 
| 102|0x000000070f400000, 0x000000070f400000, 0x000000070f600000|  0%| F|  |TAMS 0x000000070f400000, 0x000000070f400000| Untracked 
| 103|0x000000070f600000, 0x000000070f600000, 0x000000070f800000|  0%| F|  |TAMS 0x000000070f600000, 0x000000070f600000| Untracked 
| 104|0x000000070f800000, 0x000000070f800000, 0x000000070fa00000|  0%| F|  |TAMS 0x000000070f800000, 0x000000070f800000| Untracked 
| 105|0x000000070fa00000, 0x000000070fa00000, 0x000000070fc00000|  0%| F|  |TAMS 0x000000070fa00000, 0x000000070fa00000| Untracked 
| 106|0x000000070fc00000, 0x000000070fc00000, 0x000000070fe00000|  0%| F|  |TAMS 0x000000070fc00000, 0x000000070fc00000| Untracked 
| 107|0x000000070fe00000, 0x000000070fe00000, 0x0000000710000000|  0%| F|  |TAMS 0x000000070fe00000, 0x000000070fe00000| Untracked 
| 108|0x0000000710000000, 0x0000000710000000, 0x0000000710200000|  0%| F|  |TAMS 0x0000000710000000, 0x0000000710000000| Untracked 
| 109|0x0000000710200000, 0x0000000710200000, 0x0000000710400000|  0%| F|  |TAMS 0x0000000710200000, 0x0000000710200000| Untracked 
| 110|0x0000000710400000, 0x0000000710400000, 0x0000000710600000|  0%| F|  |TAMS 0x0000000710400000, 0x0000000710400000| Untracked 
| 111|0x0000000710600000, 0x0000000710600000, 0x0000000710800000|  0%| F|  |TAMS 0x0000000710600000, 0x0000000710600000| Untracked 
| 112|0x0000000710800000, 0x0000000710800000, 0x0000000710a00000|  0%| F|  |TAMS 0x0000000710800000, 0x0000000710800000| Untracked 
| 113|0x0000000710a00000, 0x0000000710a00000, 0x0000000710c00000|  0%| F|  |TAMS 0x0000000710a00000, 0x0000000710a00000| Untracked 
| 114|0x0000000710c00000, 0x0000000710d365d0, 0x0000000710e00000| 60%| S|CS|TAMS 0x0000000710c00000, 0x0000000710c00000| Complete 
| 115|0x0000000710e00000, 0x0000000711000000, 0x0000000711000000|100%| S|CS|TAMS 0x0000000710e00000, 0x0000000710e00000| Complete 
| 116|0x0000000711000000, 0x0000000711000000, 0x0000000711200000|  0%| F|  |TAMS 0x0000000711000000, 0x0000000711000000| Untracked 
| 117|0x0000000711200000, 0x0000000711200000, 0x0000000711400000|  0%| F|  |TAMS 0x0000000711200000, 0x0000000711200000| Untracked 
| 118|0x0000000711400000, 0x0000000711400000, 0x0000000711600000|  0%| F|  |TAMS 0x0000000711400000, 0x0000000711400000| Untracked 
| 119|0x0000000711600000, 0x0000000711600000, 0x0000000711800000|  0%| F|  |TAMS 0x0000000711600000, 0x0000000711600000| Untracked 
| 120|0x0000000711800000, 0x0000000711800000, 0x0000000711a00000|  0%| F|  |TAMS 0x0000000711800000, 0x0000000711800000| Untracked 
| 121|0x0000000711a00000, 0x0000000711a00000, 0x0000000711c00000|  0%| F|  |TAMS 0x0000000711a00000, 0x0000000711a00000| Untracked 
| 122|0x0000000711c00000, 0x0000000711c00000, 0x0000000711e00000|  0%| F|  |TAMS 0x0000000711c00000, 0x0000000711c00000| Untracked 
| 123|0x0000000711e00000, 0x0000000711e00000, 0x0000000712000000|  0%| F|  |TAMS 0x0000000711e00000, 0x0000000711e00000| Untracked 
| 124|0x0000000712000000, 0x0000000712000000, 0x0000000712200000|  0%| F|  |TAMS 0x0000000712000000, 0x0000000712000000| Untracked 
| 125|0x0000000712200000, 0x0000000712200000, 0x0000000712400000|  0%| F|  |TAMS 0x0000000712200000, 0x0000000712200000| Untracked 
| 126|0x0000000712400000, 0x0000000712400800, 0x0000000712600000|  0%| E|  |TAMS 0x0000000712400000, 0x0000000712400000| Complete 

Card table byte_map: [0x000001f851d30000,0x000001f852520000] _byte_map_base: 0x000001f84e51c000

Marking Bits (Prev, Next): (CMBitMap*) 0x000001f839af3500, (CMBitMap*) 0x000001f839af3540
 Prev Bits: [0x000001f852d10000, 0x000001f856c70000)
 Next Bits: [0x000001f856c70000, 0x000001f85abd0000)

Polling page: 0x000001f837a30000

Metaspace:

Usage:
  Non-class:      7.72 MB capacity,     5.17 MB ( 67%) used,     2.55 MB ( 33%) free+waste,     6.06 KB ( <1%) overhead. 
      Class:    571.00 KB capacity,   275.08 KB ( 48%) used,   294.11 KB ( 52%) free+waste,     1.81 KB ( <1%) overhead. 
       Both:      8.28 MB capacity,     5.43 MB ( 66%) used,     2.83 MB ( 34%) free+waste,     7.88 KB ( <1%) overhead. 

Virtual space:
  Non-class space:        8.00 MB reserved,       8.00 MB (100%) committed 
      Class space:        1.00 GB reserved,     640.00 KB ( <1%) committed 
             Both:        1.01 GB reserved,       8.63 MB ( <1%) committed 

Chunk freelists:
   Non-Class:  97.00 KB
       Class:  5.00 KB
        Both:  102.00 KB

MaxMetaspaceSize: 17179869184.00 GB
CompressedClassSpaceSize: 1.00 GB

CodeHeap 'non-profiled nmethods': size=119168Kb used=308Kb max_used=308Kb free=118859Kb
 bounds [0x000001f849860000, 0x000001f849ad0000, 0x000001f850cc0000]
CodeHeap 'profiled nmethods': size=119104Kb used=1523Kb max_used=1523Kb free=117580Kb
 bounds [0x000001f842410000, 0x000001f842680000, 0x000001f849860000]
CodeHeap 'non-nmethods': size=7488Kb used=3274Kb max_used=3302Kb free=4213Kb
 bounds [0x000001f841cc0000, 0x000001f842000000, 0x000001f842410000]
 total_blobs=1906 nmethods=934 adapters=882
 compilation: enabled
              stopped_count=0, restarted_count=0
 full_count=0

Compilation events (20 events):
Event: 0.725 Thread 0x000001f85db5e6f0  922       3       org.lwjgl.opengl.GL11C::glDrawElements (8 bytes)
Event: 0.725 Thread 0x000001f85e600250 nmethod 921 0x000001f842585690 code [0x000001f842585820, 0x000001f842585928]
Event: 0.726 Thread 0x000001f85db5e6f0 nmethod 922 0x000001f842585a10 code [0x000001f842585ba0, 0x000001f842585ca8]
Event: 0.726 Thread 0x000001f85e6198b0 nmethod 920 0x000001f842585d90 code [0x000001f842585f40, 0x000001f842586118]
Event: 0.738 Thread 0x000001f85f16dcc0  924       3       java.lang.ClassLoader::definePackage (85 bytes)
Event: 0.738 Thread 0x000001f85e6198b0  925       3       java.lang.Package::isSealed (26 bytes)
Event: 0.738 Thread 0x000001f85e600250  926       3       jdk.internal.loader.BuiltinClassLoader::isSealed (71 bytes)
Event: 0.738 Thread 0x000001f85e6198b0 nmethod 925 0x000001f842586290 code [0x000001f842586440, 0x000001f842586758]
Event: 0.739 Thread 0x000001f85f16dcc0 nmethod 924 0x000001f842586890 code [0x000001f842586b60, 0x000001f842587ad8]
Event: 0.740 Thread 0x000001f85e600250 nmethod 926 0x000001f842587f90 code [0x000001f842588380, 0x000001f842589d98]
Event: 0.822 Thread 0x000001f864e73cd0  927       4       Square::render (21 bytes)
Event: 0.822 Thread 0x000001f864f94650  928       4       org.lwjgl.opengl.GL11::glDrawElements (8 bytes)
Event: 0.823 Thread 0x000001f864f94650 nmethod 928 0x000001f8498ab410 code [0x000001f8498ab5a0, 0x000001f8498ab608]
Event: 0.823 Thread 0x000001f864e73cd0 nmethod 927 0x000001f8498ab710 code [0x000001f8498ab8a0, 0x000001f8498ab958]
Event: 0.870 Thread 0x000001f85db5e6f0  929 %     3       Main::main @ 150 (204 bytes)
Event: 0.871 Thread 0x000001f85db5e6f0 nmethod 929% 0x000001f84258a790 code [0x000001f84258aa80, 0x000001f84258b6a8]
Event: 0.879 Thread 0x000001f85db5e6f0  930       3       Main::main (204 bytes)
Event: 0.879 Thread 0x000001f85db5e6f0 nmethod 930 0x000001f84258bd10 code [0x000001f84258bfe0, 0x000001f84258c9c8]
Event: 0.945 Thread 0x000001f85db5d000  931 %     4       Main::main @ 150 (204 bytes)
Event: 0.948 Thread 0x000001f85db5d000 nmethod 931% 0x000001f8498aba90 code [0x000001f8498abca0, 0x000001f8498ac0d0]

GC Heap History (2 events):
Event: 5.121 GC heap before
{Heap before GC invocations=0 (full 0):
 garbage-first heap   total 260096K, used 20480K [0x0000000702800000, 0x0000000800000000)
  region size 2048K, 11 young (22528K), 0 survivors (0K)
 Metaspace       used 5564K, capacity 8474K, committed 8832K, reserved 1056768K
  class space    used 275K, capacity 571K, committed 640K, reserved 1048576K
}
Event: 5.126 GC heap after
{Heap after GC invocations=1 (full 0):
 garbage-first heap   total 260096K, used 3289K [0x0000000702800000, 0x0000000800000000)
  region size 2048K, 2 young (4096K), 2 survivors (4096K)
 Metaspace       used 5564K, capacity 8474K, committed 8832K, reserved 1056768K
  class space    used 275K, capacity 571K, committed 640K, reserved 1048576K
}

Deoptimization events (20 events):
Event: 0.040 Thread 0x000001f839a9d960 Uncommon trap: trap_request=0xffffff45 fr.pc=0x000001f84986453c relative=0x000000000000021c
Event: 0.040 Thread 0x000001f839a9d960 Uncommon trap: reason=unstable_if action=reinterpret pc=0x000001f84986453c method=java.lang.String.hashCode()I @ 13 c2
Event: 0.040 Thread 0x000001f839a9d960 DEOPT PACKING pc=0x000001f84986453c sp=0x0000001e04dfe5b0
Event: 0.040 Thread 0x000001f839a9d960 DEOPT UNPACKING pc=0x000001f841d0e42f sp=0x0000001e04dfe540 mode 2
Event: 0.093 Thread 0x000001f839a9d960 Uncommon trap: trap_request=0xffffff45 fr.pc=0x000001f849869560 relative=0x0000000000000060
Event: 0.093 Thread 0x000001f839a9d960 Uncommon trap: reason=unstable_if action=reinterpret pc=0x000001f849869560 method=java.io.WinNTFileSystem.isSlash(C)Z @ 9 c2
Event: 0.093 Thread 0x000001f839a9d960 DEOPT PACKING pc=0x000001f849869560 sp=0x0000001e04dfcd60
Event: 0.093 Thread 0x000001f839a9d960 DEOPT UNPACKING pc=0x000001f841d0e42f sp=0x0000001e04dfcce8 mode 2
Event: 0.510 Thread 0x000001f839a9d960 DEOPT PACKING pc=0x000001f84244dfdf sp=0x0000001e04dfde10
Event: 0.510 Thread 0x000001f839a9d960 DEOPT UNPACKING pc=0x000001f841d0e23f sp=0x0000001e04dfd260 mode 0
Event: 0.885 Thread 0x000001f839a9d960 DEOPT PACKING pc=0x000001f84258b4bf sp=0x0000001e04dff740
Event: 0.885 Thread 0x000001f839a9d960 DEOPT UNPACKING pc=0x000001f841d0e23f sp=0x0000001e04dfec58 mode 0
Event: 0.916 Thread 0x000001f839a9d960 DEOPT PACKING pc=0x000001f84258b4bf sp=0x0000001e04dff740
Event: 0.916 Thread 0x000001f839a9d960 DEOPT UNPACKING pc=0x000001f841d0e23f sp=0x0000001e04dfec58 mode 0
Event: 0.930 Thread 0x000001f839a9d960 DEOPT PACKING pc=0x000001f84258b4bf sp=0x0000001e04dff740
Event: 0.930 Thread 0x000001f839a9d960 DEOPT UNPACKING pc=0x000001f841d0e23f sp=0x0000001e04dfec58 mode 0
Event: 0.944 Thread 0x000001f839a9d960 DEOPT PACKING pc=0x000001f84258b4bf sp=0x0000001e04dff740
Event: 0.945 Thread 0x000001f839a9d960 DEOPT UNPACKING pc=0x000001f841d0e23f sp=0x0000001e04dfec58 mode 0
Event: 0.952 Thread 0x000001f839a9d960 DEOPT PACKING pc=0x000001f84258b4bf sp=0x0000001e04dff740
Event: 0.952 Thread 0x000001f839a9d960 DEOPT UNPACKING pc=0x000001f841d0e23f sp=0x0000001e04dfec58 mode 0

Classes unloaded (0 events):
No events

Classes redefined (0 events):
No events

Internal exceptions (16 events):
Event: 0.078 Thread 0x000001f839a9d960 Exception <a 'java/lang/NoSuchMethodError'{0x00000007123bb2d0}: 'void java.lang.invoke.DirectMethodHandle$Holder.invokeStatic(java.lang.Object, java.lang.Object)'> (0x00000007123bb2d0) 
thrown [./open/src/hotspot/share/interpreter/linkResolver.cpp, line 782]
Event: 0.078 Thread 0x000001f839a9d960 Exception <a 'java/lang/NoSuchMethodError'{0x00000007123c0dc8}: 'void java.lang.invoke.DirectMethodHandle$Holder.invokeSpecial(java.lang.Object, java.lang.Object, java.lang.Object)'> (0x00000007123c0dc8) 
thrown [./open/src/hotspot/share/interpreter/linkResolver.cpp, line 782]
Event: 0.081 Thread 0x000001f839a9d960 Exception <a 'java/lang/NoSuchMethodError'{0x00000007123d5a38}: 'java.lang.Object java.lang.invoke.DirectMethodHandle$Holder.invokeStatic(java.lang.Object, java.lang.Object, int)'> (0x00000007123d5a38) 
thrown [./open/src/hotspot/share/interpreter/linkResolver.cpp, line 782]
Event: 0.081 Thread 0x000001f839a9d960 Exception <a 'java/lang/NoSuchMethodError'{0x0000000712009998}: 'void java.lang.invoke.DelegatingMethodHandle$Holder.delegate(java.lang.Object, java.lang.Object, int, java.lang.Object)'> (0x0000000712009998) 
thrown [./open/src/hotspot/share/interpreter/linkResolver.cpp, line 782]
Event: 0.082 Thread 0x000001f839a9d960 Exception <a 'java/lang/NoSuchMethodError'{0x000000071200dce0}: 'int java.lang.invoke.DirectMethodHandle$Holder.invokeSpecial(java.lang.Object, java.lang.Object, java.lang.Object)'> (0x000000071200dce0) 
thrown [./open/src/hotspot/share/interpreter/linkResolver.cpp, line 782]
Event: 0.105 Thread 0x000001f839a9d960 Exception <a 'sun/nio/fs/WindowsException'{0x00000007120c1ff0}> (0x00000007120c1ff0) 
thrown [./open/src/hotspot/share/prims/jni.cpp, line 578]
Event: 0.105 Thread 0x000001f839a9d960 Exception <a 'sun/nio/fs/WindowsException'{0x00000007120c2548}> (0x00000007120c2548) 
thrown [./open/src/hotspot/share/prims/jni.cpp, line 578]
Event: 0.110 Thread 0x000001f839a9d960 Exception <a 'sun/nio/fs/WindowsException'{0x00000007120df5c0}> (0x00000007120df5c0) 
thrown [./open/src/hotspot/share/prims/jni.cpp, line 578]
Event: 0.110 Thread 0x000001f839a9d960 Exception <a 'sun/nio/fs/WindowsException'{0x00000007120df930}> (0x00000007120df930) 
thrown [./open/src/hotspot/share/prims/jni.cpp, line 578]
Event: 0.113 Thread 0x000001f839a9d960 Exception <a 'java/lang/NoSuchMethodError'{0x000000071211c260}: 'java.lang.Object java.lang.invoke.DirectMethodHandle$Holder.invokeStatic(java.lang.Object)'> (0x000000071211c260) 
thrown [./open/src/hotspot/share/interpreter/linkResolver.cpp, line 782]
Event: 0.114 Thread 0x000001f839a9d960 Exception <a 'java/lang/NoSuchMethodError'{0x000000071211f8d0}: 'java.lang.Object java.lang.invoke.DirectMethodHandle$Holder.invokeStaticInit(java.lang.Object)'> (0x000000071211f8d0) 
thrown [./open/src/hotspot/share/interpreter/linkResolver.cpp, line 782]
Event: 0.432 Thread 0x000001f839a9d960 Exception <a 'sun/nio/fs/WindowsException'{0x00000007121f1220}> (0x00000007121f1220) 
thrown [./open/src/hotspot/share/prims/jni.cpp, line 578]
Event: 0.432 Thread 0x000001f839a9d960 Exception <a 'sun/nio/fs/WindowsException'{0x00000007121f15d0}> (0x00000007121f15d0) 
thrown [./open/src/hotspot/share/prims/jni.cpp, line 578]
Event: 0.434 Thread 0x000001f839a9d960 Exception <a 'sun/nio/fs/WindowsException'{0x0000000711e00b20}> (0x0000000711e00b20) 
thrown [./open/src/hotspot/share/prims/jni.cpp, line 578]
Event: 0.434 Thread 0x000001f839a9d960 Exception <a 'sun/nio/fs/WindowsException'{0x0000000711e00e08}> (0x0000000711e00e08) 
thrown [./open/src/hotspot/share/prims/jni.cpp, line 578]
Event: 0.546 Thread 0x000001f839a9d960 Exception <a 'java/lang/NoSuchMethodError'{0x00000007119fd2d8}: 'void java.lang.invoke.DirectMethodHandle$Holder.invokeStatic(java.lang.Object, long, int, int)'> (0x00000007119fd2d8) 
thrown [./open/src/hotspot/share/interpreter/linkResolver.cpp, line 782]

Events (20 events):
Event: 0.608 Loaded shared library C:\Users\mikul\AppData\Local\Temp\lwjglmikul\3.2.3-build-13\lwjgl_opengl.dll
Event: 0.610 Loaded shared library C:\Users\mikul\AppData\Local\Temp\lwjglmikul\3.2.3-build-13\lwjgl_opengl.dll
Event: 0.612 Loaded shared library C:\Users\mikul\AppData\Local\Temp\lwjglmikul\3.2.3-build-13\lwjgl_opengl.dll
Event: 0.613 Loaded shared library C:\Users\mikul\AppData\Local\Temp\lwjglmikul\3.2.3-build-13\lwjgl.dll
Event: 0.623 loading class jdk/internal/access/foreign/MemorySegmentProxy
Event: 0.623 loading class jdk/internal/access/foreign/MemorySegmentProxy done
Event: 0.650 Thread 0x000001f864f94650 Thread added: 0x000001f864f94650
Event: 0.650 Thread 0x000001f864e73cd0 Thread added: 0x000001f864e73cd0
Event: 0.727 Loaded shared library C:\Users\mikul\AppData\Local\Temp\lwjglmikul\3.2.3-build-13\lwjgl_opengl.dll
Event: 0.945 Thread 0x000001f864e73cd0 Thread exited: 0x000001f864e73cd0
Event: 0.945 Thread 0x000001f864f94650 Thread exited: 0x000001f864f94650
Event: 1.439 Executing VM operation: HandshakeAllThreads
Event: 1.439 Executing VM operation: HandshakeAllThreads done
Event: 5.032 Loaded shared library C:\Users\mikul\AppData\Local\Temp\lwjglmikul\3.2.3-build-13\lwjgl.dll
Event: 5.075 Loaded shared library C:\Users\mikul\AppData\Local\Temp\lwjglmikul\3.2.3-build-13\lwjgl.dll
Event: 5.076 Loaded shared library C:\Users\mikul\AppData\Local\Temp\lwjglmikul\3.2.3-build-13\lwjgl.dll
Event: 5.121 Thread 0x000001f839a9d960 Thread exited: 0x000001f839a9d960
Event: 5.121 Thread 0x000001f839a9d960 Thread added: 0x000001f839a9d960
Event: 5.121 Executing VM operation: G1CollectForAllocation
Event: 5.126 Executing VM operation: G1CollectForAllocation done


Dynamic libraries:
0x00007ff7d2e40000 - 0x00007ff7d2e4f000 	C:\Program Files\Java\jdk-15.0.2\bin\java.exe
0x00007ffa7e000000 - 0x00007ffa7e1f0000 	C:\Windows\SYSTEM32\ntdll.dll
0x00007ffa3a6e0000 - 0x00007ffa3a6f2000 	C:\Program Files\Avast Software\Avast\aswhook.dll
0x00007ffa7cf00000 - 0x00007ffa7cfb2000 	C:\Windows\System32\KERNEL32.DLL
0x00007ffa7bad0000 - 0x00007ffa7bd75000 	C:\Windows\System32\KERNELBASE.dll
0x00007ffa7b150000 - 0x00007ffa7b24a000 	C:\Windows\System32\ucrtbase.dll
0x00007ffa69220000 - 0x00007ffa69238000 	C:\Program Files\Java\jdk-15.0.2\bin\jli.dll
0x00007ffa66f20000 - 0x00007ffa66f39000 	C:\Program Files\Java\jdk-15.0.2\bin\VCRUNTIME140.dll
0x00007ffa7d2f0000 - 0x00007ffa7d393000 	C:\Windows\System32\ADVAPI32.dll
0x00007ffa7c460000 - 0x00007ffa7c4fe000 	C:\Windows\System32\msvcrt.dll
0x00007ffa7c310000 - 0x00007ffa7c3a7000 	C:\Windows\System32\sechost.dll
0x00007ffa7c1f0000 - 0x00007ffa7c30f000 	C:\Windows\System32\RPCRT4.dll
0x00007ffa7cd60000 - 0x00007ffa7cef4000 	C:\Windows\System32\USER32.dll
0x00007ffa7bd80000 - 0x00007ffa7bda1000 	C:\Windows\System32\win32u.dll
0x00007ffa61610000 - 0x00007ffa61894000 	C:\Windows\WinSxS\amd64_microsoft.windows.common-controls_6595b64144ccf1df_6.0.18362.1440_none_9e7dbfb9e45e8e67\COMCTL32.dll
0x00007ffa7da50000 - 0x00007ffa7da76000 	C:\Windows\System32\GDI32.dll
0x00007ffa7d3a0000 - 0x00007ffa7d6d6000 	C:\Windows\System32\combase.dll
0x00007ffa7bf10000 - 0x00007ffa7c0a8000 	C:\Windows\System32\gdi32full.dll
0x00007ffa7b070000 - 0x00007ffa7b0f1000 	C:\Windows\System32\bcryptPrimitives.dll
0x00007ffa7b9d0000 - 0x00007ffa7ba6e000 	C:\Windows\System32\msvcp_win.dll
0x00007ffa75520000 - 0x00007ffa7552a000 	C:\Windows\SYSTEM32\VERSION.dll
0x00007ffa7c500000 - 0x00007ffa7c52e000 	C:\Windows\System32\IMM32.DLL
0x00007ffa789a0000 - 0x00007ffa789ac000 	C:\Program Files\Java\jdk-15.0.2\bin\vcruntime140_1.dll
0x00007ffa3b970000 - 0x00007ffa3ba01000 	C:\Program Files\Java\jdk-15.0.2\bin\msvcp140.dll
0x00007ff9fd580000 - 0x00007ff9fe0de000 	C:\Program Files\Java\jdk-15.0.2\bin\server\jvm.dll
0x00007ffa7da30000 - 0x00007ffa7da38000 	C:\Windows\System32\PSAPI.DLL
0x00007ffa68f50000 - 0x00007ffa68f59000 	C:\Windows\SYSTEM32\WSOCK32.dll
0x00007ffa78bc0000 - 0x00007ffa78be4000 	C:\Windows\SYSTEM32\WINMM.dll
0x00007ffa7d200000 - 0x00007ffa7d26f000 	C:\Windows\System32\WS2_32.dll
0x00007ffa78b90000 - 0x00007ffa78bbd000 	C:\Windows\SYSTEM32\winmmbase.dll
0x00007ffa7af70000 - 0x00007ffa7afba000 	C:\Windows\System32\cfgmgr32.dll
0x00007ffa7aec0000 - 0x00007ffa7aed1000 	C:\Windows\System32\kernel.appcore.dll
0x00007ffa788f0000 - 0x00007ffa788fa000 	C:\Program Files\Java\jdk-15.0.2\bin\jimage.dll
0x00007ffa79850000 - 0x00007ffa79a44000 	C:\Windows\SYSTEM32\DBGHELP.DLL
0x00007ffa72190000 - 0x00007ffa721ba000 	C:\Windows\SYSTEM32\dbgcore.DLL
0x00007ffa55350000 - 0x00007ffa55375000 	C:\Program Files\Java\jdk-15.0.2\bin\java.dll
0x00007ffa7c530000 - 0x00007ffa7cc18000 	C:\Windows\System32\SHELL32.dll
0x00007ffa7c3b0000 - 0x00007ffa7c457000 	C:\Windows\System32\shcore.dll
0x00007ffa7b250000 - 0x00007ffa7b9cb000 	C:\Windows\System32\windows.storage.dll
0x00007ffa7af00000 - 0x00007ffa7af1e000 	C:\Windows\System32\profapi.dll
0x00007ffa7af20000 - 0x00007ffa7af6a000 	C:\Windows\System32\powrprof.dll
0x00007ffa7aeb0000 - 0x00007ffa7aec0000 	C:\Windows\System32\UMPDC.dll
0x00007ffa7d190000 - 0x00007ffa7d1e2000 	C:\Windows\System32\shlwapi.dll
0x00007ffa7b100000 - 0x00007ffa7b117000 	C:\Windows\System32\cryptsp.dll
0x00007ffa65460000 - 0x00007ffa65479000 	C:\Program Files\Java\jdk-15.0.2\bin\net.dll
0x00007ffa6c630000 - 0x00007ffa6c72a000 	C:\Windows\SYSTEM32\WINHTTP.dll
0x00007ffa7a6f0000 - 0x00007ffa7a757000 	C:\Windows\system32\mswsock.dll
0x00007ffa54500000 - 0x00007ffa54512000 	C:\Program Files\Java\jdk-15.0.2\bin\nio.dll
0x00007ffa53fa0000 - 0x00007ffa53fb8000 	C:\Program Files\Java\jdk-15.0.2\bin\zip.dll
0x00007ffa57610000 - 0x00007ffa57674000 	C:\Users\mikul\AppData\Local\Temp\lwjglmikul\3.2.3-build-13\lwjgl.dll
0x00007ffa53f30000 - 0x00007ffa53f92000 	C:\Users\mikul\AppData\Local\Temp\lwjglmikul\3.2.3-build-13\glfw.dll
0x00007ffa78e10000 - 0x00007ffa78ea9000 	C:\Windows\system32\uxtheme.dll
0x00007ffa7ac90000 - 0x00007ffa7acba000 	C:\Windows\SYSTEM32\DEVOBJ.dll
0x00007ffa79320000 - 0x00007ffa7934d000 	C:\Windows\SYSTEM32\dwmapi.dll
0x00007ffa5d440000 - 0x00007ffa5d55c000 	C:\Windows\SYSTEM32\inputhost.dll
0x00007ffa782c0000 - 0x00007ffa78394000 	C:\Windows\SYSTEM32\CoreMessaging.dll
0x00007ffa759f0000 - 0x00007ffa75d1a000 	C:\Windows\SYSTEM32\CoreUIComponents.dll
0x00007ffa771f0000 - 0x00007ffa772e0000 	C:\Windows\SYSTEM32\PROPSYS.dll
0x00007ffa768a0000 - 0x00007ffa769f2000 	C:\Windows\SYSTEM32\wintypes.dll
0x00007ffa7d6e0000 - 0x00007ffa7d7a5000 	C:\Windows\System32\OLEAUT32.dll
0x00007ffa79ef0000 - 0x00007ffa79f21000 	C:\Windows\SYSTEM32\ntmarta.dll
0x00007ffa7c0b0000 - 0x00007ffa7c1e5000 	C:\Windows\System32\MSCTF.dll
0x00007ffa7da80000 - 0x00007ffa7def0000 	C:\Windows\System32\SETUPAPI.DLL
0x00007ffa7b120000 - 0x00007ffa7b146000 	C:\Windows\System32\bcrypt.dll
0x00007ffa7ba70000 - 0x00007ffa7bacc000 	C:\Windows\System32\WINTRUST.dll
0x00007ffa7aee0000 - 0x00007ffa7aef2000 	C:\Windows\System32\MSASN1.dll
0x00007ffa7bdb0000 - 0x00007ffa7bf01000 	C:\Windows\System32\CRYPT32.dll
0x00007ffa56710000 - 0x00007ffa56866000 	C:\Windows\SYSTEM32\opengl32.dll
0x00007ffa59ae0000 - 0x00007ffa59b0c000 	C:\Windows\SYSTEM32\GLU32.dll
0x00007ffa79b60000 - 0x00007ffa79b80000 	C:\Windows\SYSTEM32\dxcore.dll
0x00007ff9f8ba0000 - 0x00007ff9fb7ab000 	C:\Windows\System32\DriverStore\FileRepository\nvlt.inf_amd64_5015fe8a67ed5962\nvoglv64.dll
0x00007ffa7d820000 - 0x00007ffa7d977000 	C:\Windows\System32\ole32.dll
0x00007ffa77340000 - 0x00007ffa77353000 	C:\Windows\SYSTEM32\WTSAPI32.dll
0x00007ffa73ed0000 - 0x00007ffa73eff000 	C:\Windows\SYSTEM32\cryptnet.dll
0x00007ffa7a8c0000 - 0x00007ffa7a8cc000 	C:\Windows\SYSTEM32\cryptbase.dll
0x00007ffa2e360000 - 0x00007ffa2e617000 	C:\Windows\system32\nvspcap64.dll
0x00007ffa79f60000 - 0x00007ffa79fb6000 	C:\Windows\SYSTEM32\WINSTA.dll
0x00007ffa65910000 - 0x00007ffa659ad000 	C:\Windows\System32\TextInputFramework.dll
0x00007ffa6bdc0000 - 0x00007ffa6c067000 	C:\Windows\System32\iertutil.dll
0x00007ffa33dd0000 - 0x00007ffa33e29000 	C:\Users\mikul\AppData\Local\Temp\lwjglmikul\3.2.3-build-13\lwjgl_opengl.dll

dbghelp: loaded successfully - version: 4.0.5 - missing functions: none
symbol engine: initialized successfully - sym options: 0x614 - pdb path: .;C:\Program Files\Java\jdk-15.0.2\bin;C:\Windows\SYSTEM32;C:\Program Files\Avast Software\Avast;C:\Windows\WinSxS\amd64_microsoft.windows.common-controls_6595b64144ccf1df_6.0.18362.1440_none_9e7dbfb9e45e8e67;C:\Program Files\Java\jdk-15.0.2\bin\server;C:\Users\mikul\AppData\Local\Temp\lwjglmikul\3.2.3-build-13;C:\Windows\System32\DriverStore\FileRepository\nvlt.inf_amd64_5015fe8a67ed5962

VM Arguments:
jvm_args: -Dfile.encoding=windows-1252 -Duser.country=US -Duser.language=en -Duser.variant 
java_command: Main
java_class_path (initial): C:\Users\mikul\IdeaProjects\OpenGLMaze\build\classes\java\main;C:\Users\mikul\IdeaProjects\OpenGLMaze\build\resources\main;C:\Users\mikul\.gradle\caches\modules-2\files-2.1\org.lwjgl\lwjgl-assimp\3.2.3\f62aa07a20afbdd3097efc296c4841e0d29700eb\lwjgl-assimp-3.2.3.jar;C:\Users\mikul\.gradle\caches\modules-2\files-2.1\org.lwjgl\lwjgl-assimp\3.2.3\4e60aeb75f0343c4a9ede4ef8b6b32ca702a00a3\lwjgl-assimp-3.2.3-natives-windows.jar;C:\Users\mikul\.gradle\caches\modules-2\files-2.1\org.lwjgl\lwjgl-bgfx\3.2.3\433883c4040fa8df47244dffa1d42c96ce2143de\lwjgl-bgfx-3.2.3.jar;C:\Users\mikul\.gradle\caches\modules-2\files-2.1\org.lwjgl\lwjgl-bgfx\3.2.3\f589da97dd3cfa96f42c8c812a0a028cf28223b8\lwjgl-bgfx-3.2.3-natives-windows.jar;C:\Users\mikul\.gradle\caches\modules-2\files-2.1\org.lwjgl\lwjgl-glfw\3.2.3\5e520d5c290c8b012545a8d34fa5db5ab051ea53\lwjgl-glfw-3.2.3.jar;C:\Users\mikul\.gradle\caches\modules-2\files-2.1\org.lwjgl\lwjgl-glfw\3.2.3\b4d8a3477cdc2edcf7a5f1e822926be846223f54\lwjgl-glfw-3.2.3-natives-windows.jar;C:\Users\mikul\.gradle\caches\modules-2\files-2.1\org.lwjgl\lwjgl-nanovg\3.2.3\718be4a13691d1cd276fa852326e9e837d65204e\lwjgl-nanovg-3.2.3.jar;C:\Users\mikul\.gradle\caches\modules-2\files-2.1\org.lwjgl\lwjgl-nanovg\3.2.3\2fbe5c2849bcf182ba3c6c09828f032a64cd47ec\lwjgl-nanovg-3.2.3-natives-windows.jar;C:\Users\mikul\.gradle\caches\modules-2\files-2.1\org.lwjgl\lwjgl-nuklear\3.2.3\45bfab23e975201bf3cb81287be6034adec64a86\lwjgl-nuklear-3.2.3.jar;C:\Users\mikul\.gradle\caches\modules-2\files-2.1\org.lwjgl\lwjgl-nuklear\3.2.3\ccb63f09670e43e58969b567ef42e02275be555a\lwjgl-nuklear-3.2.3-natives-windows.jar;C:\Users\mikul\.gradle\caches\modules-2\files-2.1\org.lwjgl\lwjgl-openal\3.2.3\106742e805803ab9eab8e343f0fb31a3d263903c\lwjgl-openal-3.2.3.jar;C:\Users\mikul\.gradle\caches\modules-2\files-2.1\org.lwjgl\lwjgl-openal\3.2.3\ec898e8ce11b5886f4f532a1536283ef2817758d\lwjgl-openal-3.2.3-natives-windows.jar;C:\Users\mikul\.gradle\caches\modules-2\files-2.
Launcher Type: SUN_STANDARD

[Global flags]
     intx CICompilerCount                          = 12                                        {product} {ergonomic}
     uint ConcGCThreads                            = 3                                         {product} {ergonomic}
     uint G1ConcRefinementThreads                  = 13                                        {product} {ergonomic}
   size_t G1HeapRegionSize                         = 2097152                                   {product} {ergonomic}
    uintx GCDrainStackTargetSize                   = 64                                        {product} {ergonomic}
   size_t InitialHeapSize                          = 266338304                                 {product} {ergonomic}
   size_t MarkStackSize                            = 4194304                                   {product} {ergonomic}
   size_t MaxHeapSize                              = 4253024256                                {product} {ergonomic}
   size_t MaxNewSize                               = 2550136832                                {product} {ergonomic}
   size_t MinHeapDeltaBytes                        = 2097152                                   {product} {ergonomic}
   size_t MinHeapSize                              = 8388608                                   {product} {ergonomic}
    uintx NonNMethodCodeHeapSize                   = 7602480                                {pd product} {ergonomic}
    uintx NonProfiledCodeHeapSize                  = 122027880                              {pd product} {ergonomic}
    uintx ProfiledCodeHeapSize                     = 122027880                              {pd product} {ergonomic}
    uintx ReservedCodeCacheSize                    = 251658240                              {pd product} {ergonomic}
     bool SegmentedCodeCache                       = true                                      {product} {ergonomic}
   size_t SoftMaxHeapSize                          = 4253024256                             {manageable} {ergonomic}
     bool UseCompressedClassPointers               = true                                 {lp64_product} {ergonomic}
     bool UseCompressedOops                        = true                                 {lp64_product} {ergonomic}
     bool UseG1GC                                  = true                                      {product} {ergonomic}
     bool UseLargePagesIndividualAllocation        = false                                  {pd product} {ergonomic}

Logging:
Log output configuration:
 #0: stdout all=warning uptime,level,tags
 #1: stderr all=off uptime,level,tags

Environment Variables:
PATH=C:\Program Files\Common Files\Oracle\Java\javapath;C:\Python39\Scripts\;C:\Python39\;C:\Windows\system32;C:\Windows;C:\Windows\System32\Wbem;C:\Windows\System32\WindowsPowerShell\v1.0\;C:\Windows\System32\OpenSSH\;C:\Program Files (x86)\NVIDIA Corporation\PhysX\Common;C:\Program Files\NVIDIA Corporation\NVIDIA NvDLISR;C:\Program Files\nodejs\;C:\ProgramData\chocolatey\bin;C:\Program Files\Git\cmd;C:\Users\mikul\AppData\Local\Microsoft\WindowsApps;C:\Users\mikul\AppData\Roaming\npm;C:\Users\mikul\AppData\Local\GitHubDesktop\bin;C:\Program Files\JetBrains\IntelliJ IDEA 2020.3.2\bin;
USERNAME=mikul
OS=Windows_NT
PROCESSOR_IDENTIFIER=Intel64 Family 6 Model 165 Stepping 2, GenuineIntel



---------------  S Y S T E M  ---------------

OS:
 Windows 10 , 64 bit Build 18362 (10.0.18362.1350)
OS uptime: 0 days 1:48 hours

CPU: total 16 (initial active 16) (8 cores per cpu, 2 threads per core) family 6 model 165 stepping 2 microcode 0xc8, cmov, cx8, fxsr, mmx, sse, sse2, sse3, ssse3, sse4.1, sse4.2, popcnt, vzeroupper, avx, avx2, aes, clmul, erms, 3dnowpref, lzcnt, ht, tsc, tscinvbit, bmi1, bmi2, adx, fma, clflush, clflushopt

Memory: 4k page, system-wide physical 16218M (6561M free)
TotalPageFile size 21082M (AvailPageFile size 6008M)
current process WorkingSet (physical memory assigned to process): 105M, peak: 153M
current process commit charge ("private bytes"): 422M, peak: 473M

vm_info: Java HotSpot(TM) 64-Bit Server VM (15.0.2+7-27) for windows-amd64 JRE (15.0.2+7-27), built on Dec  7 2020 20:07:01 by "mach5one" with unknown MS VC++:1925

END.
